--------------- Build Started: 03/21/2024 12:52:32 Project: DCMotor, Configuration: ARM GCC 5.4-2016-q2-update Debug ---------------
cydsfit.exe -.appdatapath "C:\Users\oars0\AppData\Local\Cypress Semiconductor\PSoC Creator\4.4" -.fdsnotice -.fdswarpdepfile=warp_dependencies.txt -.fdselabdepfile=elab_dependencies.txt -.fdsbldfile=generated_files.txt -.fdsreffile=referenced_files.txt -p C:\Users\oars0\Documents\GitHub\Interfacing_Lab\Lab_3_motors\PSOC_Creator\JoystickDCMotor\DCMotor.cydsn\DCMotor.cyprj -d CY8C5888LTI-LP097 -s C:\Users\oars0\Documents\GitHub\Interfacing_Lab\Lab_3_motors\PSOC_Creator\JoystickDCMotor\DCMotor.cydsn\Generated_Source\PSoC5 -- -yv2 -q10 -ygs -o2 -v3 -.fftcfgtype=LE
Elaborating Design...
ADD: sdb.M0065: information: Analog terminal "vdac_ref" on ADC_SAR_SEQ_v2_10 is unconnected.
 * C:\Program Files (x86)\Cypress\PSoC Creator\4.4\PSoC Creator\psoc\content\CyComponentLibrary\CyComponentLibrary.cylib\ADC_SAR_SEQ_v2_10\PSoC5\ADC_SAR_SEQ_v2_10.cysch (Signal: vdac_ref)
 * C:\Program Files (x86)\Cypress\PSoC Creator\4.4\PSoC Creator\psoc\content\CyComponentLibrary\CyComponentLibrary.cylib\ADC_SAR_SEQ_v2_10\PSoC5\ADC_SAR_SEQ_v2_10.cysch (Shape_798)
 * C:\Program Files (x86)\Cypress\PSoC Creator\4.4\PSoC Creator\psoc\content\CyComponentLibrary\CyComponentLibrary.cylib\ADC_SAR_SEQ_v2_10\PSoC5\ADC_SAR_SEQ_v2_10.cysch (Shape_885)
HDL Generation...
Synthesis...
Tech Mapping...
ADD: pft.M0040: information: The following 1 pin(s) will be assigned a location by the fitter: \ADC:SAR:Bypass(0)\
Analog Placement...
Info: apr.M0002: Analog signal "Net_412" is connected to one terminal only. (App=cydsfit)
Info: apr.M0002: Analog signal "Net_431" is connected to one terminal only. (App=cydsfit)
Info: apr.M0002: Analog signal "Net_461" is connected to one terminal only. (App=cydsfit)
Info: apr.M0002: Analog signal "Net_440" is connected to one terminal only. (App=cydsfit)
Info: apr.M0002: Analog signal "Net_441" is connected to one terminal only. (App=cydsfit)
Info: apr.M0002: Analog signal "Net_464" is connected to one terminal only. (App=cydsfit)
Info: apr.M0002: Analog signal "Net_444" is connected to one terminal only. (App=cydsfit)
Info: apr.M0002: Analog signal "Net_445" is connected to one terminal only. (App=cydsfit)
Info: apr.M0002: Analog signal "Net_480" is connected to one terminal only. (App=cydsfit)
Info: apr.M0002: Analog signal "Net_448" is connected to one terminal only. (App=cydsfit)
Info: apr.M0002: Analog signal "Net_449" is connected to one terminal only. (App=cydsfit)
Info: apr.M0002: Analog signal "Net_481" is connected to one terminal only. (App=cydsfit)
Info: apr.M0002: Analog signal "Net_390" is connected to one terminal only. (App=cydsfit)
Info: apr.M0002: Analog signal "Net_391" is connected to one terminal only. (App=cydsfit)
Info: apr.M0002: Analog signal "Net_451" is connected to one terminal only. (App=cydsfit)
Info: apr.M0002: Analog signal "Net_394" is connected to one terminal only. (App=cydsfit)
Info: apr.M0002: Analog signal "Net_395" is connected to one terminal only. (App=cydsfit)
Info: apr.M0002: Analog signal "Net_452" is connected to one terminal only. (App=cydsfit)
Info: apr.M0002: Analog signal "Net_398" is connected to one terminal only. (App=cydsfit)
Info: apr.M0002: Analog signal "Net_399" is connected to one terminal only. (App=cydsfit)
Info: apr.M0002: Analog signal "Net_453" is connected to one terminal only. (App=cydsfit)
Info: apr.M0002: Analog signal "Net_402" is connected to one terminal only. (App=cydsfit)
Info: apr.M0002: Analog signal "Net_403" is connected to one terminal only. (App=cydsfit)
Info: apr.M0002: Analog signal "Net_454" is connected to one terminal only. (App=cydsfit)
Info: apr.M0002: Analog signal "Net_406" is connected to one terminal only. (App=cydsfit)
Info: apr.M0002: Analog signal "Net_407" is connected to one terminal only. (App=cydsfit)
Info: apr.M0002: Analog signal "Net_455" is connected to one terminal only. (App=cydsfit)
Info: apr.M0002: Analog signal "Net_411" is connected to one terminal only. (App=cydsfit)
Info: apr.M0002: Analog signal "Net_413" is connected to one terminal only. (App=cydsfit)
Info: apr.M0002: Analog signal "Net_456" is connected to one terminal only. (App=cydsfit)
Info: apr.M0002: Analog signal "Net_416" is connected to one terminal only. (App=cydsfit)
Info: apr.M0002: Analog signal "Net_417" is connected to one terminal only. (App=cydsfit)
Info: apr.M0002: Analog signal "Net_457" is connected to one terminal only. (App=cydsfit)
Info: apr.M0002: Analog signal "Net_420" is connected to one terminal only. (App=cydsfit)
Info: apr.M0002: Analog signal "Net_421" is connected to one terminal only. (App=cydsfit)
Info: apr.M0002: Analog signal "Net_458" is connected to one terminal only. (App=cydsfit)
Info: apr.M0002: Analog signal "Net_424" is connected to one terminal only. (App=cydsfit)
Info: apr.M0002: Analog signal "Net_425" is connected to one terminal only. (App=cydsfit)
Info: apr.M0002: Analog signal "Net_459" is connected to one terminal only. (App=cydsfit)
Info: apr.M0002: Analog signal "Net_428" is connected to one terminal only. (App=cydsfit)
Info: apr.M0002: Analog signal "Net_429" is connected to one terminal only. (App=cydsfit)
Info: apr.M0002: Analog signal "Net_460" is connected to one terminal only. (App=cydsfit)
Info: apr.M0002: Analog signal "Net_433" is connected to one terminal only. (App=cydsfit)
Info: apr.M0002: Analog signal "Net_435" is connected to one terminal only. (App=cydsfit)
Info: apr.M0002: Analog signal "Net_462" is connected to one terminal only. (App=cydsfit)
Info: apr.M0002: Analog signal "Net_438" is connected to one terminal only. (App=cydsfit)
Info: apr.M0002: Analog signal "Net_463" is connected to one terminal only. (App=cydsfit)
Info: apr.M0002: Analog signal "Net_465" is connected to one terminal only. (App=cydsfit)
Info: apr.M0002: Analog signal "Net_466" is connected to one terminal only. (App=cydsfit)
Info: apr.M0002: Analog signal "Net_467" is connected to one terminal only. (App=cydsfit)
Info: apr.M0002: Analog signal "Net_468" is connected to one terminal only. (App=cydsfit)
Info: apr.M0002: Analog signal "Net_469" is connected to one terminal only. (App=cydsfit)
Info: apr.M0002: Analog signal "Net_470" is connected to one terminal only. (App=cydsfit)
Info: apr.M0002: Analog signal "Net_471" is connected to one terminal only. (App=cydsfit)
Info: apr.M0002: Analog signal "Net_472" is connected to one terminal only. (App=cydsfit)
Info: apr.M0002: Analog signal "Net_473" is connected to one terminal only. (App=cydsfit)
Info: apr.M0002: Analog signal "Net_474" is connected to one terminal only. (App=cydsfit)
Info: apr.M0002: Analog signal "Net_475" is connected to one terminal only. (App=cydsfit)
Info: apr.M0002: Analog signal "Net_476" is connected to one terminal only. (App=cydsfit)
Info: apr.M0002: Analog signal "Net_477" is connected to one terminal only. (App=cydsfit)
Info: apr.M0002: Analog signal "Net_478" is connected to one terminal only. (App=cydsfit)
Info: apr.M0002: Analog signal "Net_479" is connected to one terminal only. (App=cydsfit)
Analog Routing...
Analog Code Generation...
Digital Placement...
Digital Routing...
Bitstream Generation...
Bitstream Verification...
Static timing analysis...
Warning: sta.M0021: DCMotor_timing.html: Warning-1350: Asynchronous path(s) exist from "ClockBlock/clk_bus_glb" to "ClockBlock/dclk_glb_1". See the timing report for details. (File=C:\Users\oars0\Documents\GitHub\Interfacing_Lab\Lab_3_motors\PSOC_Creator\JoystickDCMotor\DCMotor.cydsn\DCMotor_timing.html)
Warning: sta.M0021: DCMotor_timing.html: Warning-1350: Asynchronous path(s) exist from "ClockBlock/clk_bus_glb" to "ClockBlock/dclk_glb_2". See the timing report for details. (File=C:\Users\oars0\Documents\GitHub\Interfacing_Lab\Lab_3_motors\PSOC_Creator\JoystickDCMotor\DCMotor.cydsn\DCMotor_timing.html)
Warning: sta.M0021: DCMotor_timing.html: Warning-1350: Asynchronous path(s) exist from "ClockBlock/dclk_glb_1" to "ClockBlock/clk_bus_glb". See the timing report for details. (File=C:\Users\oars0\Documents\GitHub\Interfacing_Lab\Lab_3_motors\PSOC_Creator\JoystickDCMotor\DCMotor.cydsn\DCMotor_timing.html)
API Generation...
Dependency Generation...
Cleanup...
--------------- Build Succeeded: 03/21/2024 12:52:47 ---------------
