--------------- Rebuild Started: 03/20/2024 13:54:57 Project: DCMotor, Configuration: ARM GCC 5.4-2016-q2-update Debug ---------------
Deleting file ".\ARM_GCC_541\Debug\main.o"
Deleting file ".\ARM_GCC_541\Debug\cyfitter_cfg.o"
Deleting file ".\ARM_GCC_541\Debug\cymetadata.o"
Deleting file ".\ARM_GCC_541\Debug\VRX.o"
Deleting file ".\ARM_GCC_541\Debug\VRY.o"
Deleting file ".\ARM_GCC_541\Debug\UART.o"
Deleting file ".\ARM_GCC_541\Debug\UART_PM.o"
Deleting file ".\ARM_GCC_541\Debug\UART_INT.o"
Deleting file ".\ARM_GCC_541\Debug\UART_BOOT.o"
Deleting file ".\ARM_GCC_541\Debug\ADC.o"
Deleting file ".\ARM_GCC_541\Debug\ADC_PM.o"
Deleting file ".\ARM_GCC_541\Debug\ADC_INT.o"
Deleting file ".\ARM_GCC_541\Debug\ISR_Clock.o"
Deleting file ".\ARM_GCC_541\Debug\UART_IntClock.o"
Deleting file ".\ARM_GCC_541\Debug\ADC_SAR.o"
Deleting file ".\ARM_GCC_541\Debug\ADC_SAR_INT.o"
Deleting file ".\ARM_GCC_541\Debug\ADC_SAR_PM.o"
Deleting file ".\ARM_GCC_541\Debug\ADC_IntClock.o"
Deleting file ".\ARM_GCC_541\Debug\ADC_TempBuf_dma.o"
Deleting file ".\ARM_GCC_541\Debug\ADC_FinalBuf_dma.o"
Deleting file ".\ARM_GCC_541\Debug\ADC_IRQ.o"
Deleting file ".\ARM_GCC_541\Debug\ADC_SAR_Bypass.o"
Deleting file ".\ARM_GCC_541\Debug\Cm3Start.o"
Deleting file ".\ARM_GCC_541\Debug\CyBootAsmGnu.o"
Deleting file ".\ARM_GCC_541\Debug\CyDmac.o"
Deleting file ".\ARM_GCC_541\Debug\CyFlash.o"
Deleting file ".\ARM_GCC_541\Debug\CyLib.o"
Deleting file ".\ARM_GCC_541\Debug\cyPm.o"
Deleting file ".\ARM_GCC_541\Debug\CySpc.o"
Deleting file ".\ARM_GCC_541\Debug\cyutils.o"
Deleting file ".\ARM_GCC_541\Debug\cy_em_eeprom.o"
Deleting file ".\ARM_GCC_541\Debug\ISR_DCMotorControl.o"
Deleting file ".\ARM_GCC_541\Debug\PWM_DC.o"
Deleting file ".\ARM_GCC_541\Debug\PWM_DC_PM.o"
Deleting file ".\ARM_GCC_541\Debug\PWM_Clock_1.o"
Deleting file ".\ARM_GCC_541\Debug\PWM_Out_DC.o"
Deleting file ".\ARM_GCC_541\Debug\ATop.o"
Deleting file ".\ARM_GCC_541\Debug\ABot.o"
Deleting file ".\ARM_GCC_541\Debug\BTop.o"
Deleting file ".\ARM_GCC_541\Debug\BBot.o"
Deleting file ".\ARM_GCC_541\Debug\DCMotor.hex"
Deleting file ".\ARM_GCC_541\Debug\DCMotor.elf"
Deleting file ".\ARM_GCC_541\Debug\DCMotor.map"
Deleting file ".\DCMotor.cycdx"
Deleting file ".\DCMotor.svd"
Deleting file ".\DCMotor.rpt"
Deleting file ".\DCMotor_timing.html"
Deleting file ".\ARM_GCC_541\Debug\.deps\SOURCE_C__ARM_GCC_GENERIC.P"
Deleting file ".\ARM_GCC_541\Debug\.deps\SOURCE_ASM__ARM_GCC_GENERIC.P"
cydsfit.exe -.appdatapath "C:\Users\oars0\AppData\Local\Cypress Semiconductor\PSoC Creator\4.4" -.fdsnotice -.fdswarpdepfile=warp_dependencies.txt -.fdselabdepfile=elab_dependencies.txt -.fdsbldfile=generated_files.txt -.fdsreffile=referenced_files.txt -p C:\Users\oars0\Documents\GitHub\Interfacing_Lab\Lab_3_motors\PSOC_Creator\JoystickDCMotor\DCMotor.cydsn\DCMotor.cyprj -d CY8C5888LTI-LP097 -s C:\Users\oars0\Documents\GitHub\Interfacing_Lab\Lab_3_motors\PSOC_Creator\JoystickDCMotor\DCMotor.cydsn\Generated_Source\PSoC5 -- -yv2 -q10 -ygs -o2 -v3 -.fftcfgtype=LE
Elaborating Design...
ADD: sdb.M0065: information: Analog terminal "vdac_ref" on ADC_SAR_SEQ_v2_10 is unconnected.
 * C:\Program Files (x86)\Cypress\PSoC Creator\4.4\PSoC Creator\psoc\content\CyComponentLibrary\CyComponentLibrary.cylib\ADC_SAR_SEQ_v2_10\PSoC5\ADC_SAR_SEQ_v2_10.cysch (Signal: vdac_ref)
 * C:\Program Files (x86)\Cypress\PSoC Creator\4.4\PSoC Creator\psoc\content\CyComponentLibrary\CyComponentLibrary.cylib\ADC_SAR_SEQ_v2_10\PSoC5\ADC_SAR_SEQ_v2_10.cysch (Shape_798)
 * C:\Program Files (x86)\Cypress\PSoC Creator\4.4\PSoC Creator\psoc\content\CyComponentLibrary\CyComponentLibrary.cylib\ADC_SAR_SEQ_v2_10\PSoC5\ADC_SAR_SEQ_v2_10.cysch (Shape_885)
HDL Generation...
Synthesis...
Tech Mapping...
ADD: pft.M0040: information: The following 1 pin(s) will be assigned a location by the fitter: \ADC:SAR:Bypass(0)\
Analog Placement...
Info: apr.M0002: Analog signal "Net_412" is connected to one terminal only. (App=cydsfit)
Info: apr.M0002: Analog signal "Net_431" is connected to one terminal only. (App=cydsfit)
Info: apr.M0002: Analog signal "Net_461" is connected to one terminal only. (App=cydsfit)
Info: apr.M0002: Analog signal "Net_440" is connected to one terminal only. (App=cydsfit)
Info: apr.M0002: Analog signal "Net_441" is connected to one terminal only. (App=cydsfit)
Info: apr.M0002: Analog signal "Net_464" is connected to one terminal only. (App=cydsfit)
Info: apr.M0002: Analog signal "Net_444" is connected to one terminal only. (App=cydsfit)
Info: apr.M0002: Analog signal "Net_445" is connected to one terminal only. (App=cydsfit)
Info: apr.M0002: Analog signal "Net_480" is connected to one terminal only. (App=cydsfit)
Info: apr.M0002: Analog signal "Net_448" is connected to one terminal only. (App=cydsfit)
Info: apr.M0002: Analog signal "Net_449" is connected to one terminal only. (App=cydsfit)
Info: apr.M0002: Analog signal "Net_481" is connected to one terminal only. (App=cydsfit)
Info: apr.M0002: Analog signal "Net_390" is connected to one terminal only. (App=cydsfit)
Info: apr.M0002: Analog signal "Net_391" is connected to one terminal only. (App=cydsfit)
Info: apr.M0002: Analog signal "Net_451" is connected to one terminal only. (App=cydsfit)
Info: apr.M0002: Analog signal "Net_394" is connected to one terminal only. (App=cydsfit)
Info: apr.M0002: Analog signal "Net_395" is connected to one terminal only. (App=cydsfit)
Info: apr.M0002: Analog signal "Net_452" is connected to one terminal only. (App=cydsfit)
Info: apr.M0002: Analog signal "Net_398" is connected to one terminal only. (App=cydsfit)
Info: apr.M0002: Analog signal "Net_399" is connected to one terminal only. (App=cydsfit)
Info: apr.M0002: Analog signal "Net_453" is connected to one terminal only. (App=cydsfit)
Info: apr.M0002: Analog signal "Net_402" is connected to one terminal only. (App=cydsfit)
Info: apr.M0002: Analog signal "Net_403" is connected to one terminal only. (App=cydsfit)
Info: apr.M0002: Analog signal "Net_454" is connected to one terminal only. (App=cydsfit)
Info: apr.M0002: Analog signal "Net_406" is connected to one terminal only. (App=cydsfit)
Info: apr.M0002: Analog signal "Net_407" is connected to one terminal only. (App=cydsfit)
Info: apr.M0002: Analog signal "Net_455" is connected to one terminal only. (App=cydsfit)
Info: apr.M0002: Analog signal "Net_411" is connected to one terminal only. (App=cydsfit)
Info: apr.M0002: Analog signal "Net_413" is connected to one terminal only. (App=cydsfit)
Info: apr.M0002: Analog signal "Net_456" is connected to one terminal only. (App=cydsfit)
Info: apr.M0002: Analog signal "Net_416" is connected to one terminal only. (App=cydsfit)
Info: apr.M0002: Analog signal "Net_417" is connected to one terminal only. (App=cydsfit)
Info: apr.M0002: Analog signal "Net_457" is connected to one terminal only. (App=cydsfit)
Info: apr.M0002: Analog signal "Net_420" is connected to one terminal only. (App=cydsfit)
Info: apr.M0002: Analog signal "Net_421" is connected to one terminal only. (App=cydsfit)
Info: apr.M0002: Analog signal "Net_458" is connected to one terminal only. (App=cydsfit)
Info: apr.M0002: Analog signal "Net_424" is connected to one terminal only. (App=cydsfit)
Info: apr.M0002: Analog signal "Net_425" is connected to one terminal only. (App=cydsfit)
Info: apr.M0002: Analog signal "Net_459" is connected to one terminal only. (App=cydsfit)
Info: apr.M0002: Analog signal "Net_428" is connected to one terminal only. (App=cydsfit)
Info: apr.M0002: Analog signal "Net_429" is connected to one terminal only. (App=cydsfit)
Info: apr.M0002: Analog signal "Net_460" is connected to one terminal only. (App=cydsfit)
Info: apr.M0002: Analog signal "Net_433" is connected to one terminal only. (App=cydsfit)
Info: apr.M0002: Analog signal "Net_435" is connected to one terminal only. (App=cydsfit)
Info: apr.M0002: Analog signal "Net_462" is connected to one terminal only. (App=cydsfit)
Info: apr.M0002: Analog signal "Net_438" is connected to one terminal only. (App=cydsfit)
Info: apr.M0002: Analog signal "Net_463" is connected to one terminal only. (App=cydsfit)
Info: apr.M0002: Analog signal "Net_465" is connected to one terminal only. (App=cydsfit)
Info: apr.M0002: Analog signal "Net_466" is connected to one terminal only. (App=cydsfit)
Info: apr.M0002: Analog signal "Net_467" is connected to one terminal only. (App=cydsfit)
Info: apr.M0002: Analog signal "Net_468" is connected to one terminal only. (App=cydsfit)
Info: apr.M0002: Analog signal "Net_469" is connected to one terminal only. (App=cydsfit)
Info: apr.M0002: Analog signal "Net_470" is connected to one terminal only. (App=cydsfit)
Info: apr.M0002: Analog signal "Net_471" is connected to one terminal only. (App=cydsfit)
Info: apr.M0002: Analog signal "Net_472" is connected to one terminal only. (App=cydsfit)
Info: apr.M0002: Analog signal "Net_473" is connected to one terminal only. (App=cydsfit)
Info: apr.M0002: Analog signal "Net_474" is connected to one terminal only. (App=cydsfit)
Info: apr.M0002: Analog signal "Net_475" is connected to one terminal only. (App=cydsfit)
Info: apr.M0002: Analog signal "Net_476" is connected to one terminal only. (App=cydsfit)
Info: apr.M0002: Analog signal "Net_477" is connected to one terminal only. (App=cydsfit)
Info: apr.M0002: Analog signal "Net_478" is connected to one terminal only. (App=cydsfit)
Info: apr.M0002: Analog signal "Net_479" is connected to one terminal only. (App=cydsfit)
Analog Routing...
Analog Code Generation...
Digital Placement...
Digital Routing...
Bitstream Generation...
Bitstream Verification...
Static timing analysis...
Warning: sta.M0021: DCMotor_timing.html: Warning-1350: Asynchronous path(s) exist from "ClockBlock/clk_bus_glb" to "ClockBlock/dclk_glb_1". See the timing report for details. (File=C:\Users\oars0\Documents\GitHub\Interfacing_Lab\Lab_3_motors\PSOC_Creator\JoystickDCMotor\DCMotor.cydsn\DCMotor_timing.html)
Warning: sta.M0021: DCMotor_timing.html: Warning-1350: Asynchronous path(s) exist from "ClockBlock/clk_bus_glb" to "ClockBlock/dclk_glb_2". See the timing report for details. (File=C:\Users\oars0\Documents\GitHub\Interfacing_Lab\Lab_3_motors\PSOC_Creator\JoystickDCMotor\DCMotor.cydsn\DCMotor_timing.html)
Warning: sta.M0021: DCMotor_timing.html: Warning-1350: Asynchronous path(s) exist from "ClockBlock/dclk_glb_1" to "ClockBlock/clk_bus_glb". See the timing report for details. (File=C:\Users\oars0\Documents\GitHub\Interfacing_Lab\Lab_3_motors\PSOC_Creator\JoystickDCMotor\DCMotor.cydsn\DCMotor_timing.html)
API Generation...
Dependency Generation...
Cleanup...
arm-none-eabi-gcc.exe -mcpu=cortex-m3 -mthumb -I. -IGenerated_Source\PSoC5 -Wa,-alh=.\ARM_GCC_541\Debug/main.lst -g -Wall -ffunction-sections -ffat-lto-objects -O0 -c main.c -o .\ARM_GCC_541\Debug\main.o
arm-none-eabi-gcc.exe -mcpu=cortex-m3 -mthumb -I. -IGenerated_Source\PSoC5 -Wa,-alh=.\ARM_GCC_541\Debug/cyfitter_cfg.lst -g -Wall -ffunction-sections -ffat-lto-objects -O0 -c Generated_Source\PSoC5\cyfitter_cfg.c -o .\ARM_GCC_541\Debug\cyfitter_cfg.o
arm-none-eabi-gcc.exe -mcpu=cortex-m3 -mthumb -I. -IGenerated_Source\PSoC5 -Wa,-alh=.\ARM_GCC_541\Debug/cymetadata.lst -g -Wall -ffunction-sections -ffat-lto-objects -O0 -c Generated_Source\PSoC5\cymetadata.c -o .\ARM_GCC_541\Debug\cymetadata.o
arm-none-eabi-gcc.exe -mcpu=cortex-m3 -mthumb -I. -IGenerated_Source\PSoC5 -Wa,-alh=.\ARM_GCC_541\Debug/VRX.lst -g -Wall -ffunction-sections -ffat-lto-objects -O0 -c Generated_Source\PSoC5\VRX.c -o .\ARM_GCC_541\Debug\VRX.o
arm-none-eabi-gcc.exe -mcpu=cortex-m3 -mthumb -I. -IGenerated_Source\PSoC5 -Wa,-alh=.\ARM_GCC_541\Debug/VRY.lst -g -Wall -ffunction-sections -ffat-lto-objects -O0 -c Generated_Source\PSoC5\VRY.c -o .\ARM_GCC_541\Debug\VRY.o
arm-none-eabi-gcc.exe -mcpu=cortex-m3 -mthumb -I. -IGenerated_Source\PSoC5 -Wa,-alh=.\ARM_GCC_541\Debug/UART.lst -g -Wall -ffunction-sections -ffat-lto-objects -O0 -c Generated_Source\PSoC5\UART.c -o .\ARM_GCC_541\Debug\UART.o
arm-none-eabi-gcc.exe -mcpu=cortex-m3 -mthumb -I. -IGenerated_Source\PSoC5 -Wa,-alh=.\ARM_GCC_541\Debug/UART_PM.lst -g -Wall -ffunction-sections -ffat-lto-objects -O0 -c Generated_Source\PSoC5\UART_PM.c -o .\ARM_GCC_541\Debug\UART_PM.o
arm-none-eabi-gcc.exe -mcpu=cortex-m3 -mthumb -I. -IGenerated_Source\PSoC5 -Wa,-alh=.\ARM_GCC_541\Debug/UART_INT.lst -g -Wall -ffunction-sections -ffat-lto-objects -O0 -c Generated_Source\PSoC5\UART_INT.c -o .\ARM_GCC_541\Debug\UART_INT.o
arm-none-eabi-gcc.exe -mcpu=cortex-m3 -mthumb -I. -IGenerated_Source\PSoC5 -Wa,-alh=.\ARM_GCC_541\Debug/UART_BOOT.lst -g -Wall -ffunction-sections -ffat-lto-objects -O0 -c Generated_Source\PSoC5\UART_BOOT.c -o .\ARM_GCC_541\Debug\UART_BOOT.o
arm-none-eabi-gcc.exe -mcpu=cortex-m3 -mthumb -I. -IGenerated_Source\PSoC5 -Wa,-alh=.\ARM_GCC_541\Debug/ADC.lst -g -Wall -ffunction-sections -ffat-lto-objects -O0 -c Generated_Source\PSoC5\ADC.c -o .\ARM_GCC_541\Debug\ADC.o
arm-none-eabi-gcc.exe -mcpu=cortex-m3 -mthumb -I. -IGenerated_Source\PSoC5 -Wa,-alh=.\ARM_GCC_541\Debug/ADC_PM.lst -g -Wall -ffunction-sections -ffat-lto-objects -O0 -c Generated_Source\PSoC5\ADC_PM.c -o .\ARM_GCC_541\Debug\ADC_PM.o
arm-none-eabi-gcc.exe -mcpu=cortex-m3 -mthumb -I. -IGenerated_Source\PSoC5 -Wa,-alh=.\ARM_GCC_541\Debug/ADC_INT.lst -g -Wall -ffunction-sections -ffat-lto-objects -O0 -c Generated_Source\PSoC5\ADC_INT.c -o .\ARM_GCC_541\Debug\ADC_INT.o
arm-none-eabi-gcc.exe -mcpu=cortex-m3 -mthumb -I. -IGenerated_Source\PSoC5 -Wa,-alh=.\ARM_GCC_541\Debug/ISR_Clock.lst -g -Wall -ffunction-sections -ffat-lto-objects -O0 -c Generated_Source\PSoC5\ISR_Clock.c -o .\ARM_GCC_541\Debug\ISR_Clock.o
arm-none-eabi-gcc.exe -mcpu=cortex-m3 -mthumb -I. -IGenerated_Source\PSoC5 -Wa,-alh=.\ARM_GCC_541\Debug/UART_IntClock.lst -g -Wall -ffunction-sections -ffat-lto-objects -O0 -c Generated_Source\PSoC5\UART_IntClock.c -o .\ARM_GCC_541\Debug\UART_IntClock.o
arm-none-eabi-gcc.exe -mcpu=cortex-m3 -mthumb -I. -IGenerated_Source\PSoC5 -Wa,-alh=.\ARM_GCC_541\Debug/ADC_SAR.lst -g -Wall -ffunction-sections -ffat-lto-objects -O0 -c Generated_Source\PSoC5\ADC_SAR.c -o .\ARM_GCC_541\Debug\ADC_SAR.o
arm-none-eabi-gcc.exe -mcpu=cortex-m3 -mthumb -I. -IGenerated_Source\PSoC5 -Wa,-alh=.\ARM_GCC_541\Debug/ADC_SAR_INT.lst -g -Wall -ffunction-sections -ffat-lto-objects -O0 -c Generated_Source\PSoC5\ADC_SAR_INT.c -o .\ARM_GCC_541\Debug\ADC_SAR_INT.o
arm-none-eabi-gcc.exe -mcpu=cortex-m3 -mthumb -I. -IGenerated_Source\PSoC5 -Wa,-alh=.\ARM_GCC_541\Debug/ADC_SAR_PM.lst -g -Wall -ffunction-sections -ffat-lto-objects -O0 -c Generated_Source\PSoC5\ADC_SAR_PM.c -o .\ARM_GCC_541\Debug\ADC_SAR_PM.o
arm-none-eabi-gcc.exe -mcpu=cortex-m3 -mthumb -I. -IGenerated_Source\PSoC5 -Wa,-alh=.\ARM_GCC_541\Debug/ADC_IntClock.lst -g -Wall -ffunction-sections -ffat-lto-objects -O0 -c Generated_Source\PSoC5\ADC_IntClock.c -o .\ARM_GCC_541\Debug\ADC_IntClock.o
arm-none-eabi-gcc.exe -mcpu=cortex-m3 -mthumb -I. -IGenerated_Source\PSoC5 -Wa,-alh=.\ARM_GCC_541\Debug/ADC_TempBuf_dma.lst -g -Wall -ffunction-sections -ffat-lto-objects -O0 -c Generated_Source\PSoC5\ADC_TempBuf_dma.c -o .\ARM_GCC_541\Debug\ADC_TempBuf_dma.o
arm-none-eabi-gcc.exe -mcpu=cortex-m3 -mthumb -I. -IGenerated_Source\PSoC5 -Wa,-alh=.\ARM_GCC_541\Debug/ADC_FinalBuf_dma.lst -g -Wall -ffunction-sections -ffat-lto-objects -O0 -c Generated_Source\PSoC5\ADC_FinalBuf_dma.c -o .\ARM_GCC_541\Debug\ADC_FinalBuf_dma.o
arm-none-eabi-gcc.exe -mcpu=cortex-m3 -mthumb -I. -IGenerated_Source\PSoC5 -Wa,-alh=.\ARM_GCC_541\Debug/ADC_IRQ.lst -g -Wall -ffunction-sections -ffat-lto-objects -O0 -c Generated_Source\PSoC5\ADC_IRQ.c -o .\ARM_GCC_541\Debug\ADC_IRQ.o
arm-none-eabi-gcc.exe -mcpu=cortex-m3 -mthumb -I. -IGenerated_Source\PSoC5 -Wa,-alh=.\ARM_GCC_541\Debug/ADC_SAR_Bypass.lst -g -Wall -ffunction-sections -ffat-lto-objects -O0 -c Generated_Source\PSoC5\ADC_SAR_Bypass.c -o .\ARM_GCC_541\Debug\ADC_SAR_Bypass.o
arm-none-eabi-gcc.exe -mcpu=cortex-m3 -mthumb -I. -IGenerated_Source\PSoC5 -Wa,-alh=.\ARM_GCC_541\Debug/Cm3Start.lst -g -Wall -ffunction-sections -ffat-lto-objects -O0 -c Generated_Source\PSoC5\Cm3Start.c -o .\ARM_GCC_541\Debug\Cm3Start.o
arm-none-eabi-gcc.exe -mcpu=cortex-m3 -mthumb -I. -IGenerated_Source\PSoC5 -Wa,-alh=.\ARM_GCC_541\Debug/CyDmac.lst -g -Wall -ffunction-sections -ffat-lto-objects -O0 -c Generated_Source\PSoC5\CyDmac.c -o .\ARM_GCC_541\Debug\CyDmac.o
arm-none-eabi-gcc.exe -mcpu=cortex-m3 -mthumb -I. -IGenerated_Source\PSoC5 -Wa,-alh=.\ARM_GCC_541\Debug/CyFlash.lst -g -Wall -ffunction-sections -ffat-lto-objects -O0 -c Generated_Source\PSoC5\CyFlash.c -o .\ARM_GCC_541\Debug\CyFlash.o
arm-none-eabi-gcc.exe -mcpu=cortex-m3 -mthumb -I. -IGenerated_Source\PSoC5 -Wa,-alh=.\ARM_GCC_541\Debug/CyLib.lst -g -Wall -ffunction-sections -ffat-lto-objects -O0 -c Generated_Source\PSoC5\CyLib.c -o .\ARM_GCC_541\Debug\CyLib.o
arm-none-eabi-gcc.exe -mcpu=cortex-m3 -mthumb -I. -IGenerated_Source\PSoC5 -Wa,-alh=.\ARM_GCC_541\Debug/cyPm.lst -g -Wall -ffunction-sections -ffat-lto-objects -O0 -c Generated_Source\PSoC5\cyPm.c -o .\ARM_GCC_541\Debug\cyPm.o
arm-none-eabi-gcc.exe -mcpu=cortex-m3 -mthumb -I. -IGenerated_Source\PSoC5 -Wa,-alh=.\ARM_GCC_541\Debug/CySpc.lst -g -Wall -ffunction-sections -ffat-lto-objects -O0 -c Generated_Source\PSoC5\CySpc.c -o .\ARM_GCC_541\Debug\CySpc.o
arm-none-eabi-gcc.exe -mcpu=cortex-m3 -mthumb -I. -IGenerated_Source\PSoC5 -Wa,-alh=.\ARM_GCC_541\Debug/cyutils.lst -g -Wall -ffunction-sections -ffat-lto-objects -O0 -c Generated_Source\PSoC5\cyutils.c -o .\ARM_GCC_541\Debug\cyutils.o
arm-none-eabi-gcc.exe -mcpu=cortex-m3 -mthumb -I. -IGenerated_Source\PSoC5 -Wa,-alh=.\ARM_GCC_541\Debug/cy_em_eeprom.lst -g -Wall -ffunction-sections -ffat-lto-objects -O0 -c Generated_Source\PSoC5\cy_em_eeprom.c -o .\ARM_GCC_541\Debug\cy_em_eeprom.o
arm-none-eabi-gcc.exe -mcpu=cortex-m3 -mthumb -I. -IGenerated_Source\PSoC5 -Wa,-alh=.\ARM_GCC_541\Debug/ISR_DCMotorControl.lst -g -Wall -ffunction-sections -ffat-lto-objects -O0 -c Generated_Source\PSoC5\ISR_DCMotorControl.c -o .\ARM_GCC_541\Debug\ISR_DCMotorControl.o
arm-none-eabi-gcc.exe -mcpu=cortex-m3 -mthumb -I. -IGenerated_Source\PSoC5 -Wa,-alh=.\ARM_GCC_541\Debug/PWM_DC.lst -g -Wall -ffunction-sections -ffat-lto-objects -O0 -c Generated_Source\PSoC5\PWM_DC.c -o .\ARM_GCC_541\Debug\PWM_DC.o
arm-none-eabi-gcc.exe -mcpu=cortex-m3 -mthumb -I. -IGenerated_Source\PSoC5 -Wa,-alh=.\ARM_GCC_541\Debug/PWM_DC_PM.lst -g -Wall -ffunction-sections -ffat-lto-objects -O0 -c Generated_Source\PSoC5\PWM_DC_PM.c -o .\ARM_GCC_541\Debug\PWM_DC_PM.o
arm-none-eabi-gcc.exe -mcpu=cortex-m3 -mthumb -I. -IGenerated_Source\PSoC5 -Wa,-alh=.\ARM_GCC_541\Debug/PWM_Clock_1.lst -g -Wall -ffunction-sections -ffat-lto-objects -O0 -c Generated_Source\PSoC5\PWM_Clock_1.c -o .\ARM_GCC_541\Debug\PWM_Clock_1.o
arm-none-eabi-gcc.exe -mcpu=cortex-m3 -mthumb -I. -IGenerated_Source\PSoC5 -Wa,-alh=.\ARM_GCC_541\Debug/PWM_Out_DC.lst -g -Wall -ffunction-sections -ffat-lto-objects -O0 -c Generated_Source\PSoC5\PWM_Out_DC.c -o .\ARM_GCC_541\Debug\PWM_Out_DC.o
arm-none-eabi-gcc.exe -mcpu=cortex-m3 -mthumb -I. -IGenerated_Source\PSoC5 -Wa,-alh=.\ARM_GCC_541\Debug/ATop.lst -g -Wall -ffunction-sections -ffat-lto-objects -O0 -c Generated_Source\PSoC5\ATop.c -o .\ARM_GCC_541\Debug\ATop.o
arm-none-eabi-gcc.exe -mcpu=cortex-m3 -mthumb -I. -IGenerated_Source\PSoC5 -Wa,-alh=.\ARM_GCC_541\Debug/ABot.lst -g -Wall -ffunction-sections -ffat-lto-objects -O0 -c Generated_Source\PSoC5\ABot.c -o .\ARM_GCC_541\Debug\ABot.o
arm-none-eabi-gcc.exe -mcpu=cortex-m3 -mthumb -I. -IGenerated_Source\PSoC5 -Wa,-alh=.\ARM_GCC_541\Debug/BTop.lst -g -Wall -ffunction-sections -ffat-lto-objects -O0 -c Generated_Source\PSoC5\BTop.c -o .\ARM_GCC_541\Debug\BTop.o
arm-none-eabi-gcc.exe -mcpu=cortex-m3 -mthumb -I. -IGenerated_Source\PSoC5 -Wa,-alh=.\ARM_GCC_541\Debug/BBot.lst -g -Wall -ffunction-sections -ffat-lto-objects -O0 -c Generated_Source\PSoC5\BBot.c -o .\ARM_GCC_541\Debug\BBot.o
arm-none-eabi-as.exe -mcpu=cortex-m3 -mthumb -I. -IGenerated_Source\PSoC5 -alh=.\ARM_GCC_541\Debug/CyBootAsmGnu.lst -g -o .\ARM_GCC_541\Debug\CyBootAsmGnu.o Generated_Source\PSoC5\CyBootAsmGnu.s
arm-none-eabi-ar.exe -rs .\ARM_GCC_541\Debug\DCMotor.a .\ARM_GCC_541\Debug\VRX.o .\ARM_GCC_541\Debug\VRY.o .\ARM_GCC_541\Debug\UART.o .\ARM_GCC_541\Debug\UART_PM.o .\ARM_GCC_541\Debug\UART_INT.o .\ARM_GCC_541\Debug\UART_BOOT.o .\ARM_GCC_541\Debug\ADC.o .\ARM_GCC_541\Debug\ADC_PM.o .\ARM_GCC_541\Debug\ADC_INT.o .\ARM_GCC_541\Debug\ISR_Clock.o .\ARM_GCC_541\Debug\UART_IntClock.o .\ARM_GCC_541\Debug\ADC_SAR.o .\ARM_GCC_541\Debug\ADC_SAR_INT.o .\ARM_GCC_541\Debug\ADC_SAR_PM.o .\ARM_GCC_541\Debug\ADC_IntClock.o .\ARM_GCC_541\Debug\ADC_TempBuf_dma.o .\ARM_GCC_541\Debug\ADC_FinalBuf_dma.o .\ARM_GCC_541\Debug\ADC_IRQ.o .\ARM_GCC_541\Debug\ADC_SAR_Bypass.o .\ARM_GCC_541\Debug\CyDmac.o .\ARM_GCC_541\Debug\CyFlash.o .\ARM_GCC_541\Debug\CyLib.o .\ARM_GCC_541\Debug\cyPm.o .\ARM_GCC_541\Debug\CySpc.o .\ARM_GCC_541\Debug\cyutils.o .\ARM_GCC_541\Debug\cy_em_eeprom.o .\ARM_GCC_541\Debug\ISR_DCMotorControl.o .\ARM_GCC_541\Debug\PWM_DC.o .\ARM_GCC_541\Debug\PWM_DC_PM.o .\ARM_GCC_541\Debug\PWM_Clock_1.o .\ARM_GCC_541\Debug\PWM_Out_DC.o .\ARM_GCC_541\Debug\ATop.o .\ARM_GCC_541\Debug\ABot.o .\ARM_GCC_541\Debug\BTop.o .\ARM_GCC_541\Debug\BBot.o .\ARM_GCC_541\Debug\CyBootAsmGnu.o
arm-none-eabi-ar.exe: creating .\ARM_GCC_541\Debug\DCMotor.a
arm-none-eabi-gcc.exe -Wl,--start-group -o C:\Users\oars0\Documents\GitHub\Interfacing_Lab\Lab_3_motors\PSOC_Creator\JoystickDCMotor\DCMotor.cydsn\ARM_GCC_541\Debug\DCMotor.elf .\ARM_GCC_541\Debug\main.o .\ARM_GCC_541\Debug\cyfitter_cfg.o .\ARM_GCC_541\Debug\cymetadata.o .\ARM_GCC_541\Debug\Cm3Start.o .\ARM_GCC_541\Debug\DCMotor.a "C:\Program Files (x86)\Cypress\PSoC Creator\4.4\PSoC Creator\psoc\content\cycomponentlibrary\CyComponentLibrary.cylib\CortexM3\ARM_GCC_541\Debug\CyComponentLibrary.a" -mcpu=cortex-m3 -mthumb -L Generated_Source\PSoC5 -Wl,-Map,.\ARM_GCC_541\Debug/DCMotor.map -T Generated_Source\PSoC5\cm3gcc.ld -specs=nano.specs -Wl,--gc-sections -g -ffunction-sections -O0 -ffat-lto-objects -Wl,--end-group
cyelftool.exe -C C:\Users\oars0\Documents\GitHub\Interfacing_Lab\Lab_3_motors\PSOC_Creator\JoystickDCMotor\DCMotor.cydsn\ARM_GCC_541\Debug\DCMotor.elf --flash_row_size 256 --flash_size 262144 --flash_offset 0x00000000
No ELF section .cychecksum found, creating one
Application checksum calculated and stored in ELF section .cychecksum
Checksum calculated and stored in ELF section .cymeta
cyelftool.exe -S C:\Users\oars0\Documents\GitHub\Interfacing_Lab\Lab_3_motors\PSOC_Creator\JoystickDCMotor\DCMotor.cydsn\ARM_GCC_541\Debug\DCMotor.elf
Flash used: 12896 of 262144 bytes (4.9%).
SRAM used: 2597 of 65536 bytes (4.0%). Stack: 2048 bytes. Heap: 128 bytes.
--------------- Rebuild Succeeded: 03/20/2024 13:55:27 ---------------
