--------------- Build Started: 02/22/2024 12:52:05 Project: I2C_Mouse, Configuration: ARM GCC 5.4-2016-q2-update Debug ---------------
cydsfit.exe -.appdatapath "C:\Users\oars0\AppData\Local\Cypress Semiconductor\PSoC Creator\4.4" -.fdsnotice -.fdswarpdepfile=warp_dependencies.txt -.fdselabdepfile=elab_dependencies.txt -.fdsbldfile=generated_files.txt -.fdsreffile=referenced_files.txt -p C:\Users\oars0\Documents\GitHub\Interfacing_Lab\Lab_2-usb-i2c-mouse-reyessanchezo\PSoC_Creator\I2C_mouse\I2C_Mouse\I2C_Mouse.cydsn\I2C_Mouse.cyprj -d CY8C5888LTI-LP097 -s C:\Users\oars0\Documents\GitHub\Interfacing_Lab\Lab_2-usb-i2c-mouse-reyessanchezo\PSoC_Creator\I2C_mouse\I2C_Mouse\I2C_Mouse.cydsn\Generated_Source\PSoC5 -- -yv2 -q10 -ygs -o2 -v3 -.fftcfgtype=LE
Elaborating Design...
ADD: sdb.M0065: information: Analog terminal "vdac_ref" on ADC_SAR_SEQ_v2_10 is unconnected.
 * C:\Program Files (x86)\Cypress\PSoC Creator\4.4\PSoC Creator\psoc\content\CyComponentLibrary\CyComponentLibrary.cylib\ADC_SAR_SEQ_v2_10\PSoC5\ADC_SAR_SEQ_v2_10.cysch (Signal: vdac_ref)
 * C:\Program Files (x86)\Cypress\PSoC Creator\4.4\PSoC Creator\psoc\content\CyComponentLibrary\CyComponentLibrary.cylib\ADC_SAR_SEQ_v2_10\PSoC5\ADC_SAR_SEQ_v2_10.cysch (Shape_798)
 * C:\Program Files (x86)\Cypress\PSoC Creator\4.4\PSoC Creator\psoc\content\CyComponentLibrary\CyComponentLibrary.cylib\ADC_SAR_SEQ_v2_10\PSoC5\ADC_SAR_SEQ_v2_10.cysch (Shape_885)
HDL Generation...
Synthesis...
Tech Mapping...
ADD: pft.M0040: information: The following 1 pin(s) will be assigned a location by the fitter: \ADC:SAR:Bypass(0)\
Analog Placement...
Info: apr.M0002: Analog signal "Net_309" is connected to one terminal only. (App=cydsfit)
Info: apr.M0002: Analog signal "Net_328" is connected to one terminal only. (App=cydsfit)
Info: apr.M0002: Analog signal "Net_358" is connected to one terminal only. (App=cydsfit)
Info: apr.M0002: Analog signal "Net_337" is connected to one terminal only. (App=cydsfit)
Info: apr.M0002: Analog signal "Net_338" is connected to one terminal only. (App=cydsfit)
Info: apr.M0002: Analog signal "Net_361" is connected to one terminal only. (App=cydsfit)
Info: apr.M0002: Analog signal "Net_341" is connected to one terminal only. (App=cydsfit)
Info: apr.M0002: Analog signal "Net_342" is connected to one terminal only. (App=cydsfit)
Info: apr.M0002: Analog signal "Net_377" is connected to one terminal only. (App=cydsfit)
Info: apr.M0002: Analog signal "Net_345" is connected to one terminal only. (App=cydsfit)
Info: apr.M0002: Analog signal "Net_346" is connected to one terminal only. (App=cydsfit)
Info: apr.M0002: Analog signal "Net_378" is connected to one terminal only. (App=cydsfit)
Info: apr.M0002: Analog signal "Net_287" is connected to one terminal only. (App=cydsfit)
Info: apr.M0002: Analog signal "Net_288" is connected to one terminal only. (App=cydsfit)
Info: apr.M0002: Analog signal "Net_348" is connected to one terminal only. (App=cydsfit)
Info: apr.M0002: Analog signal "Net_291" is connected to one terminal only. (App=cydsfit)
Info: apr.M0002: Analog signal "Net_292" is connected to one terminal only. (App=cydsfit)
Info: apr.M0002: Analog signal "Net_349" is connected to one terminal only. (App=cydsfit)
Info: apr.M0002: Analog signal "Net_295" is connected to one terminal only. (App=cydsfit)
Info: apr.M0002: Analog signal "Net_296" is connected to one terminal only. (App=cydsfit)
Info: apr.M0002: Analog signal "Net_350" is connected to one terminal only. (App=cydsfit)
Info: apr.M0002: Analog signal "Net_299" is connected to one terminal only. (App=cydsfit)
Info: apr.M0002: Analog signal "Net_300" is connected to one terminal only. (App=cydsfit)
Info: apr.M0002: Analog signal "Net_351" is connected to one terminal only. (App=cydsfit)
Info: apr.M0002: Analog signal "Net_303" is connected to one terminal only. (App=cydsfit)
Info: apr.M0002: Analog signal "Net_304" is connected to one terminal only. (App=cydsfit)
Info: apr.M0002: Analog signal "Net_352" is connected to one terminal only. (App=cydsfit)
Info: apr.M0002: Analog signal "Net_308" is connected to one terminal only. (App=cydsfit)
Info: apr.M0002: Analog signal "Net_310" is connected to one terminal only. (App=cydsfit)
Info: apr.M0002: Analog signal "Net_353" is connected to one terminal only. (App=cydsfit)
Info: apr.M0002: Analog signal "Net_313" is connected to one terminal only. (App=cydsfit)
Info: apr.M0002: Analog signal "Net_314" is connected to one terminal only. (App=cydsfit)
Info: apr.M0002: Analog signal "Net_354" is connected to one terminal only. (App=cydsfit)
Info: apr.M0002: Analog signal "Net_317" is connected to one terminal only. (App=cydsfit)
Info: apr.M0002: Analog signal "Net_318" is connected to one terminal only. (App=cydsfit)
Info: apr.M0002: Analog signal "Net_355" is connected to one terminal only. (App=cydsfit)
Info: apr.M0002: Analog signal "Net_321" is connected to one terminal only. (App=cydsfit)
Info: apr.M0002: Analog signal "Net_322" is connected to one terminal only. (App=cydsfit)
Info: apr.M0002: Analog signal "Net_356" is connected to one terminal only. (App=cydsfit)
Info: apr.M0002: Analog signal "Net_325" is connected to one terminal only. (App=cydsfit)
Info: apr.M0002: Analog signal "Net_326" is connected to one terminal only. (App=cydsfit)
Info: apr.M0002: Analog signal "Net_357" is connected to one terminal only. (App=cydsfit)
Info: apr.M0002: Analog signal "Net_330" is connected to one terminal only. (App=cydsfit)
Info: apr.M0002: Analog signal "Net_332" is connected to one terminal only. (App=cydsfit)
Info: apr.M0002: Analog signal "Net_359" is connected to one terminal only. (App=cydsfit)
Info: apr.M0002: Analog signal "Net_335" is connected to one terminal only. (App=cydsfit)
Info: apr.M0002: Analog signal "Net_360" is connected to one terminal only. (App=cydsfit)
Info: apr.M0002: Analog signal "Net_362" is connected to one terminal only. (App=cydsfit)
Info: apr.M0002: Analog signal "Net_363" is connected to one terminal only. (App=cydsfit)
Info: apr.M0002: Analog signal "Net_364" is connected to one terminal only. (App=cydsfit)
Info: apr.M0002: Analog signal "Net_365" is connected to one terminal only. (App=cydsfit)
Info: apr.M0002: Analog signal "Net_366" is connected to one terminal only. (App=cydsfit)
Info: apr.M0002: Analog signal "Net_367" is connected to one terminal only. (App=cydsfit)
Info: apr.M0002: Analog signal "Net_368" is connected to one terminal only. (App=cydsfit)
Info: apr.M0002: Analog signal "Net_369" is connected to one terminal only. (App=cydsfit)
Info: apr.M0002: Analog signal "Net_370" is connected to one terminal only. (App=cydsfit)
Info: apr.M0002: Analog signal "Net_371" is connected to one terminal only. (App=cydsfit)
Info: apr.M0002: Analog signal "Net_372" is connected to one terminal only. (App=cydsfit)
Info: apr.M0002: Analog signal "Net_373" is connected to one terminal only. (App=cydsfit)
Info: apr.M0002: Analog signal "Net_374" is connected to one terminal only. (App=cydsfit)
Info: apr.M0002: Analog signal "Net_375" is connected to one terminal only. (App=cydsfit)
Info: apr.M0002: Analog signal "Net_376" is connected to one terminal only. (App=cydsfit)
Analog Routing...
Analog Code Generation...
Digital Placement...
Digital Routing...
Bitstream Generation...
Bitstream Verification...
Static timing analysis...
Warning: sta.M0021: I2C_Mouse_timing.html: Warning-1350: Asynchronous path(s) exist from "ClockBlock/clk_bus_glb" to "ClockBlock/dclk_glb_0". See the timing report for details. (File=C:\Users\oars0\Documents\GitHub\Interfacing_Lab\Lab_2-usb-i2c-mouse-reyessanchezo\PSoC_Creator\I2C_mouse\I2C_Mouse\I2C_Mouse.cydsn\I2C_Mouse_timing.html)
Warning: sta.M0021: I2C_Mouse_timing.html: Warning-1350: Asynchronous path(s) exist from "ClockBlock/clk_bus_glb" to "ClockBlock/dclk_glb_1". See the timing report for details. (File=C:\Users\oars0\Documents\GitHub\Interfacing_Lab\Lab_2-usb-i2c-mouse-reyessanchezo\PSoC_Creator\I2C_mouse\I2C_Mouse\I2C_Mouse.cydsn\I2C_Mouse_timing.html)
Warning: sta.M0021: I2C_Mouse_timing.html: Warning-1350: Asynchronous path(s) exist from "ClockBlock/dclk_glb_0" to "ClockBlock/clk_bus_glb". See the timing report for details. (File=C:\Users\oars0\Documents\GitHub\Interfacing_Lab\Lab_2-usb-i2c-mouse-reyessanchezo\PSoC_Creator\I2C_mouse\I2C_Mouse\I2C_Mouse.cydsn\I2C_Mouse_timing.html)
API Generation...
Dependency Generation...
Cleanup...
The compile step is up to date, no work needs to be done.
The link step is up to date, no work needs to be done.
--------------- Build Succeeded: 02/22/2024 12:52:18 ---------------
