--------------- Rebuild Started: 02/27/2024 08:34:34 Project: I2C_Mouse, Configuration: ARM GCC 5.4-2016-q2-update Debug ---------------
Deleting file ".\ARM_GCC_541\Debug\main.o"
Deleting file ".\ARM_GCC_541\Debug\cyfitter_cfg.o"
Deleting file ".\ARM_GCC_541\Debug\cymetadata.o"
Deleting file ".\ARM_GCC_541\Debug\USBFS_1.o"
Deleting file ".\ARM_GCC_541\Debug\USBFS_1_audio.o"
Deleting file ".\ARM_GCC_541\Debug\USBFS_1_boot.o"
Deleting file ".\ARM_GCC_541\Debug\USBFS_1_cdc.o"
Deleting file ".\ARM_GCC_541\Debug\USBFS_1_cls.o"
Deleting file ".\ARM_GCC_541\Debug\USBFS_1_descr.o"
Deleting file ".\ARM_GCC_541\Debug\USBFS_1_drv.o"
Deleting file ".\ARM_GCC_541\Debug\USBFS_1_episr.o"
Deleting file ".\ARM_GCC_541\Debug\USBFS_1_hid.o"
Deleting file ".\ARM_GCC_541\Debug\USBFS_1_pm.o"
Deleting file ".\ARM_GCC_541\Debug\USBFS_1_std.o"
Deleting file ".\ARM_GCC_541\Debug\USBFS_1_vnd.o"
Deleting file ".\ARM_GCC_541\Debug\USBFS_1_midi.o"
Deleting file ".\ARM_GCC_541\Debug\USBFS_1_msc.o"
Deleting file ".\ARM_GCC_541\Debug\SW.o"
Deleting file ".\ARM_GCC_541\Debug\UART.o"
Deleting file ".\ARM_GCC_541\Debug\UART_PM.o"
Deleting file ".\ARM_GCC_541\Debug\UART_INT.o"
Deleting file ".\ARM_GCC_541\Debug\UART_BOOT.o"
Deleting file ".\ARM_GCC_541\Debug\SDA_1.o"
Deleting file ".\ARM_GCC_541\Debug\SCL_1.o"
Deleting file ".\ARM_GCC_541\Debug\USBFS_1_Dm.o"
Deleting file ".\ARM_GCC_541\Debug\USBFS_1_Dp.o"
Deleting file ".\ARM_GCC_541\Debug\UART_IntClock.o"
Deleting file ".\ARM_GCC_541\Debug\Cm3Start.o"
Deleting file ".\ARM_GCC_541\Debug\CyBootAsmGnu.o"
Deleting file ".\ARM_GCC_541\Debug\CyDmac.o"
Deleting file ".\ARM_GCC_541\Debug\CyFlash.o"
Deleting file ".\ARM_GCC_541\Debug\CyLib.o"
Deleting file ".\ARM_GCC_541\Debug\cyPm.o"
Deleting file ".\ARM_GCC_541\Debug\CySpc.o"
Deleting file ".\ARM_GCC_541\Debug\cyutils.o"
Deleting file ".\ARM_GCC_541\Debug\cy_em_eeprom.o"
Deleting file ".\ARM_GCC_541\Debug\I2C.o"
Deleting file ".\ARM_GCC_541\Debug\I2C_BOOT.o"
Deleting file ".\ARM_GCC_541\Debug\I2C_INT.o"
Deleting file ".\ARM_GCC_541\Debug\I2C_PM.o"
Deleting file ".\ARM_GCC_541\Debug\I2C_SLAVE.o"
Deleting file ".\ARM_GCC_541\Debug\I2C_MASTER.o"
Deleting file ".\ARM_GCC_541\Debug\VRX.o"
Deleting file ".\ARM_GCC_541\Debug\VRY.o"
Deleting file ".\ARM_GCC_541\Debug\ADC.o"
Deleting file ".\ARM_GCC_541\Debug\ADC_PM.o"
Deleting file ".\ARM_GCC_541\Debug\ADC_INT.o"
Deleting file ".\ARM_GCC_541\Debug\ADC_SAR.o"
Deleting file ".\ARM_GCC_541\Debug\ADC_SAR_INT.o"
Deleting file ".\ARM_GCC_541\Debug\ADC_SAR_PM.o"
Deleting file ".\ARM_GCC_541\Debug\ADC_IntClock.o"
Deleting file ".\ARM_GCC_541\Debug\ADC_TempBuf_dma.o"
Deleting file ".\ARM_GCC_541\Debug\ADC_FinalBuf_dma.o"
Deleting file ".\ARM_GCC_541\Debug\ADC_IRQ.o"
Deleting file ".\ARM_GCC_541\Debug\ADC_SAR_Bypass.o"
Deleting file ".\ARM_GCC_541\Debug\I2C_Mouse.hex"
Deleting file ".\ARM_GCC_541\Debug\I2C_Mouse.elf"
Deleting file ".\ARM_GCC_541\Debug\I2C_Mouse.map"
Deleting file ".\I2C_Mouse.cycdx"
Deleting file ".\I2C_Mouse.svd"
Deleting file ".\I2C_Mouse.rpt"
Deleting file ".\I2C_Mouse_timing.html"
Deleting file ".\ARM_GCC_541\Debug\.deps\SOURCE_C__ARM_GCC_GENERIC.P"
Deleting file ".\ARM_GCC_541\Debug\.deps\SOURCE_ASM__ARM_GCC_GENERIC.P"
cydsfit.exe -.appdatapath "C:\Users\oars0\AppData\Local\Cypress Semiconductor\PSoC Creator\4.4" -.fdsnotice -.fdswarpdepfile=warp_dependencies.txt -.fdselabdepfile=elab_dependencies.txt -.fdsbldfile=generated_files.txt -.fdsreffile=referenced_files.txt -p C:\Users\oars0\Documents\GitHub\Interfacing_Lab\Lab_2-usb-i2c-mouse-reyessanchezo\PSoC_Creator\I2C_mouse\I2C_Mouse\I2C_Mouse.cydsn\I2C_Mouse.cyprj -d CY8C5888LTI-LP097 -s C:\Users\oars0\Documents\GitHub\Interfacing_Lab\Lab_2-usb-i2c-mouse-reyessanchezo\PSoC_Creator\I2C_mouse\I2C_Mouse\I2C_Mouse.cydsn\Generated_Source\PSoC5 -- -yv2 -q10 -ygs -o2 -v3 -.fftcfgtype=LE
Elaborating Design...
ADD: sdb.M0065: information: Analog terminal "vdac_ref" on ADC_SAR_SEQ_v2_10 is unconnected.
 * C:\Program Files (x86)\Cypress\PSoC Creator\4.4\PSoC Creator\psoc\content\CyComponentLibrary\CyComponentLibrary.cylib\ADC_SAR_SEQ_v2_10\PSoC5\ADC_SAR_SEQ_v2_10.cysch (Signal: vdac_ref)
 * C:\Program Files (x86)\Cypress\PSoC Creator\4.4\PSoC Creator\psoc\content\CyComponentLibrary\CyComponentLibrary.cylib\ADC_SAR_SEQ_v2_10\PSoC5\ADC_SAR_SEQ_v2_10.cysch (Shape_798)
 * C:\Program Files (x86)\Cypress\PSoC Creator\4.4\PSoC Creator\psoc\content\CyComponentLibrary\CyComponentLibrary.cylib\ADC_SAR_SEQ_v2_10\PSoC5\ADC_SAR_SEQ_v2_10.cysch (Shape_885)
HDL Generation...
Synthesis...
Tech Mapping...
ADD: pft.M0040: information: The following 1 pin(s) will be assigned a location by the fitter: \ADC:SAR:Bypass(0)\
Analog Placement...
Info: apr.M0002: Analog signal "Net_309" is connected to one terminal only. (App=cydsfit)
Info: apr.M0002: Analog signal "Net_328" is connected to one terminal only. (App=cydsfit)
Info: apr.M0002: Analog signal "Net_358" is connected to one terminal only. (App=cydsfit)
Info: apr.M0002: Analog signal "Net_337" is connected to one terminal only. (App=cydsfit)
Info: apr.M0002: Analog signal "Net_338" is connected to one terminal only. (App=cydsfit)
Info: apr.M0002: Analog signal "Net_361" is connected to one terminal only. (App=cydsfit)
Info: apr.M0002: Analog signal "Net_341" is connected to one terminal only. (App=cydsfit)
Info: apr.M0002: Analog signal "Net_342" is connected to one terminal only. (App=cydsfit)
Info: apr.M0002: Analog signal "Net_377" is connected to one terminal only. (App=cydsfit)
Info: apr.M0002: Analog signal "Net_345" is connected to one terminal only. (App=cydsfit)
Info: apr.M0002: Analog signal "Net_346" is connected to one terminal only. (App=cydsfit)
Info: apr.M0002: Analog signal "Net_378" is connected to one terminal only. (App=cydsfit)
Info: apr.M0002: Analog signal "Net_287" is connected to one terminal only. (App=cydsfit)
Info: apr.M0002: Analog signal "Net_288" is connected to one terminal only. (App=cydsfit)
Info: apr.M0002: Analog signal "Net_348" is connected to one terminal only. (App=cydsfit)
Info: apr.M0002: Analog signal "Net_291" is connected to one terminal only. (App=cydsfit)
Info: apr.M0002: Analog signal "Net_292" is connected to one terminal only. (App=cydsfit)
Info: apr.M0002: Analog signal "Net_349" is connected to one terminal only. (App=cydsfit)
Info: apr.M0002: Analog signal "Net_295" is connected to one terminal only. (App=cydsfit)
Info: apr.M0002: Analog signal "Net_296" is connected to one terminal only. (App=cydsfit)
Info: apr.M0002: Analog signal "Net_350" is connected to one terminal only. (App=cydsfit)
Info: apr.M0002: Analog signal "Net_299" is connected to one terminal only. (App=cydsfit)
Info: apr.M0002: Analog signal "Net_300" is connected to one terminal only. (App=cydsfit)
Info: apr.M0002: Analog signal "Net_351" is connected to one terminal only. (App=cydsfit)
Info: apr.M0002: Analog signal "Net_303" is connected to one terminal only. (App=cydsfit)
Info: apr.M0002: Analog signal "Net_304" is connected to one terminal only. (App=cydsfit)
Info: apr.M0002: Analog signal "Net_352" is connected to one terminal only. (App=cydsfit)
Info: apr.M0002: Analog signal "Net_308" is connected to one terminal only. (App=cydsfit)
Info: apr.M0002: Analog signal "Net_310" is connected to one terminal only. (App=cydsfit)
Info: apr.M0002: Analog signal "Net_353" is connected to one terminal only. (App=cydsfit)
Info: apr.M0002: Analog signal "Net_313" is connected to one terminal only. (App=cydsfit)
Info: apr.M0002: Analog signal "Net_314" is connected to one terminal only. (App=cydsfit)
Info: apr.M0002: Analog signal "Net_354" is connected to one terminal only. (App=cydsfit)
Info: apr.M0002: Analog signal "Net_317" is connected to one terminal only. (App=cydsfit)
Info: apr.M0002: Analog signal "Net_318" is connected to one terminal only. (App=cydsfit)
Info: apr.M0002: Analog signal "Net_355" is connected to one terminal only. (App=cydsfit)
Info: apr.M0002: Analog signal "Net_321" is connected to one terminal only. (App=cydsfit)
Info: apr.M0002: Analog signal "Net_322" is connected to one terminal only. (App=cydsfit)
Info: apr.M0002: Analog signal "Net_356" is connected to one terminal only. (App=cydsfit)
Info: apr.M0002: Analog signal "Net_325" is connected to one terminal only. (App=cydsfit)
Info: apr.M0002: Analog signal "Net_326" is connected to one terminal only. (App=cydsfit)
Info: apr.M0002: Analog signal "Net_357" is connected to one terminal only. (App=cydsfit)
Info: apr.M0002: Analog signal "Net_330" is connected to one terminal only. (App=cydsfit)
Info: apr.M0002: Analog signal "Net_332" is connected to one terminal only. (App=cydsfit)
Info: apr.M0002: Analog signal "Net_359" is connected to one terminal only. (App=cydsfit)
Info: apr.M0002: Analog signal "Net_335" is connected to one terminal only. (App=cydsfit)
Info: apr.M0002: Analog signal "Net_360" is connected to one terminal only. (App=cydsfit)
Info: apr.M0002: Analog signal "Net_362" is connected to one terminal only. (App=cydsfit)
Info: apr.M0002: Analog signal "Net_363" is connected to one terminal only. (App=cydsfit)
Info: apr.M0002: Analog signal "Net_364" is connected to one terminal only. (App=cydsfit)
Info: apr.M0002: Analog signal "Net_365" is connected to one terminal only. (App=cydsfit)
Info: apr.M0002: Analog signal "Net_366" is connected to one terminal only. (App=cydsfit)
Info: apr.M0002: Analog signal "Net_367" is connected to one terminal only. (App=cydsfit)
Info: apr.M0002: Analog signal "Net_368" is connected to one terminal only. (App=cydsfit)
Info: apr.M0002: Analog signal "Net_369" is connected to one terminal only. (App=cydsfit)
Info: apr.M0002: Analog signal "Net_370" is connected to one terminal only. (App=cydsfit)
Info: apr.M0002: Analog signal "Net_371" is connected to one terminal only. (App=cydsfit)
Info: apr.M0002: Analog signal "Net_372" is connected to one terminal only. (App=cydsfit)
Info: apr.M0002: Analog signal "Net_373" is connected to one terminal only. (App=cydsfit)
Info: apr.M0002: Analog signal "Net_374" is connected to one terminal only. (App=cydsfit)
Info: apr.M0002: Analog signal "Net_375" is connected to one terminal only. (App=cydsfit)
Info: apr.M0002: Analog signal "Net_376" is connected to one terminal only. (App=cydsfit)
Analog Routing...
Analog Code Generation...
Digital Placement...
Digital Routing...
Bitstream Generation...
Bitstream Verification...
Static timing analysis...
Warning: sta.M0021: I2C_Mouse_timing.html: Warning-1350: Asynchronous path(s) exist from "ClockBlock/clk_bus_glb" to "ClockBlock/dclk_glb_0". See the timing report for details. (File=C:\Users\oars0\Documents\GitHub\Interfacing_Lab\Lab_2-usb-i2c-mouse-reyessanchezo\PSoC_Creator\I2C_mouse\I2C_Mouse\I2C_Mouse.cydsn\I2C_Mouse_timing.html)
Warning: sta.M0021: I2C_Mouse_timing.html: Warning-1350: Asynchronous path(s) exist from "ClockBlock/clk_bus_glb" to "ClockBlock/dclk_glb_1". See the timing report for details. (File=C:\Users\oars0\Documents\GitHub\Interfacing_Lab\Lab_2-usb-i2c-mouse-reyessanchezo\PSoC_Creator\I2C_mouse\I2C_Mouse\I2C_Mouse.cydsn\I2C_Mouse_timing.html)
Warning: sta.M0021: I2C_Mouse_timing.html: Warning-1350: Asynchronous path(s) exist from "ClockBlock/dclk_glb_0" to "ClockBlock/clk_bus_glb". See the timing report for details. (File=C:\Users\oars0\Documents\GitHub\Interfacing_Lab\Lab_2-usb-i2c-mouse-reyessanchezo\PSoC_Creator\I2C_mouse\I2C_Mouse\I2C_Mouse.cydsn\I2C_Mouse_timing.html)
API Generation...
Dependency Generation...
Cleanup...
arm-none-eabi-gcc.exe -mcpu=cortex-m3 -mthumb -I. -IGenerated_Source\PSoC5 -Wa,-alh=.\ARM_GCC_541\Debug/main.lst -g -Wall -ffunction-sections -ffat-lto-objects -O0 -c main.c -o .\ARM_GCC_541\Debug\main.o
arm-none-eabi-gcc.exe -mcpu=cortex-m3 -mthumb -I. -IGenerated_Source\PSoC5 -Wa,-alh=.\ARM_GCC_541\Debug/cyfitter_cfg.lst -g -Wall -ffunction-sections -ffat-lto-objects -O0 -c Generated_Source\PSoC5\cyfitter_cfg.c -o .\ARM_GCC_541\Debug\cyfitter_cfg.o
arm-none-eabi-gcc.exe -mcpu=cortex-m3 -mthumb -I. -IGenerated_Source\PSoC5 -Wa,-alh=.\ARM_GCC_541\Debug/cymetadata.lst -g -Wall -ffunction-sections -ffat-lto-objects -O0 -c Generated_Source\PSoC5\cymetadata.c -o .\ARM_GCC_541\Debug\cymetadata.o
arm-none-eabi-gcc.exe -mcpu=cortex-m3 -mthumb -I. -IGenerated_Source\PSoC5 -Wa,-alh=.\ARM_GCC_541\Debug/USBFS_1.lst -g -Wall -ffunction-sections -ffat-lto-objects -O0 -c Generated_Source\PSoC5\USBFS_1.c -o .\ARM_GCC_541\Debug\USBFS_1.o
arm-none-eabi-gcc.exe -mcpu=cortex-m3 -mthumb -I. -IGenerated_Source\PSoC5 -Wa,-alh=.\ARM_GCC_541\Debug/USBFS_1_audio.lst -g -Wall -ffunction-sections -ffat-lto-objects -O0 -c Generated_Source\PSoC5\USBFS_1_audio.c -o .\ARM_GCC_541\Debug\USBFS_1_audio.o
arm-none-eabi-gcc.exe -mcpu=cortex-m3 -mthumb -I. -IGenerated_Source\PSoC5 -Wa,-alh=.\ARM_GCC_541\Debug/USBFS_1_boot.lst -g -Wall -ffunction-sections -ffat-lto-objects -O0 -c Generated_Source\PSoC5\USBFS_1_boot.c -o .\ARM_GCC_541\Debug\USBFS_1_boot.o
arm-none-eabi-gcc.exe -mcpu=cortex-m3 -mthumb -I. -IGenerated_Source\PSoC5 -Wa,-alh=.\ARM_GCC_541\Debug/USBFS_1_cdc.lst -g -Wall -ffunction-sections -ffat-lto-objects -O0 -c Generated_Source\PSoC5\USBFS_1_cdc.c -o .\ARM_GCC_541\Debug\USBFS_1_cdc.o
arm-none-eabi-gcc.exe -mcpu=cortex-m3 -mthumb -I. -IGenerated_Source\PSoC5 -Wa,-alh=.\ARM_GCC_541\Debug/USBFS_1_cls.lst -g -Wall -ffunction-sections -ffat-lto-objects -O0 -c Generated_Source\PSoC5\USBFS_1_cls.c -o .\ARM_GCC_541\Debug\USBFS_1_cls.o
arm-none-eabi-gcc.exe -mcpu=cortex-m3 -mthumb -I. -IGenerated_Source\PSoC5 -Wa,-alh=.\ARM_GCC_541\Debug/USBFS_1_descr.lst -g -Wall -ffunction-sections -ffat-lto-objects -O0 -c Generated_Source\PSoC5\USBFS_1_descr.c -o .\ARM_GCC_541\Debug\USBFS_1_descr.o
arm-none-eabi-gcc.exe -mcpu=cortex-m3 -mthumb -I. -IGenerated_Source\PSoC5 -Wa,-alh=.\ARM_GCC_541\Debug/USBFS_1_drv.lst -g -Wall -ffunction-sections -ffat-lto-objects -O0 -c Generated_Source\PSoC5\USBFS_1_drv.c -o .\ARM_GCC_541\Debug\USBFS_1_drv.o
arm-none-eabi-gcc.exe -mcpu=cortex-m3 -mthumb -I. -IGenerated_Source\PSoC5 -Wa,-alh=.\ARM_GCC_541\Debug/USBFS_1_episr.lst -g -Wall -ffunction-sections -ffat-lto-objects -O0 -c Generated_Source\PSoC5\USBFS_1_episr.c -o .\ARM_GCC_541\Debug\USBFS_1_episr.o
arm-none-eabi-gcc.exe -mcpu=cortex-m3 -mthumb -I. -IGenerated_Source\PSoC5 -Wa,-alh=.\ARM_GCC_541\Debug/USBFS_1_hid.lst -g -Wall -ffunction-sections -ffat-lto-objects -O0 -c Generated_Source\PSoC5\USBFS_1_hid.c -o .\ARM_GCC_541\Debug\USBFS_1_hid.o
arm-none-eabi-gcc.exe -mcpu=cortex-m3 -mthumb -I. -IGenerated_Source\PSoC5 -Wa,-alh=.\ARM_GCC_541\Debug/USBFS_1_pm.lst -g -Wall -ffunction-sections -ffat-lto-objects -O0 -c Generated_Source\PSoC5\USBFS_1_pm.c -o .\ARM_GCC_541\Debug\USBFS_1_pm.o
arm-none-eabi-gcc.exe -mcpu=cortex-m3 -mthumb -I. -IGenerated_Source\PSoC5 -Wa,-alh=.\ARM_GCC_541\Debug/USBFS_1_std.lst -g -Wall -ffunction-sections -ffat-lto-objects -O0 -c Generated_Source\PSoC5\USBFS_1_std.c -o .\ARM_GCC_541\Debug\USBFS_1_std.o
arm-none-eabi-gcc.exe -mcpu=cortex-m3 -mthumb -I. -IGenerated_Source\PSoC5 -Wa,-alh=.\ARM_GCC_541\Debug/USBFS_1_vnd.lst -g -Wall -ffunction-sections -ffat-lto-objects -O0 -c Generated_Source\PSoC5\USBFS_1_vnd.c -o .\ARM_GCC_541\Debug\USBFS_1_vnd.o
arm-none-eabi-gcc.exe -mcpu=cortex-m3 -mthumb -I. -IGenerated_Source\PSoC5 -Wa,-alh=.\ARM_GCC_541\Debug/USBFS_1_midi.lst -g -Wall -ffunction-sections -ffat-lto-objects -O0 -c Generated_Source\PSoC5\USBFS_1_midi.c -o .\ARM_GCC_541\Debug\USBFS_1_midi.o
arm-none-eabi-gcc.exe -mcpu=cortex-m3 -mthumb -I. -IGenerated_Source\PSoC5 -Wa,-alh=.\ARM_GCC_541\Debug/USBFS_1_msc.lst -g -Wall -ffunction-sections -ffat-lto-objects -O0 -c Generated_Source\PSoC5\USBFS_1_msc.c -o .\ARM_GCC_541\Debug\USBFS_1_msc.o
arm-none-eabi-gcc.exe -mcpu=cortex-m3 -mthumb -I. -IGenerated_Source\PSoC5 -Wa,-alh=.\ARM_GCC_541\Debug/SW.lst -g -Wall -ffunction-sections -ffat-lto-objects -O0 -c Generated_Source\PSoC5\SW.c -o .\ARM_GCC_541\Debug\SW.o
arm-none-eabi-gcc.exe -mcpu=cortex-m3 -mthumb -I. -IGenerated_Source\PSoC5 -Wa,-alh=.\ARM_GCC_541\Debug/UART.lst -g -Wall -ffunction-sections -ffat-lto-objects -O0 -c Generated_Source\PSoC5\UART.c -o .\ARM_GCC_541\Debug\UART.o
arm-none-eabi-gcc.exe -mcpu=cortex-m3 -mthumb -I. -IGenerated_Source\PSoC5 -Wa,-alh=.\ARM_GCC_541\Debug/UART_PM.lst -g -Wall -ffunction-sections -ffat-lto-objects -O0 -c Generated_Source\PSoC5\UART_PM.c -o .\ARM_GCC_541\Debug\UART_PM.o
arm-none-eabi-gcc.exe -mcpu=cortex-m3 -mthumb -I. -IGenerated_Source\PSoC5 -Wa,-alh=.\ARM_GCC_541\Debug/UART_INT.lst -g -Wall -ffunction-sections -ffat-lto-objects -O0 -c Generated_Source\PSoC5\UART_INT.c -o .\ARM_GCC_541\Debug\UART_INT.o
arm-none-eabi-gcc.exe -mcpu=cortex-m3 -mthumb -I. -IGenerated_Source\PSoC5 -Wa,-alh=.\ARM_GCC_541\Debug/UART_BOOT.lst -g -Wall -ffunction-sections -ffat-lto-objects -O0 -c Generated_Source\PSoC5\UART_BOOT.c -o .\ARM_GCC_541\Debug\UART_BOOT.o
arm-none-eabi-gcc.exe -mcpu=cortex-m3 -mthumb -I. -IGenerated_Source\PSoC5 -Wa,-alh=.\ARM_GCC_541\Debug/SDA_1.lst -g -Wall -ffunction-sections -ffat-lto-objects -O0 -c Generated_Source\PSoC5\SDA_1.c -o .\ARM_GCC_541\Debug\SDA_1.o
arm-none-eabi-gcc.exe -mcpu=cortex-m3 -mthumb -I. -IGenerated_Source\PSoC5 -Wa,-alh=.\ARM_GCC_541\Debug/SCL_1.lst -g -Wall -ffunction-sections -ffat-lto-objects -O0 -c Generated_Source\PSoC5\SCL_1.c -o .\ARM_GCC_541\Debug\SCL_1.o
arm-none-eabi-gcc.exe -mcpu=cortex-m3 -mthumb -I. -IGenerated_Source\PSoC5 -Wa,-alh=.\ARM_GCC_541\Debug/USBFS_1_Dm.lst -g -Wall -ffunction-sections -ffat-lto-objects -O0 -c Generated_Source\PSoC5\USBFS_1_Dm.c -o .\ARM_GCC_541\Debug\USBFS_1_Dm.o
arm-none-eabi-gcc.exe -mcpu=cortex-m3 -mthumb -I. -IGenerated_Source\PSoC5 -Wa,-alh=.\ARM_GCC_541\Debug/USBFS_1_Dp.lst -g -Wall -ffunction-sections -ffat-lto-objects -O0 -c Generated_Source\PSoC5\USBFS_1_Dp.c -o .\ARM_GCC_541\Debug\USBFS_1_Dp.o
arm-none-eabi-gcc.exe -mcpu=cortex-m3 -mthumb -I. -IGenerated_Source\PSoC5 -Wa,-alh=.\ARM_GCC_541\Debug/UART_IntClock.lst -g -Wall -ffunction-sections -ffat-lto-objects -O0 -c Generated_Source\PSoC5\UART_IntClock.c -o .\ARM_GCC_541\Debug\UART_IntClock.o
arm-none-eabi-gcc.exe -mcpu=cortex-m3 -mthumb -I. -IGenerated_Source\PSoC5 -Wa,-alh=.\ARM_GCC_541\Debug/Cm3Start.lst -g -Wall -ffunction-sections -ffat-lto-objects -O0 -c Generated_Source\PSoC5\Cm3Start.c -o .\ARM_GCC_541\Debug\Cm3Start.o
arm-none-eabi-gcc.exe -mcpu=cortex-m3 -mthumb -I. -IGenerated_Source\PSoC5 -Wa,-alh=.\ARM_GCC_541\Debug/CyDmac.lst -g -Wall -ffunction-sections -ffat-lto-objects -O0 -c Generated_Source\PSoC5\CyDmac.c -o .\ARM_GCC_541\Debug\CyDmac.o
arm-none-eabi-gcc.exe -mcpu=cortex-m3 -mthumb -I. -IGenerated_Source\PSoC5 -Wa,-alh=.\ARM_GCC_541\Debug/CyFlash.lst -g -Wall -ffunction-sections -ffat-lto-objects -O0 -c Generated_Source\PSoC5\CyFlash.c -o .\ARM_GCC_541\Debug\CyFlash.o
arm-none-eabi-gcc.exe -mcpu=cortex-m3 -mthumb -I. -IGenerated_Source\PSoC5 -Wa,-alh=.\ARM_GCC_541\Debug/CyLib.lst -g -Wall -ffunction-sections -ffat-lto-objects -O0 -c Generated_Source\PSoC5\CyLib.c -o .\ARM_GCC_541\Debug\CyLib.o
arm-none-eabi-gcc.exe -mcpu=cortex-m3 -mthumb -I. -IGenerated_Source\PSoC5 -Wa,-alh=.\ARM_GCC_541\Debug/cyPm.lst -g -Wall -ffunction-sections -ffat-lto-objects -O0 -c Generated_Source\PSoC5\cyPm.c -o .\ARM_GCC_541\Debug\cyPm.o
arm-none-eabi-gcc.exe -mcpu=cortex-m3 -mthumb -I. -IGenerated_Source\PSoC5 -Wa,-alh=.\ARM_GCC_541\Debug/CySpc.lst -g -Wall -ffunction-sections -ffat-lto-objects -O0 -c Generated_Source\PSoC5\CySpc.c -o .\ARM_GCC_541\Debug\CySpc.o
arm-none-eabi-gcc.exe -mcpu=cortex-m3 -mthumb -I. -IGenerated_Source\PSoC5 -Wa,-alh=.\ARM_GCC_541\Debug/cyutils.lst -g -Wall -ffunction-sections -ffat-lto-objects -O0 -c Generated_Source\PSoC5\cyutils.c -o .\ARM_GCC_541\Debug\cyutils.o
arm-none-eabi-gcc.exe -mcpu=cortex-m3 -mthumb -I. -IGenerated_Source\PSoC5 -Wa,-alh=.\ARM_GCC_541\Debug/cy_em_eeprom.lst -g -Wall -ffunction-sections -ffat-lto-objects -O0 -c Generated_Source\PSoC5\cy_em_eeprom.c -o .\ARM_GCC_541\Debug\cy_em_eeprom.o
arm-none-eabi-gcc.exe -mcpu=cortex-m3 -mthumb -I. -IGenerated_Source\PSoC5 -Wa,-alh=.\ARM_GCC_541\Debug/I2C.lst -g -Wall -ffunction-sections -ffat-lto-objects -O0 -c Generated_Source\PSoC5\I2C.c -o .\ARM_GCC_541\Debug\I2C.o
arm-none-eabi-gcc.exe -mcpu=cortex-m3 -mthumb -I. -IGenerated_Source\PSoC5 -Wa,-alh=.\ARM_GCC_541\Debug/I2C_BOOT.lst -g -Wall -ffunction-sections -ffat-lto-objects -O0 -c Generated_Source\PSoC5\I2C_BOOT.c -o .\ARM_GCC_541\Debug\I2C_BOOT.o
arm-none-eabi-gcc.exe -mcpu=cortex-m3 -mthumb -I. -IGenerated_Source\PSoC5 -Wa,-alh=.\ARM_GCC_541\Debug/I2C_INT.lst -g -Wall -ffunction-sections -ffat-lto-objects -O0 -c Generated_Source\PSoC5\I2C_INT.c -o .\ARM_GCC_541\Debug\I2C_INT.o
arm-none-eabi-gcc.exe -mcpu=cortex-m3 -mthumb -I. -IGenerated_Source\PSoC5 -Wa,-alh=.\ARM_GCC_541\Debug/I2C_PM.lst -g -Wall -ffunction-sections -ffat-lto-objects -O0 -c Generated_Source\PSoC5\I2C_PM.c -o .\ARM_GCC_541\Debug\I2C_PM.o
arm-none-eabi-gcc.exe -mcpu=cortex-m3 -mthumb -I. -IGenerated_Source\PSoC5 -Wa,-alh=.\ARM_GCC_541\Debug/I2C_SLAVE.lst -g -Wall -ffunction-sections -ffat-lto-objects -O0 -c Generated_Source\PSoC5\I2C_SLAVE.c -o .\ARM_GCC_541\Debug\I2C_SLAVE.o
arm-none-eabi-gcc.exe -mcpu=cortex-m3 -mthumb -I. -IGenerated_Source\PSoC5 -Wa,-alh=.\ARM_GCC_541\Debug/I2C_MASTER.lst -g -Wall -ffunction-sections -ffat-lto-objects -O0 -c Generated_Source\PSoC5\I2C_MASTER.c -o .\ARM_GCC_541\Debug\I2C_MASTER.o
arm-none-eabi-gcc.exe -mcpu=cortex-m3 -mthumb -I. -IGenerated_Source\PSoC5 -Wa,-alh=.\ARM_GCC_541\Debug/VRX.lst -g -Wall -ffunction-sections -ffat-lto-objects -O0 -c Generated_Source\PSoC5\VRX.c -o .\ARM_GCC_541\Debug\VRX.o
arm-none-eabi-gcc.exe -mcpu=cortex-m3 -mthumb -I. -IGenerated_Source\PSoC5 -Wa,-alh=.\ARM_GCC_541\Debug/VRY.lst -g -Wall -ffunction-sections -ffat-lto-objects -O0 -c Generated_Source\PSoC5\VRY.c -o .\ARM_GCC_541\Debug\VRY.o
arm-none-eabi-gcc.exe -mcpu=cortex-m3 -mthumb -I. -IGenerated_Source\PSoC5 -Wa,-alh=.\ARM_GCC_541\Debug/ADC.lst -g -Wall -ffunction-sections -ffat-lto-objects -O0 -c Generated_Source\PSoC5\ADC.c -o .\ARM_GCC_541\Debug\ADC.o
arm-none-eabi-gcc.exe -mcpu=cortex-m3 -mthumb -I. -IGenerated_Source\PSoC5 -Wa,-alh=.\ARM_GCC_541\Debug/ADC_PM.lst -g -Wall -ffunction-sections -ffat-lto-objects -O0 -c Generated_Source\PSoC5\ADC_PM.c -o .\ARM_GCC_541\Debug\ADC_PM.o
arm-none-eabi-gcc.exe -mcpu=cortex-m3 -mthumb -I. -IGenerated_Source\PSoC5 -Wa,-alh=.\ARM_GCC_541\Debug/ADC_INT.lst -g -Wall -ffunction-sections -ffat-lto-objects -O0 -c Generated_Source\PSoC5\ADC_INT.c -o .\ARM_GCC_541\Debug\ADC_INT.o
arm-none-eabi-gcc.exe -mcpu=cortex-m3 -mthumb -I. -IGenerated_Source\PSoC5 -Wa,-alh=.\ARM_GCC_541\Debug/ADC_SAR.lst -g -Wall -ffunction-sections -ffat-lto-objects -O0 -c Generated_Source\PSoC5\ADC_SAR.c -o .\ARM_GCC_541\Debug\ADC_SAR.o
arm-none-eabi-gcc.exe -mcpu=cortex-m3 -mthumb -I. -IGenerated_Source\PSoC5 -Wa,-alh=.\ARM_GCC_541\Debug/ADC_SAR_INT.lst -g -Wall -ffunction-sections -ffat-lto-objects -O0 -c Generated_Source\PSoC5\ADC_SAR_INT.c -o .\ARM_GCC_541\Debug\ADC_SAR_INT.o
arm-none-eabi-gcc.exe -mcpu=cortex-m3 -mthumb -I. -IGenerated_Source\PSoC5 -Wa,-alh=.\ARM_GCC_541\Debug/ADC_SAR_PM.lst -g -Wall -ffunction-sections -ffat-lto-objects -O0 -c Generated_Source\PSoC5\ADC_SAR_PM.c -o .\ARM_GCC_541\Debug\ADC_SAR_PM.o
arm-none-eabi-gcc.exe -mcpu=cortex-m3 -mthumb -I. -IGenerated_Source\PSoC5 -Wa,-alh=.\ARM_GCC_541\Debug/ADC_IntClock.lst -g -Wall -ffunction-sections -ffat-lto-objects -O0 -c Generated_Source\PSoC5\ADC_IntClock.c -o .\ARM_GCC_541\Debug\ADC_IntClock.o
arm-none-eabi-gcc.exe -mcpu=cortex-m3 -mthumb -I. -IGenerated_Source\PSoC5 -Wa,-alh=.\ARM_GCC_541\Debug/ADC_TempBuf_dma.lst -g -Wall -ffunction-sections -ffat-lto-objects -O0 -c Generated_Source\PSoC5\ADC_TempBuf_dma.c -o .\ARM_GCC_541\Debug\ADC_TempBuf_dma.o
arm-none-eabi-gcc.exe -mcpu=cortex-m3 -mthumb -I. -IGenerated_Source\PSoC5 -Wa,-alh=.\ARM_GCC_541\Debug/ADC_FinalBuf_dma.lst -g -Wall -ffunction-sections -ffat-lto-objects -O0 -c Generated_Source\PSoC5\ADC_FinalBuf_dma.c -o .\ARM_GCC_541\Debug\ADC_FinalBuf_dma.o
arm-none-eabi-gcc.exe -mcpu=cortex-m3 -mthumb -I. -IGenerated_Source\PSoC5 -Wa,-alh=.\ARM_GCC_541\Debug/ADC_IRQ.lst -g -Wall -ffunction-sections -ffat-lto-objects -O0 -c Generated_Source\PSoC5\ADC_IRQ.c -o .\ARM_GCC_541\Debug\ADC_IRQ.o
arm-none-eabi-gcc.exe -mcpu=cortex-m3 -mthumb -I. -IGenerated_Source\PSoC5 -Wa,-alh=.\ARM_GCC_541\Debug/ADC_SAR_Bypass.lst -g -Wall -ffunction-sections -ffat-lto-objects -O0 -c Generated_Source\PSoC5\ADC_SAR_Bypass.c -o .\ARM_GCC_541\Debug\ADC_SAR_Bypass.o
arm-none-eabi-as.exe -mcpu=cortex-m3 -mthumb -I. -IGenerated_Source\PSoC5 -alh=.\ARM_GCC_541\Debug/CyBootAsmGnu.lst -g -o .\ARM_GCC_541\Debug\CyBootAsmGnu.o Generated_Source\PSoC5\CyBootAsmGnu.s
arm-none-eabi-ar.exe -rs .\ARM_GCC_541\Debug\I2C_Mouse.a .\ARM_GCC_541\Debug\USBFS_1.o .\ARM_GCC_541\Debug\USBFS_1_audio.o .\ARM_GCC_541\Debug\USBFS_1_boot.o .\ARM_GCC_541\Debug\USBFS_1_cdc.o .\ARM_GCC_541\Debug\USBFS_1_cls.o .\ARM_GCC_541\Debug\USBFS_1_descr.o .\ARM_GCC_541\Debug\USBFS_1_drv.o .\ARM_GCC_541\Debug\USBFS_1_episr.o .\ARM_GCC_541\Debug\USBFS_1_hid.o .\ARM_GCC_541\Debug\USBFS_1_pm.o .\ARM_GCC_541\Debug\USBFS_1_std.o .\ARM_GCC_541\Debug\USBFS_1_vnd.o .\ARM_GCC_541\Debug\USBFS_1_midi.o .\ARM_GCC_541\Debug\USBFS_1_msc.o .\ARM_GCC_541\Debug\SW.o .\ARM_GCC_541\Debug\UART.o .\ARM_GCC_541\Debug\UART_PM.o .\ARM_GCC_541\Debug\UART_INT.o .\ARM_GCC_541\Debug\UART_BOOT.o .\ARM_GCC_541\Debug\SDA_1.o .\ARM_GCC_541\Debug\SCL_1.o .\ARM_GCC_541\Debug\USBFS_1_Dm.o .\ARM_GCC_541\Debug\USBFS_1_Dp.o .\ARM_GCC_541\Debug\UART_IntClock.o .\ARM_GCC_541\Debug\CyDmac.o .\ARM_GCC_541\Debug\CyFlash.o .\ARM_GCC_541\Debug\CyLib.o .\ARM_GCC_541\Debug\cyPm.o .\ARM_GCC_541\Debug\CySpc.o .\ARM_GCC_541\Debug\cyutils.o .\ARM_GCC_541\Debug\cy_em_eeprom.o .\ARM_GCC_541\Debug\I2C.o .\ARM_GCC_541\Debug\I2C_BOOT.o .\ARM_GCC_541\Debug\I2C_INT.o .\ARM_GCC_541\Debug\I2C_PM.o .\ARM_GCC_541\Debug\I2C_SLAVE.o .\ARM_GCC_541\Debug\I2C_MASTER.o .\ARM_GCC_541\Debug\VRX.o .\ARM_GCC_541\Debug\VRY.o .\ARM_GCC_541\Debug\ADC.o .\ARM_GCC_541\Debug\ADC_PM.o .\ARM_GCC_541\Debug\ADC_INT.o .\ARM_GCC_541\Debug\ADC_SAR.o .\ARM_GCC_541\Debug\ADC_SAR_INT.o .\ARM_GCC_541\Debug\ADC_SAR_PM.o .\ARM_GCC_541\Debug\ADC_IntClock.o .\ARM_GCC_541\Debug\ADC_TempBuf_dma.o .\ARM_GCC_541\Debug\ADC_FinalBuf_dma.o .\ARM_GCC_541\Debug\ADC_IRQ.o .\ARM_GCC_541\Debug\ADC_SAR_Bypass.o .\ARM_GCC_541\Debug\CyBootAsmGnu.o
arm-none-eabi-ar.exe: creating .\ARM_GCC_541\Debug\I2C_Mouse.a
arm-none-eabi-gcc.exe -Wl,--start-group -o C:\Users\oars0\Documents\GitHub\Interfacing_Lab\Lab_2-usb-i2c-mouse-reyessanchezo\PSoC_Creator\I2C_mouse\I2C_Mouse\I2C_Mouse.cydsn\ARM_GCC_541\Debug\I2C_Mouse.elf .\ARM_GCC_541\Debug\main.o .\ARM_GCC_541\Debug\cyfitter_cfg.o .\ARM_GCC_541\Debug\cymetadata.o .\ARM_GCC_541\Debug\Cm3Start.o .\ARM_GCC_541\Debug\I2C_Mouse.a "C:\Program Files (x86)\Cypress\PSoC Creator\4.4\PSoC Creator\psoc\content\cycomponentlibrary\CyComponentLibrary.cylib\CortexM3\ARM_GCC_541\Debug\CyComponentLibrary.a" -mcpu=cortex-m3 -mthumb -L Generated_Source\PSoC5 -Wl,-Map,.\ARM_GCC_541\Debug/I2C_Mouse.map -T Generated_Source\PSoC5\cm3gcc.ld -specs=nano.specs -Wl,--gc-sections -g -ffunction-sections -O0 -ffat-lto-objects -Wl,--end-group
cyelftool.exe -C C:\Users\oars0\Documents\GitHub\Interfacing_Lab\Lab_2-usb-i2c-mouse-reyessanchezo\PSoC_Creator\I2C_mouse\I2C_Mouse\I2C_Mouse.cydsn\ARM_GCC_541\Debug\I2C_Mouse.elf --flash_row_size 256 --flash_size 262144 --flash_offset 0x00000000
No ELF section .cychecksum found, creating one
Application checksum calculated and stored in ELF section .cychecksum
Checksum calculated and stored in ELF section .cymeta
cyelftool.exe -S C:\Users\oars0\Documents\GitHub\Interfacing_Lab\Lab_2-usb-i2c-mouse-reyessanchezo\PSoC_Creator\I2C_mouse\I2C_Mouse\I2C_Mouse.cydsn\ARM_GCC_541\Debug\I2C_Mouse.elf
Flash used: 22920 of 262144 bytes (8.7%).
SRAM used: 2781 of 65536 bytes (4.2%). Stack: 2048 bytes. Heap: 128 bytes.
--------------- Rebuild Succeeded: 02/27/2024 08:34:53 ---------------
