ARM GAS  C:\Users\oars0\AppData\Local\Temp\ccgOpmxp.s 			page 1


   1              		.syntax unified
   2              		.cpu cortex-m0plus
   3              		.fpu softvfp
   4              		.eabi_attribute 20, 1
   5              		.eabi_attribute 21, 1
   6              		.eabi_attribute 23, 3
   7              		.eabi_attribute 24, 1
   8              		.eabi_attribute 25, 1
   9              		.eabi_attribute 26, 1
  10              		.eabi_attribute 30, 1
  11              		.eabi_attribute 34, 0
  12              		.eabi_attribute 18, 4
  13              		.thumb
  14              		.syntax unified
  15              		.file	"IDAC_PM.c"
  16              		.text
  17              	.Ltext0:
  18              		.cfi_sections	.debug_frame
  19              		.section	.text.IDAC_Sleep,"ax",%progbits
  20              		.align	2
  21              		.global	IDAC_Sleep
  22              		.code	16
  23              		.thumb_func
  24              		.type	IDAC_Sleep, %function
  25              	IDAC_Sleep:
  26              	.LFB45:
  27              		.file 1 "Generated_Source\\PSoC6\\IDAC_PM.c"
   1:Generated_Source\PSoC6/IDAC_PM.c **** /***************************************************************************//**
   2:Generated_Source\PSoC6/IDAC_PM.c **** * \file IDAC_PM.c
   3:Generated_Source\PSoC6/IDAC_PM.c **** * \version 1.0
   4:Generated_Source\PSoC6/IDAC_PM.c **** *
   5:Generated_Source\PSoC6/IDAC_PM.c **** * \brief
   6:Generated_Source\PSoC6/IDAC_PM.c **** *  This file provides Low power mode APIs for IDAC7 component.
   7:Generated_Source\PSoC6/IDAC_PM.c **** *
   8:Generated_Source\PSoC6/IDAC_PM.c **** ********************************************************************************
   9:Generated_Source\PSoC6/IDAC_PM.c **** * \copyright
  10:Generated_Source\PSoC6/IDAC_PM.c **** * Copyright 2017, Cypress Semiconductor Corporation.  All rights reserved.
  11:Generated_Source\PSoC6/IDAC_PM.c **** * You may use this file only in accordance with the license, terms, conditions,
  12:Generated_Source\PSoC6/IDAC_PM.c **** * disclaimers, and limitations in the end user license agreement accompanying
  13:Generated_Source\PSoC6/IDAC_PM.c **** * the software package with which this file was provided.
  14:Generated_Source\PSoC6/IDAC_PM.c **** *******************************************************************************/
  15:Generated_Source\PSoC6/IDAC_PM.c **** 
  16:Generated_Source\PSoC6/IDAC_PM.c **** #include "IDAC.h"
  17:Generated_Source\PSoC6/IDAC_PM.c **** 
  18:Generated_Source\PSoC6/IDAC_PM.c **** 
  19:Generated_Source\PSoC6/IDAC_PM.c **** /*******************************************************************************
  20:Generated_Source\PSoC6/IDAC_PM.c **** * Function Name: IDAC_Sleep
  21:Generated_Source\PSoC6/IDAC_PM.c **** ****************************************************************************//**
  22:Generated_Source\PSoC6/IDAC_PM.c **** *
  23:Generated_Source\PSoC6/IDAC_PM.c **** *  Stores all volatile settings and powers down the IDAC.
  24:Generated_Source\PSoC6/IDAC_PM.c **** *
  25:Generated_Source\PSoC6/IDAC_PM.c **** *******************************************************************************/
  26:Generated_Source\PSoC6/IDAC_PM.c **** void IDAC_Sleep(void)
  27:Generated_Source\PSoC6/IDAC_PM.c **** {
  28              		.loc 1 27 0
  29              		.cfi_startproc
  30              		@ args = 0, pretend = 0, frame = 0
ARM GAS  C:\Users\oars0\AppData\Local\Temp\ccgOpmxp.s 			page 2


  31              		@ frame_needed = 0, uses_anonymous_args = 0
  32              		@ link register save eliminated.
  28:Generated_Source\PSoC6/IDAC_PM.c ****     /* Do nothing */
  29:Generated_Source\PSoC6/IDAC_PM.c **** }
  33              		.loc 1 29 0
  34              		@ sp needed
  35 0000 7047     		bx	lr
  36              		.cfi_endproc
  37              	.LFE45:
  38              		.size	IDAC_Sleep, .-IDAC_Sleep
  39 0002 C046     		.section	.text.IDAC_Wakeup,"ax",%progbits
  40              		.align	2
  41              		.global	IDAC_Wakeup
  42              		.code	16
  43              		.thumb_func
  44              		.type	IDAC_Wakeup, %function
  45              	IDAC_Wakeup:
  46              	.LFB46:
  30:Generated_Source\PSoC6/IDAC_PM.c **** 
  31:Generated_Source\PSoC6/IDAC_PM.c **** 
  32:Generated_Source\PSoC6/IDAC_PM.c **** /*******************************************************************************
  33:Generated_Source\PSoC6/IDAC_PM.c **** * Function Name: IDAC_Wakeup
  34:Generated_Source\PSoC6/IDAC_PM.c **** ****************************************************************************//**
  35:Generated_Source\PSoC6/IDAC_PM.c **** *
  36:Generated_Source\PSoC6/IDAC_PM.c **** *  Restores settings and power saved by the Sleep function after wakeup.
  37:Generated_Source\PSoC6/IDAC_PM.c **** *
  38:Generated_Source\PSoC6/IDAC_PM.c **** *******************************************************************************/
  39:Generated_Source\PSoC6/IDAC_PM.c **** void IDAC_Wakeup(void)
  40:Generated_Source\PSoC6/IDAC_PM.c **** {
  47              		.loc 1 40 0
  48              		.cfi_startproc
  49              		@ args = 0, pretend = 0, frame = 0
  50              		@ frame_needed = 0, uses_anonymous_args = 0
  51              		@ link register save eliminated.
  41:Generated_Source\PSoC6/IDAC_PM.c ****     /* Do nothing */
  42:Generated_Source\PSoC6/IDAC_PM.c **** }
  52              		.loc 1 42 0
  53              		@ sp needed
  54 0000 7047     		bx	lr
  55              		.cfi_endproc
  56              	.LFE46:
  57              		.size	IDAC_Wakeup, .-IDAC_Wakeup
  58 0002 C046     		.text
  59              	.Letext0:
  60              		.section	.debug_info,"",%progbits
  61              	.Ldebug_info0:
  62 0000 AD000000 		.4byte	0xad
  63 0004 0400     		.2byte	0x4
  64 0006 00000000 		.4byte	.Ldebug_abbrev0
  65 000a 04       		.byte	0x4
  66 000b 01       		.uleb128 0x1
  67 000c 21010000 		.4byte	.LASF16
  68 0010 0C       		.byte	0xc
  69 0011 61000000 		.4byte	.LASF17
  70 0015 95000000 		.4byte	.LASF18
  71 0019 00000000 		.4byte	.Ldebug_ranges0+0
  72 001d 00000000 		.4byte	0
ARM GAS  C:\Users\oars0\AppData\Local\Temp\ccgOpmxp.s 			page 3


  73 0021 00000000 		.4byte	.Ldebug_line0
  74 0025 02       		.uleb128 0x2
  75 0026 02       		.byte	0x2
  76 0027 05       		.byte	0x5
  77 0028 17010000 		.4byte	.LASF0
  78 002c 02       		.uleb128 0x2
  79 002d 01       		.byte	0x1
  80 002e 08       		.byte	0x8
  81 002f 82000000 		.4byte	.LASF1
  82 0033 02       		.uleb128 0x2
  83 0034 01       		.byte	0x1
  84 0035 06       		.byte	0x6
  85 0036 1B000000 		.4byte	.LASF2
  86 003a 02       		.uleb128 0x2
  87 003b 02       		.byte	0x2
  88 003c 07       		.byte	0x7
  89 003d EC000000 		.4byte	.LASF3
  90 0041 02       		.uleb128 0x2
  91 0042 04       		.byte	0x4
  92 0043 05       		.byte	0x5
  93 0044 E3000000 		.4byte	.LASF4
  94 0048 02       		.uleb128 0x2
  95 0049 04       		.byte	0x4
  96 004a 07       		.byte	0x7
  97 004b 27000000 		.4byte	.LASF5
  98 004f 02       		.uleb128 0x2
  99 0050 08       		.byte	0x8
 100 0051 05       		.byte	0x5
 101 0052 00000000 		.4byte	.LASF6
 102 0056 02       		.uleb128 0x2
 103 0057 08       		.byte	0x8
 104 0058 07       		.byte	0x7
 105 0059 39000000 		.4byte	.LASF7
 106 005d 03       		.uleb128 0x3
 107 005e 04       		.byte	0x4
 108 005f 05       		.byte	0x5
 109 0060 696E7400 		.ascii	"int\000"
 110 0064 02       		.uleb128 0x2
 111 0065 04       		.byte	0x4
 112 0066 07       		.byte	0x7
 113 0067 0E000000 		.4byte	.LASF8
 114 006b 02       		.uleb128 0x2
 115 006c 04       		.byte	0x4
 116 006d 07       		.byte	0x7
 117 006e B3010000 		.4byte	.LASF9
 118 0072 02       		.uleb128 0x2
 119 0073 08       		.byte	0x8
 120 0074 04       		.byte	0x4
 121 0075 0B010000 		.4byte	.LASF10
 122 0079 02       		.uleb128 0x2
 123 007a 01       		.byte	0x1
 124 007b 08       		.byte	0x8
 125 007c 90000000 		.4byte	.LASF11
 126 0080 02       		.uleb128 0x2
 127 0081 04       		.byte	0x4
 128 0082 04       		.byte	0x4
 129 0083 5B000000 		.4byte	.LASF12
ARM GAS  C:\Users\oars0\AppData\Local\Temp\ccgOpmxp.s 			page 4


 130 0087 02       		.uleb128 0x2
 131 0088 08       		.byte	0x8
 132 0089 04       		.byte	0x4
 133 008a DC000000 		.4byte	.LASF13
 134 008e 04       		.uleb128 0x4
 135 008f 50000000 		.4byte	.LASF14
 136 0093 01       		.byte	0x1
 137 0094 1A       		.byte	0x1a
 138 0095 00000000 		.4byte	.LFB45
 139 0099 02000000 		.4byte	.LFE45-.LFB45
 140 009d 01       		.uleb128 0x1
 141 009e 9C       		.byte	0x9c
 142 009f 04       		.uleb128 0x4
 143 00a0 FF000000 		.4byte	.LASF15
 144 00a4 01       		.byte	0x1
 145 00a5 27       		.byte	0x27
 146 00a6 00000000 		.4byte	.LFB46
 147 00aa 02000000 		.4byte	.LFE46-.LFB46
 148 00ae 01       		.uleb128 0x1
 149 00af 9C       		.byte	0x9c
 150 00b0 00       		.byte	0
 151              		.section	.debug_abbrev,"",%progbits
 152              	.Ldebug_abbrev0:
 153 0000 01       		.uleb128 0x1
 154 0001 11       		.uleb128 0x11
 155 0002 01       		.byte	0x1
 156 0003 25       		.uleb128 0x25
 157 0004 0E       		.uleb128 0xe
 158 0005 13       		.uleb128 0x13
 159 0006 0B       		.uleb128 0xb
 160 0007 03       		.uleb128 0x3
 161 0008 0E       		.uleb128 0xe
 162 0009 1B       		.uleb128 0x1b
 163 000a 0E       		.uleb128 0xe
 164 000b 55       		.uleb128 0x55
 165 000c 17       		.uleb128 0x17
 166 000d 11       		.uleb128 0x11
 167 000e 01       		.uleb128 0x1
 168 000f 10       		.uleb128 0x10
 169 0010 17       		.uleb128 0x17
 170 0011 00       		.byte	0
 171 0012 00       		.byte	0
 172 0013 02       		.uleb128 0x2
 173 0014 24       		.uleb128 0x24
 174 0015 00       		.byte	0
 175 0016 0B       		.uleb128 0xb
 176 0017 0B       		.uleb128 0xb
 177 0018 3E       		.uleb128 0x3e
 178 0019 0B       		.uleb128 0xb
 179 001a 03       		.uleb128 0x3
 180 001b 0E       		.uleb128 0xe
 181 001c 00       		.byte	0
 182 001d 00       		.byte	0
 183 001e 03       		.uleb128 0x3
 184 001f 24       		.uleb128 0x24
 185 0020 00       		.byte	0
 186 0021 0B       		.uleb128 0xb
ARM GAS  C:\Users\oars0\AppData\Local\Temp\ccgOpmxp.s 			page 5


 187 0022 0B       		.uleb128 0xb
 188 0023 3E       		.uleb128 0x3e
 189 0024 0B       		.uleb128 0xb
 190 0025 03       		.uleb128 0x3
 191 0026 08       		.uleb128 0x8
 192 0027 00       		.byte	0
 193 0028 00       		.byte	0
 194 0029 04       		.uleb128 0x4
 195 002a 2E       		.uleb128 0x2e
 196 002b 00       		.byte	0
 197 002c 3F       		.uleb128 0x3f
 198 002d 19       		.uleb128 0x19
 199 002e 03       		.uleb128 0x3
 200 002f 0E       		.uleb128 0xe
 201 0030 3A       		.uleb128 0x3a
 202 0031 0B       		.uleb128 0xb
 203 0032 3B       		.uleb128 0x3b
 204 0033 0B       		.uleb128 0xb
 205 0034 27       		.uleb128 0x27
 206 0035 19       		.uleb128 0x19
 207 0036 11       		.uleb128 0x11
 208 0037 01       		.uleb128 0x1
 209 0038 12       		.uleb128 0x12
 210 0039 06       		.uleb128 0x6
 211 003a 40       		.uleb128 0x40
 212 003b 18       		.uleb128 0x18
 213 003c 9742     		.uleb128 0x2117
 214 003e 19       		.uleb128 0x19
 215 003f 00       		.byte	0
 216 0040 00       		.byte	0
 217 0041 00       		.byte	0
 218              		.section	.debug_aranges,"",%progbits
 219 0000 24000000 		.4byte	0x24
 220 0004 0200     		.2byte	0x2
 221 0006 00000000 		.4byte	.Ldebug_info0
 222 000a 04       		.byte	0x4
 223 000b 00       		.byte	0
 224 000c 0000     		.2byte	0
 225 000e 0000     		.2byte	0
 226 0010 00000000 		.4byte	.LFB45
 227 0014 02000000 		.4byte	.LFE45-.LFB45
 228 0018 00000000 		.4byte	.LFB46
 229 001c 02000000 		.4byte	.LFE46-.LFB46
 230 0020 00000000 		.4byte	0
 231 0024 00000000 		.4byte	0
 232              		.section	.debug_ranges,"",%progbits
 233              	.Ldebug_ranges0:
 234 0000 00000000 		.4byte	.LFB45
 235 0004 02000000 		.4byte	.LFE45
 236 0008 00000000 		.4byte	.LFB46
 237 000c 02000000 		.4byte	.LFE46
 238 0010 00000000 		.4byte	0
 239 0014 00000000 		.4byte	0
 240              		.section	.debug_line,"",%progbits
 241              	.Ldebug_line0:
 242 0000 5D000000 		.section	.debug_str,"MS",%progbits,1
 242      02003700 
ARM GAS  C:\Users\oars0\AppData\Local\Temp\ccgOpmxp.s 			page 6


 242      00000201 
 242      FB0E0D00 
 242      01010101 
 243              	.LASF6:
 244 0000 6C6F6E67 		.ascii	"long long int\000"
 244      206C6F6E 
 244      6720696E 
 244      7400
 245              	.LASF8:
 246 000e 756E7369 		.ascii	"unsigned int\000"
 246      676E6564 
 246      20696E74 
 246      00
 247              	.LASF2:
 248 001b 7369676E 		.ascii	"signed char\000"
 248      65642063 
 248      68617200 
 249              	.LASF5:
 250 0027 6C6F6E67 		.ascii	"long unsigned int\000"
 250      20756E73 
 250      69676E65 
 250      6420696E 
 250      7400
 251              	.LASF7:
 252 0039 6C6F6E67 		.ascii	"long long unsigned int\000"
 252      206C6F6E 
 252      6720756E 
 252      7369676E 
 252      65642069 
 253              	.LASF14:
 254 0050 49444143 		.ascii	"IDAC_Sleep\000"
 254      5F536C65 
 254      657000
 255              	.LASF12:
 256 005b 666C6F61 		.ascii	"float\000"
 256      7400
 257              	.LASF17:
 258 0061 47656E65 		.ascii	"Generated_Source\\PSoC6\\IDAC_PM.c\000"
 258      72617465 
 258      645F536F 
 258      75726365 
 258      5C50536F 
 259              	.LASF1:
 260 0082 756E7369 		.ascii	"unsigned char\000"
 260      676E6564 
 260      20636861 
 260      7200
 261              	.LASF11:
 262 0090 63686172 		.ascii	"char\000"
 262      00
 263              	.LASF18:
 264 0095 433A5C55 		.ascii	"C:\\Users\\oars0\\Documents\\GitHub\\InterfacingLab"
 264      73657273 
 264      5C6F6172 
 264      73305C44 
 264      6F63756D 
 265 00c3 5C50534F 		.ascii	"\\PSOCCreator\\Lab01.cydsn\000"
ARM GAS  C:\Users\oars0\AppData\Local\Temp\ccgOpmxp.s 			page 7


 265      43437265 
 265      61746F72 
 265      5C4C6162 
 265      30312E63 
 266              	.LASF13:
 267 00dc 646F7562 		.ascii	"double\000"
 267      6C6500
 268              	.LASF4:
 269 00e3 6C6F6E67 		.ascii	"long int\000"
 269      20696E74 
 269      00
 270              	.LASF3:
 271 00ec 73686F72 		.ascii	"short unsigned int\000"
 271      7420756E 
 271      7369676E 
 271      65642069 
 271      6E7400
 272              	.LASF15:
 273 00ff 49444143 		.ascii	"IDAC_Wakeup\000"
 273      5F57616B 
 273      65757000 
 274              	.LASF10:
 275 010b 6C6F6E67 		.ascii	"long double\000"
 275      20646F75 
 275      626C6500 
 276              	.LASF0:
 277 0117 73686F72 		.ascii	"short int\000"
 277      7420696E 
 277      7400
 278              	.LASF16:
 279 0121 474E5520 		.ascii	"GNU C11 5.4.1 20160609 (release) [ARM/embedded-5-br"
 279      43313120 
 279      352E342E 
 279      31203230 
 279      31363036 
 280 0154 616E6368 		.ascii	"anch revision 237715] -mcpu=cortex-m0plus -mthumb -"
 280      20726576 
 280      6973696F 
 280      6E203233 
 280      37373135 
 281 0187 67202D4F 		.ascii	"g -Og -ffunction-sections -ffat-lto-objects\000"
 281      67202D66 
 281      66756E63 
 281      74696F6E 
 281      2D736563 
 282              	.LASF9:
 283 01b3 73697A65 		.ascii	"sizetype\000"
 283      74797065 
 283      00
 284              		.ident	"GCC: (GNU Tools for ARM Embedded Processors) 5.4.1 20160609 (release) [ARM/embedded-5-bran
