ARM GAS  C:\Users\oars0\AppData\Local\Temp\ccELdsiN.s 			page 1


   1              		.syntax unified
   2              		.cpu cortex-m3
   3              		.fpu softvfp
   4              		.eabi_attribute 20, 1
   5              		.eabi_attribute 21, 1
   6              		.eabi_attribute 23, 3
   7              		.eabi_attribute 24, 1
   8              		.eabi_attribute 25, 1
   9              		.eabi_attribute 26, 1
  10              		.eabi_attribute 30, 6
  11              		.eabi_attribute 34, 1
  12              		.eabi_attribute 18, 4
  13              		.thumb
  14              		.syntax unified
  15              		.file	"main.c"
  16              		.text
  17              	.Ltext0:
  18              		.cfi_sections	.debug_frame
  19              		.data
  20              		.align	2
  21              		.type	default_compare, %object
  22              		.size	default_compare, 4
  23              	default_compare:
  24 0000 44480000 		.word	18500
  25              		.global	temp
  26              		.bss
  27              		.align	3
  28              		.type	temp, %object
  29              		.size	temp, 8
  30              	temp:
  31 0000 00000000 		.space	8
  31      00000000 
  32              		.comm	buffer,100,4
  33              		.comm	Stepper_Direction,4,4
  34              		.global	__aeabi_i2d
  35              		.global	__aeabi_ddiv
  36              		.global	__aeabi_dmul
  37              		.global	__aeabi_dsub
  38              		.global	__aeabi_ui2d
  39              		.global	__aeabi_dadd
  40              		.global	__aeabi_d2uiz
  41              		.section	.text.MicroServoControl,"ax",%progbits
  42              		.align	2
  43              		.global	MicroServoControl
  44              		.thumb
  45              		.thumb_func
  46              		.type	MicroServoControl, %function
  47              	MicroServoControl:
  48              	.LFB64:
  49              		.file 1 "main.c"
   1:main.c        **** /******************************************************************************
   2:main.c        **** * File Name: main.c
   3:main.c        **** *
   4:main.c        **** * Description: Joystick control for microservo and stepper motor
   5:main.c        **** *
   6:main.c        **** *******************************************************************************/
   7:main.c        **** 
ARM GAS  C:\Users\oars0\AppData\Local\Temp\ccELdsiN.s 			page 2


   8:main.c        **** 
   9:main.c        **** #include <project.h>
  10:main.c        **** #include <stdio.h>
  11:main.c        **** #include <stdlib.h>
  12:main.c        **** 
  13:main.c        **** static uint default_compare = 18500; //should be 0 degrees on the servo
  14:main.c        **** double temp = 0;
  15:main.c        **** char buffer[100];
  16:main.c        **** uint Stepper_Direction;
  17:main.c        **** 
  18:main.c        **** CY_ISR(MicroServoControl)
  19:main.c        **** {
  50              		.loc 1 19 0
  51              		.cfi_startproc
  52              		@ args = 0, pretend = 0, frame = 0
  53              		@ frame_needed = 1, uses_anonymous_args = 0
  54 0000 98B5     		push	{r3, r4, r7, lr}
  55              		.cfi_def_cfa_offset 16
  56              		.cfi_offset 3, -16
  57              		.cfi_offset 4, -12
  58              		.cfi_offset 7, -8
  59              		.cfi_offset 14, -4
  60 0002 00AF     		add	r7, sp, #0
  61              		.cfi_def_cfa_register 7
  20:main.c        ****     ADC_StartConvert();
  62              		.loc 1 20 0
  63 0004 FFF7FEFF 		bl	ADC_StartConvert
  21:main.c        ****     ADC_IsEndConversion(ADC_WAIT_FOR_RESULT); 
  64              		.loc 1 21 0
  65 0008 0020     		movs	r0, #0
  66 000a FFF7FEFF 		bl	ADC_IsEndConversion
  22:main.c        ****     temp = (ADC_GetResult16(0)/127.0)*950-1150; //reading channel zero, horizontal
  67              		.loc 1 22 0
  68 000e 0020     		movs	r0, #0
  69 0010 FFF7FEFF 		bl	ADC_GetResult16
  70 0014 0346     		mov	r3, r0
  71 0016 1846     		mov	r0, r3
  72 0018 FFF7FEFF 		bl	__aeabi_i2d
  73 001c 1AA3     		adr	r3, .L2
  74 001e D3E90023 		ldrd	r2, [r3]
  75 0022 FFF7FEFF 		bl	__aeabi_ddiv
  76 0026 0346     		mov	r3, r0
  77 0028 0C46     		mov	r4, r1
  78 002a 1846     		mov	r0, r3
  79 002c 2146     		mov	r1, r4
  80 002e 4FF00002 		mov	r2, #0
  81 0032 194B     		ldr	r3, .L2+16
  82 0034 FFF7FEFF 		bl	__aeabi_dmul
  83 0038 0346     		mov	r3, r0
  84 003a 0C46     		mov	r4, r1
  85 003c 1846     		mov	r0, r3
  86 003e 2146     		mov	r1, r4
  87 0040 13A3     		adr	r3, .L2+8
  88 0042 D3E90023 		ldrd	r2, [r3]
  89 0046 FFF7FEFF 		bl	__aeabi_dsub
  90 004a 0346     		mov	r3, r0
  91 004c 0C46     		mov	r4, r1
ARM GAS  C:\Users\oars0\AppData\Local\Temp\ccELdsiN.s 			page 3


  92 004e 134A     		ldr	r2, .L2+20
  93 0050 C2E90034 		strd	r3, [r2]
  23:main.c        ****     //temp values rang from -1150 to 757, which correspond pretty closely to 0 to 180 degrees on th
  24:main.c        **** 
  25:main.c        ****     PWM_Servo_WriteCompare(default_compare+temp);
  94              		.loc 1 25 0
  95 0054 124B     		ldr	r3, .L2+24
  96 0056 1B68     		ldr	r3, [r3]
  97 0058 1846     		mov	r0, r3
  98 005a FFF7FEFF 		bl	__aeabi_ui2d
  99 005e 0F4B     		ldr	r3, .L2+20
 100 0060 18CB     		ldmia	r3, {r3-r4}
 101 0062 1A46     		mov	r2, r3
 102 0064 2346     		mov	r3, r4
 103 0066 FFF7FEFF 		bl	__aeabi_dadd
 104 006a 0346     		mov	r3, r0
 105 006c 0C46     		mov	r4, r1
 106 006e 1846     		mov	r0, r3
 107 0070 2146     		mov	r1, r4
 108 0072 FFF7FEFF 		bl	__aeabi_d2uiz
 109 0076 0346     		mov	r3, r0
 110 0078 9BB2     		uxth	r3, r3
 111 007a 1846     		mov	r0, r3
 112 007c FFF7FEFF 		bl	PWM_Servo_WriteCompare
  26:main.c        **** }
 113              		.loc 1 26 0
 114 0080 00BF     		nop
 115 0082 98BD     		pop	{r3, r4, r7, pc}
 116              	.L3:
 117 0084 AFF30080 		.align	3
 118              	.L2:
 119 0088 00000000 		.word	0
 120 008c 00C05F40 		.word	1080016896
 121 0090 00000000 		.word	0
 122 0094 00F89140 		.word	1083308032
 123 0098 00B08D40 		.word	1083027456
 124 009c 00000000 		.word	temp
 125 00a0 00000000 		.word	default_compare
 126              		.cfi_endproc
 127              	.LFE64:
 128              		.size	MicroServoControl, .-MicroServoControl
 129              		.global	__aeabi_d2iz
 130              		.global	__aeabi_dcmpgt
 131              		.section	.rodata
 132              		.align	2
 133              	.LC0:
 134 0000 53746570 		.ascii	"Stepper temp:%i\011divider: %u\012\000"
 134      70657220 
 134      74656D70 
 134      3A256909 
 134      64697669 
 135              		.section	.text.StepperControl,"ax",%progbits
 136              		.align	2
 137              		.global	StepperControl
 138              		.thumb
 139              		.thumb_func
 140              		.type	StepperControl, %function
ARM GAS  C:\Users\oars0\AppData\Local\Temp\ccELdsiN.s 			page 4


 141              	StepperControl:
 142              	.LFB65:
  27:main.c        **** 
  28:main.c        **** CY_ISR(StepperControl)
  29:main.c        **** {
 143              		.loc 1 29 0
 144              		.cfi_startproc
 145              		@ args = 0, pretend = 0, frame = 0
 146              		@ frame_needed = 1, uses_anonymous_args = 0
 147 0000 B0B5     		push	{r4, r5, r7, lr}
 148              		.cfi_def_cfa_offset 16
 149              		.cfi_offset 4, -16
 150              		.cfi_offset 5, -12
 151              		.cfi_offset 7, -8
 152              		.cfi_offset 14, -4
 153 0002 00AF     		add	r7, sp, #0
 154              		.cfi_def_cfa_register 7
  30:main.c        ****     ADC_StartConvert();
 155              		.loc 1 30 0
 156 0004 FFF7FEFF 		bl	ADC_StartConvert
  31:main.c        ****     ADC_IsEndConversion(ADC_WAIT_FOR_RESULT); 
 157              		.loc 1 31 0
 158 0008 0020     		movs	r0, #0
 159 000a FFF7FEFF 		bl	ADC_IsEndConversion
  32:main.c        ****     temp = (ADC_GetResult16(1)/127.0)*75-75; //Reading channel one, vertical
 160              		.loc 1 32 0
 161 000e 0120     		movs	r0, #1
 162 0010 FFF7FEFF 		bl	ADC_GetResult16
 163 0014 0346     		mov	r3, r0
 164 0016 1846     		mov	r0, r3
 165 0018 FFF7FEFF 		bl	__aeabi_i2d
 166 001c 38A3     		adr	r3, .L12
 167 001e D3E90023 		ldrd	r2, [r3]
 168 0022 FFF7FEFF 		bl	__aeabi_ddiv
 169 0026 0346     		mov	r3, r0
 170 0028 0C46     		mov	r4, r1
 171 002a 1846     		mov	r0, r3
 172 002c 2146     		mov	r1, r4
 173 002e 36A3     		adr	r3, .L12+8
 174 0030 D3E90023 		ldrd	r2, [r3]
 175 0034 FFF7FEFF 		bl	__aeabi_dmul
 176 0038 0346     		mov	r3, r0
 177 003a 0C46     		mov	r4, r1
 178 003c 1846     		mov	r0, r3
 179 003e 2146     		mov	r1, r4
 180 0040 31A3     		adr	r3, .L12+8
 181 0042 D3E90023 		ldrd	r2, [r3]
 182 0046 FFF7FEFF 		bl	__aeabi_dsub
 183 004a 0346     		mov	r3, r0
 184 004c 0C46     		mov	r4, r1
 185 004e 304A     		ldr	r2, .L12+16
 186 0050 C2E90034 		strd	r3, [r2]
  33:main.c        ****     //temp values should range from -100 to 100 +/- 1. 
  34:main.c        ****     //instead of pwm control it should be delay control.
  35:main.c        ****     
  36:main.c        ****     //change timer delay depending on temp value
  37:main.c        ****     //delay has a minimum of 500 microseconds. to go from 0 to 100% speed, 
ARM GAS  C:\Users\oars0\AppData\Local\Temp\ccELdsiN.s 			page 5


  38:main.c        ****     
  39:main.c        ****     //Set speed based on magnitude of temp
  40:main.c        ****     //Accomplished by dividing the clock going to the PWM for the stepper
  41:main.c        ****     //from 50 MHz (0.3ms) to 0.5 MHz (30ms), divide clock by up to 100.
  42:main.c        ****     Stepper_Clock_SetDivider(100/(abs((int)temp+1)));
 187              		.loc 1 42 0
 188 0054 2E4B     		ldr	r3, .L12+16
 189 0056 18CB     		ldmia	r3, {r3-r4}
 190 0058 1846     		mov	r0, r3
 191 005a 2146     		mov	r1, r4
 192 005c FFF7FEFF 		bl	__aeabi_d2iz
 193 0060 0346     		mov	r3, r0
 194 0062 0133     		adds	r3, r3, #1
 195 0064 002B     		cmp	r3, #0
 196 0066 B8BF     		it	lt
 197 0068 5B42     		rsblt	r3, r3, #0
 198 006a 6422     		movs	r2, #100
 199 006c 92FBF3F3 		sdiv	r3, r2, r3
 200 0070 9BB2     		uxth	r3, r3
 201 0072 0121     		movs	r1, #1
 202 0074 1846     		mov	r0, r3
 203 0076 FFF7FEFF 		bl	Stepper_Clock_SetDividerRegister
  43:main.c        ****     
  44:main.c        ****     //disable stepping if joystick is neutral
  45:main.c        ****     if((int)temp == 0){
 204              		.loc 1 45 0
 205 007a 254B     		ldr	r3, .L12+16
 206 007c 18CB     		ldmia	r3, {r3-r4}
 207 007e 1846     		mov	r0, r3
 208 0080 2146     		mov	r1, r4
 209 0082 FFF7FEFF 		bl	__aeabi_d2iz
 210 0086 0346     		mov	r3, r0
 211 0088 002B     		cmp	r3, #0
 212 008a 02D1     		bne	.L5
  46:main.c        ****         Stepper_Clock_StopBlock();
 213              		.loc 1 46 0
 214 008c FFF7FEFF 		bl	Stepper_Clock_StopBlock
 215 0090 01E0     		b	.L6
 216              	.L5:
  47:main.c        ****       }
  48:main.c        ****     else{
  49:main.c        ****         Stepper_Clock_Start();
 217              		.loc 1 49 0
 218 0092 FFF7FEFF 		bl	Stepper_Clock_Start
 219              	.L6:
  50:main.c        ****     }
  51:main.c        ****     //Set direction based on sign of temp
  52:main.c        ****     if(temp > 0){
 220              		.loc 1 52 0
 221 0096 1E4B     		ldr	r3, .L12+16
 222 0098 D3E90001 		ldrd	r0, [r3]
 223 009c 4FF00002 		mov	r2, #0
 224 00a0 4FF00003 		mov	r3, #0
 225 00a4 FFF7FEFF 		bl	__aeabi_dcmpgt
 226 00a8 0346     		mov	r3, r0
 227 00aa 002B     		cmp	r3, #0
 228 00ac 03D0     		beq	.L11
ARM GAS  C:\Users\oars0\AppData\Local\Temp\ccELdsiN.s 			page 6


  53:main.c        ****         Stepper_Direction_Write(1);
 229              		.loc 1 53 0
 230 00ae 0120     		movs	r0, #1
 231 00b0 FFF7FEFF 		bl	Stepper_Direction_Write
 232 00b4 02E0     		b	.L9
 233              	.L11:
  54:main.c        ****     }else{   
  55:main.c        ****         Stepper_Direction_Write(0);
 234              		.loc 1 55 0
 235 00b6 0020     		movs	r0, #0
 236 00b8 FFF7FEFF 		bl	Stepper_Direction_Write
 237              	.L9:
  56:main.c        ****     }
  57:main.c        ****     sprintf(buffer, "Stepper temp:%i\tdivider: %u\n", (int)temp, (100/abs((int)temp)+1));
 238              		.loc 1 57 0
 239 00bc 144B     		ldr	r3, .L12+16
 240 00be 18CB     		ldmia	r3, {r3-r4}
 241 00c0 1846     		mov	r0, r3
 242 00c2 2146     		mov	r1, r4
 243 00c4 FFF7FEFF 		bl	__aeabi_d2iz
 244 00c8 0546     		mov	r5, r0
 245 00ca 114B     		ldr	r3, .L12+16
 246 00cc 18CB     		ldmia	r3, {r3-r4}
 247 00ce 1846     		mov	r0, r3
 248 00d0 2146     		mov	r1, r4
 249 00d2 FFF7FEFF 		bl	__aeabi_d2iz
 250 00d6 0346     		mov	r3, r0
 251 00d8 002B     		cmp	r3, #0
 252 00da B8BF     		it	lt
 253 00dc 5B42     		rsblt	r3, r3, #0
 254 00de 6422     		movs	r2, #100
 255 00e0 92FBF3F3 		sdiv	r3, r2, r3
 256 00e4 0133     		adds	r3, r3, #1
 257 00e6 2A46     		mov	r2, r5
 258 00e8 0A49     		ldr	r1, .L12+20
 259 00ea 0B48     		ldr	r0, .L12+24
 260 00ec FFF7FEFF 		bl	sprintf
  58:main.c        ****         UART_PutString(buffer);
 261              		.loc 1 58 0
 262 00f0 0948     		ldr	r0, .L12+24
 263 00f2 FFF7FEFF 		bl	UART_PutString
  59:main.c        ****     
  60:main.c        **** }
 264              		.loc 1 60 0
 265 00f6 00BF     		nop
 266 00f8 B0BD     		pop	{r4, r5, r7, pc}
 267              	.L13:
 268 00fa 00BFAFF3 		.align	3
 268      0080
 269              	.L12:
 270 0100 00000000 		.word	0
 271 0104 00C05F40 		.word	1080016896
 272 0108 00000000 		.word	0
 273 010c 00C05240 		.word	1079164928
 274 0110 00000000 		.word	temp
 275 0114 00000000 		.word	.LC0
 276 0118 00000000 		.word	buffer
ARM GAS  C:\Users\oars0\AppData\Local\Temp\ccELdsiN.s 			page 7


 277              		.cfi_endproc
 278              	.LFE65:
 279              		.size	StepperControl, .-StepperControl
 280              		.section	.rodata
 281 001d 000000   		.align	2
 282              	.LC1:
 283 0020 55415254 		.ascii	"UART Open\012\000"
 283      204F7065 
 283      6E0A00
 284 002b 00       		.align	2
 285              	.LC2:
 286 002c 74656D70 		.ascii	"temp:%i\012\000"
 286      3A25690A 
 286      00
 287              		.section	.text.main,"ax",%progbits
 288              		.align	2
 289              		.global	main
 290              		.thumb
 291              		.thumb_func
 292              		.type	main, %function
 293              	main:
 294              	.LFB66:
  61:main.c        ****     
  62:main.c        **** CY_ISR(StepperControl);
  63:main.c        **** 
  64:main.c        **** CY_ISR(MicroServoControl);
  65:main.c        **** 
  66:main.c        **** 
  67:main.c        **** 
  68:main.c        **** 
  69:main.c        **** int main()
  70:main.c        **** {
 295              		.loc 1 70 0
 296              		.cfi_startproc
 297              		@ args = 0, pretend = 0, frame = 0
 298              		@ frame_needed = 1, uses_anonymous_args = 0
 299 0000 98B5     		push	{r3, r4, r7, lr}
 300              		.cfi_def_cfa_offset 16
 301              		.cfi_offset 3, -16
 302              		.cfi_offset 4, -12
 303              		.cfi_offset 7, -8
 304              		.cfi_offset 14, -4
 305 0002 00AF     		add	r7, sp, #0
 306              		.cfi_def_cfa_register 7
  71:main.c        **** 	CYGlobalIntEnable;                        		/* Enable Global Interrupts */
 307              		.loc 1 71 0
 308              		.syntax unified
 309              	@ 71 "main.c" 1
 310 0004 62B6     		CPSIE   i
 311              	@ 0 "" 2
  72:main.c        **** 	
  73:main.c        ****     PWM_Stepper_Start();
 312              		.loc 1 73 0
 313              		.thumb
 314              		.syntax unified
 315 0006 FFF7FEFF 		bl	PWM_Stepper_Start
  74:main.c        ****     PWM_Servo_Start();
ARM GAS  C:\Users\oars0\AppData\Local\Temp\ccELdsiN.s 			page 8


 316              		.loc 1 74 0
 317 000a FFF7FEFF 		bl	PWM_Servo_Start
  75:main.c        ****     ADC_Start();
 318              		.loc 1 75 0
 319 000e FFF7FEFF 		bl	ADC_Start
  76:main.c        ****     UART_Start();
 320              		.loc 1 76 0
 321 0012 FFF7FEFF 		bl	UART_Start
  77:main.c        ****     UART_PutString("UART Open\n");
 322              		.loc 1 77 0
 323 0016 0C48     		ldr	r0, .L16
 324 0018 FFF7FEFF 		bl	UART_PutString
  78:main.c        ****     
  79:main.c        ****     ISR_MicroServoControl_StartEx(MicroServoControl);
 325              		.loc 1 79 0
 326 001c 0B48     		ldr	r0, .L16+4
 327 001e FFF7FEFF 		bl	ISR_MicroServoControl_StartEx
  80:main.c        ****     ISR_StepperControl_StartEx(StepperControl);
 328              		.loc 1 80 0
 329 0022 0B48     		ldr	r0, .L16+8
 330 0024 FFF7FEFF 		bl	ISR_StepperControl_StartEx
 331              	.L15:
  81:main.c        ****     
  82:main.c        ****     
  83:main.c        ****     
  84:main.c        **** 	for(;;)
  85:main.c        ****     {
  86:main.c        ****         
  87:main.c        ****         
  88:main.c        ****         sprintf(buffer, "temp:%i\n", (int)temp);
 332              		.loc 1 88 0 discriminator 1
 333 0028 0A4B     		ldr	r3, .L16+12
 334 002a 18CB     		ldmia	r3, {r3-r4}
 335 002c 1846     		mov	r0, r3
 336 002e 2146     		mov	r1, r4
 337 0030 FFF7FEFF 		bl	__aeabi_d2iz
 338 0034 0346     		mov	r3, r0
 339 0036 1A46     		mov	r2, r3
 340 0038 0749     		ldr	r1, .L16+16
 341 003a 0848     		ldr	r0, .L16+20
 342 003c FFF7FEFF 		bl	sprintf
  89:main.c        ****         //UART_PutString(buffer);
  90:main.c        ****         
  91:main.c        **** 		CyDelay(1);
 343              		.loc 1 91 0 discriminator 1
 344 0040 0120     		movs	r0, #1
 345 0042 FFF7FEFF 		bl	CyDelay
  92:main.c        **** 	}
 346              		.loc 1 92 0 discriminator 1
 347 0046 EFE7     		b	.L15
 348              	.L17:
 349              		.align	2
 350              	.L16:
 351 0048 20000000 		.word	.LC1
 352 004c 00000000 		.word	MicroServoControl
 353 0050 00000000 		.word	StepperControl
 354 0054 00000000 		.word	temp
ARM GAS  C:\Users\oars0\AppData\Local\Temp\ccELdsiN.s 			page 9


 355 0058 2C000000 		.word	.LC2
 356 005c 00000000 		.word	buffer
 357              		.cfi_endproc
 358              	.LFE66:
 359              		.size	main, .-main
 360              		.text
 361              	.Letext0:
 362              		.file 2 "c:\\program files (x86)\\cypress\\psoc creator\\4.4\\psoc creator\\import\\gnu\\arm\\5.4.
 363              		.file 3 "c:\\program files (x86)\\cypress\\psoc creator\\4.4\\psoc creator\\import\\gnu\\arm\\5.4.
 364              		.file 4 "c:\\program files (x86)\\cypress\\psoc creator\\4.4\\psoc creator\\import\\gnu\\arm\\5.4.
 365              		.file 5 "Generated_Source\\PSoC5/core_cm3.h"
 366              		.section	.debug_info,"",%progbits
 367              	.Ldebug_info0:
 368 0000 48010000 		.4byte	0x148
 369 0004 0400     		.2byte	0x4
 370 0006 00000000 		.4byte	.Ldebug_abbrev0
 371 000a 04       		.byte	0x4
 372 000b 01       		.uleb128 0x1
 373 000c 75000000 		.4byte	.LASF24
 374 0010 0C       		.byte	0xc
 375 0011 2E000000 		.4byte	.LASF25
 376 0015 2F010000 		.4byte	.LASF26
 377 0019 00000000 		.4byte	.Ldebug_ranges0+0
 378 001d 00000000 		.4byte	0
 379 0021 00000000 		.4byte	.Ldebug_line0
 380 0025 02       		.uleb128 0x2
 381 0026 01       		.byte	0x1
 382 0027 06       		.byte	0x6
 383 0028 CE010000 		.4byte	.LASF0
 384 002c 02       		.uleb128 0x2
 385 002d 01       		.byte	0x1
 386 002e 08       		.byte	0x8
 387 002f 13010000 		.4byte	.LASF1
 388 0033 02       		.uleb128 0x2
 389 0034 02       		.byte	0x2
 390 0035 05       		.byte	0x5
 391 0036 F6010000 		.4byte	.LASF2
 392 003a 02       		.uleb128 0x2
 393 003b 02       		.byte	0x2
 394 003c 07       		.byte	0x7
 395 003d 0E000000 		.4byte	.LASF3
 396 0041 03       		.uleb128 0x3
 397 0042 E6010000 		.4byte	.LASF9
 398 0046 02       		.byte	0x2
 399 0047 3F       		.byte	0x3f
 400 0048 4C000000 		.4byte	0x4c
 401 004c 02       		.uleb128 0x2
 402 004d 04       		.byte	0x4
 403 004e 05       		.byte	0x5
 404 004f 26010000 		.4byte	.LASF4
 405 0053 02       		.uleb128 0x2
 406 0054 04       		.byte	0x4
 407 0055 07       		.byte	0x7
 408 0056 4C000000 		.4byte	.LASF5
 409 005a 02       		.uleb128 0x2
 410 005b 08       		.byte	0x8
 411 005c 05       		.byte	0x5
ARM GAS  C:\Users\oars0\AppData\Local\Temp\ccELdsiN.s 			page 10


 412 005d 00000000 		.4byte	.LASF6
 413 0061 02       		.uleb128 0x2
 414 0062 08       		.byte	0x8
 415 0063 07       		.byte	0x7
 416 0064 5E000000 		.4byte	.LASF7
 417 0068 04       		.uleb128 0x4
 418 0069 04       		.byte	0x4
 419 006a 05       		.byte	0x5
 420 006b 696E7400 		.ascii	"int\000"
 421 006f 02       		.uleb128 0x2
 422 0070 04       		.byte	0x4
 423 0071 07       		.byte	0x7
 424 0072 21000000 		.4byte	.LASF8
 425 0076 03       		.uleb128 0x3
 426 0077 44000000 		.4byte	.LASF10
 427 007b 03       		.byte	0x3
 428 007c 2C       		.byte	0x2c
 429 007d 41000000 		.4byte	0x41
 430 0081 02       		.uleb128 0x2
 431 0082 04       		.byte	0x4
 432 0083 04       		.byte	0x4
 433 0084 F0010000 		.4byte	.LASF11
 434 0088 02       		.uleb128 0x2
 435 0089 08       		.byte	0x8
 436 008a 04       		.byte	0x4
 437 008b 9F010000 		.4byte	.LASF12
 438 008f 02       		.uleb128 0x2
 439 0090 01       		.byte	0x1
 440 0091 08       		.byte	0x8
 441 0092 21010000 		.4byte	.LASF13
 442 0096 02       		.uleb128 0x2
 443 0097 08       		.byte	0x8
 444 0098 04       		.byte	0x4
 445 0099 DA010000 		.4byte	.LASF14
 446 009d 02       		.uleb128 0x2
 447 009e 04       		.byte	0x4
 448 009f 07       		.byte	0x7
 449 00a0 B8010000 		.4byte	.LASF15
 450 00a4 03       		.uleb128 0x3
 451 00a5 3F000000 		.4byte	.LASF16
 452 00a9 04       		.byte	0x4
 453 00aa 6C       		.byte	0x6c
 454 00ab 6F000000 		.4byte	0x6f
 455 00af 05       		.uleb128 0x5
 456 00b0 A6010000 		.4byte	.LASF17
 457 00b4 01       		.byte	0x1
 458 00b5 12       		.byte	0x12
 459 00b6 00000000 		.4byte	.LFB64
 460 00ba A4000000 		.4byte	.LFE64-.LFB64
 461 00be 01       		.uleb128 0x1
 462 00bf 9C       		.byte	0x9c
 463 00c0 05       		.uleb128 0x5
 464 00c1 19020000 		.4byte	.LASF18
 465 00c5 01       		.byte	0x1
 466 00c6 1C       		.byte	0x1c
 467 00c7 00000000 		.4byte	.LFB65
 468 00cb 1C010000 		.4byte	.LFE65-.LFB65
ARM GAS  C:\Users\oars0\AppData\Local\Temp\ccELdsiN.s 			page 11


 469 00cf 01       		.uleb128 0x1
 470 00d0 9C       		.byte	0x9c
 471 00d1 06       		.uleb128 0x6
 472 00d2 3A000000 		.4byte	.LASF19
 473 00d6 01       		.byte	0x1
 474 00d7 45       		.byte	0x45
 475 00d8 68000000 		.4byte	0x68
 476 00dc 00000000 		.4byte	.LFB66
 477 00e0 60000000 		.4byte	.LFE66-.LFB66
 478 00e4 01       		.uleb128 0x1
 479 00e5 9C       		.byte	0x9c
 480 00e6 07       		.uleb128 0x7
 481 00e7 03010000 		.4byte	.LASF27
 482 00eb 01       		.byte	0x1
 483 00ec 0D       		.byte	0xd
 484 00ed A4000000 		.4byte	0xa4
 485 00f1 05       		.uleb128 0x5
 486 00f2 03       		.byte	0x3
 487 00f3 00000000 		.4byte	default_compare
 488 00f7 08       		.uleb128 0x8
 489 00f8 C1010000 		.4byte	.LASF20
 490 00fc 05       		.byte	0x5
 491 00fd 1207     		.2byte	0x712
 492 00ff 03010000 		.4byte	0x103
 493 0103 09       		.uleb128 0x9
 494 0104 76000000 		.4byte	0x76
 495 0108 0A       		.uleb128 0xa
 496 0109 35000000 		.4byte	.LASF21
 497 010d 01       		.byte	0x1
 498 010e 0E       		.byte	0xe
 499 010f 88000000 		.4byte	0x88
 500 0113 05       		.uleb128 0x5
 501 0114 03       		.byte	0x3
 502 0115 00000000 		.4byte	temp
 503 0119 0B       		.uleb128 0xb
 504 011a 8F000000 		.4byte	0x8f
 505 011e 29010000 		.4byte	0x129
 506 0122 0C       		.uleb128 0xc
 507 0123 9D000000 		.4byte	0x9d
 508 0127 63       		.byte	0x63
 509 0128 00       		.byte	0
 510 0129 0A       		.uleb128 0xa
 511 012a 12020000 		.4byte	.LASF22
 512 012e 01       		.byte	0x1
 513 012f 0F       		.byte	0xf
 514 0130 19010000 		.4byte	0x119
 515 0134 05       		.uleb128 0x5
 516 0135 03       		.byte	0x3
 517 0136 00000000 		.4byte	buffer
 518 013a 0A       		.uleb128 0xa
 519 013b 00020000 		.4byte	.LASF23
 520 013f 01       		.byte	0x1
 521 0140 10       		.byte	0x10
 522 0141 A4000000 		.4byte	0xa4
 523 0145 05       		.uleb128 0x5
 524 0146 03       		.byte	0x3
 525 0147 00000000 		.4byte	Stepper_Direction
ARM GAS  C:\Users\oars0\AppData\Local\Temp\ccELdsiN.s 			page 12


 526 014b 00       		.byte	0
 527              		.section	.debug_abbrev,"",%progbits
 528              	.Ldebug_abbrev0:
 529 0000 01       		.uleb128 0x1
 530 0001 11       		.uleb128 0x11
 531 0002 01       		.byte	0x1
 532 0003 25       		.uleb128 0x25
 533 0004 0E       		.uleb128 0xe
 534 0005 13       		.uleb128 0x13
 535 0006 0B       		.uleb128 0xb
 536 0007 03       		.uleb128 0x3
 537 0008 0E       		.uleb128 0xe
 538 0009 1B       		.uleb128 0x1b
 539 000a 0E       		.uleb128 0xe
 540 000b 55       		.uleb128 0x55
 541 000c 17       		.uleb128 0x17
 542 000d 11       		.uleb128 0x11
 543 000e 01       		.uleb128 0x1
 544 000f 10       		.uleb128 0x10
 545 0010 17       		.uleb128 0x17
 546 0011 00       		.byte	0
 547 0012 00       		.byte	0
 548 0013 02       		.uleb128 0x2
 549 0014 24       		.uleb128 0x24
 550 0015 00       		.byte	0
 551 0016 0B       		.uleb128 0xb
 552 0017 0B       		.uleb128 0xb
 553 0018 3E       		.uleb128 0x3e
 554 0019 0B       		.uleb128 0xb
 555 001a 03       		.uleb128 0x3
 556 001b 0E       		.uleb128 0xe
 557 001c 00       		.byte	0
 558 001d 00       		.byte	0
 559 001e 03       		.uleb128 0x3
 560 001f 16       		.uleb128 0x16
 561 0020 00       		.byte	0
 562 0021 03       		.uleb128 0x3
 563 0022 0E       		.uleb128 0xe
 564 0023 3A       		.uleb128 0x3a
 565 0024 0B       		.uleb128 0xb
 566 0025 3B       		.uleb128 0x3b
 567 0026 0B       		.uleb128 0xb
 568 0027 49       		.uleb128 0x49
 569 0028 13       		.uleb128 0x13
 570 0029 00       		.byte	0
 571 002a 00       		.byte	0
 572 002b 04       		.uleb128 0x4
 573 002c 24       		.uleb128 0x24
 574 002d 00       		.byte	0
 575 002e 0B       		.uleb128 0xb
 576 002f 0B       		.uleb128 0xb
 577 0030 3E       		.uleb128 0x3e
 578 0031 0B       		.uleb128 0xb
 579 0032 03       		.uleb128 0x3
 580 0033 08       		.uleb128 0x8
 581 0034 00       		.byte	0
 582 0035 00       		.byte	0
ARM GAS  C:\Users\oars0\AppData\Local\Temp\ccELdsiN.s 			page 13


 583 0036 05       		.uleb128 0x5
 584 0037 2E       		.uleb128 0x2e
 585 0038 00       		.byte	0
 586 0039 3F       		.uleb128 0x3f
 587 003a 19       		.uleb128 0x19
 588 003b 03       		.uleb128 0x3
 589 003c 0E       		.uleb128 0xe
 590 003d 3A       		.uleb128 0x3a
 591 003e 0B       		.uleb128 0xb
 592 003f 3B       		.uleb128 0x3b
 593 0040 0B       		.uleb128 0xb
 594 0041 27       		.uleb128 0x27
 595 0042 19       		.uleb128 0x19
 596 0043 11       		.uleb128 0x11
 597 0044 01       		.uleb128 0x1
 598 0045 12       		.uleb128 0x12
 599 0046 06       		.uleb128 0x6
 600 0047 40       		.uleb128 0x40
 601 0048 18       		.uleb128 0x18
 602 0049 9642     		.uleb128 0x2116
 603 004b 19       		.uleb128 0x19
 604 004c 00       		.byte	0
 605 004d 00       		.byte	0
 606 004e 06       		.uleb128 0x6
 607 004f 2E       		.uleb128 0x2e
 608 0050 00       		.byte	0
 609 0051 3F       		.uleb128 0x3f
 610 0052 19       		.uleb128 0x19
 611 0053 03       		.uleb128 0x3
 612 0054 0E       		.uleb128 0xe
 613 0055 3A       		.uleb128 0x3a
 614 0056 0B       		.uleb128 0xb
 615 0057 3B       		.uleb128 0x3b
 616 0058 0B       		.uleb128 0xb
 617 0059 49       		.uleb128 0x49
 618 005a 13       		.uleb128 0x13
 619 005b 11       		.uleb128 0x11
 620 005c 01       		.uleb128 0x1
 621 005d 12       		.uleb128 0x12
 622 005e 06       		.uleb128 0x6
 623 005f 40       		.uleb128 0x40
 624 0060 18       		.uleb128 0x18
 625 0061 9642     		.uleb128 0x2116
 626 0063 19       		.uleb128 0x19
 627 0064 00       		.byte	0
 628 0065 00       		.byte	0
 629 0066 07       		.uleb128 0x7
 630 0067 34       		.uleb128 0x34
 631 0068 00       		.byte	0
 632 0069 03       		.uleb128 0x3
 633 006a 0E       		.uleb128 0xe
 634 006b 3A       		.uleb128 0x3a
 635 006c 0B       		.uleb128 0xb
 636 006d 3B       		.uleb128 0x3b
 637 006e 0B       		.uleb128 0xb
 638 006f 49       		.uleb128 0x49
 639 0070 13       		.uleb128 0x13
ARM GAS  C:\Users\oars0\AppData\Local\Temp\ccELdsiN.s 			page 14


 640 0071 02       		.uleb128 0x2
 641 0072 18       		.uleb128 0x18
 642 0073 00       		.byte	0
 643 0074 00       		.byte	0
 644 0075 08       		.uleb128 0x8
 645 0076 34       		.uleb128 0x34
 646 0077 00       		.byte	0
 647 0078 03       		.uleb128 0x3
 648 0079 0E       		.uleb128 0xe
 649 007a 3A       		.uleb128 0x3a
 650 007b 0B       		.uleb128 0xb
 651 007c 3B       		.uleb128 0x3b
 652 007d 05       		.uleb128 0x5
 653 007e 49       		.uleb128 0x49
 654 007f 13       		.uleb128 0x13
 655 0080 3F       		.uleb128 0x3f
 656 0081 19       		.uleb128 0x19
 657 0082 3C       		.uleb128 0x3c
 658 0083 19       		.uleb128 0x19
 659 0084 00       		.byte	0
 660 0085 00       		.byte	0
 661 0086 09       		.uleb128 0x9
 662 0087 35       		.uleb128 0x35
 663 0088 00       		.byte	0
 664 0089 49       		.uleb128 0x49
 665 008a 13       		.uleb128 0x13
 666 008b 00       		.byte	0
 667 008c 00       		.byte	0
 668 008d 0A       		.uleb128 0xa
 669 008e 34       		.uleb128 0x34
 670 008f 00       		.byte	0
 671 0090 03       		.uleb128 0x3
 672 0091 0E       		.uleb128 0xe
 673 0092 3A       		.uleb128 0x3a
 674 0093 0B       		.uleb128 0xb
 675 0094 3B       		.uleb128 0x3b
 676 0095 0B       		.uleb128 0xb
 677 0096 49       		.uleb128 0x49
 678 0097 13       		.uleb128 0x13
 679 0098 3F       		.uleb128 0x3f
 680 0099 19       		.uleb128 0x19
 681 009a 02       		.uleb128 0x2
 682 009b 18       		.uleb128 0x18
 683 009c 00       		.byte	0
 684 009d 00       		.byte	0
 685 009e 0B       		.uleb128 0xb
 686 009f 01       		.uleb128 0x1
 687 00a0 01       		.byte	0x1
 688 00a1 49       		.uleb128 0x49
 689 00a2 13       		.uleb128 0x13
 690 00a3 01       		.uleb128 0x1
 691 00a4 13       		.uleb128 0x13
 692 00a5 00       		.byte	0
 693 00a6 00       		.byte	0
 694 00a7 0C       		.uleb128 0xc
 695 00a8 21       		.uleb128 0x21
 696 00a9 00       		.byte	0
ARM GAS  C:\Users\oars0\AppData\Local\Temp\ccELdsiN.s 			page 15


 697 00aa 49       		.uleb128 0x49
 698 00ab 13       		.uleb128 0x13
 699 00ac 2F       		.uleb128 0x2f
 700 00ad 0B       		.uleb128 0xb
 701 00ae 00       		.byte	0
 702 00af 00       		.byte	0
 703 00b0 00       		.byte	0
 704              		.section	.debug_aranges,"",%progbits
 705 0000 2C000000 		.4byte	0x2c
 706 0004 0200     		.2byte	0x2
 707 0006 00000000 		.4byte	.Ldebug_info0
 708 000a 04       		.byte	0x4
 709 000b 00       		.byte	0
 710 000c 0000     		.2byte	0
 711 000e 0000     		.2byte	0
 712 0010 00000000 		.4byte	.LFB64
 713 0014 A4000000 		.4byte	.LFE64-.LFB64
 714 0018 00000000 		.4byte	.LFB65
 715 001c 1C010000 		.4byte	.LFE65-.LFB65
 716 0020 00000000 		.4byte	.LFB66
 717 0024 60000000 		.4byte	.LFE66-.LFB66
 718 0028 00000000 		.4byte	0
 719 002c 00000000 		.4byte	0
 720              		.section	.debug_ranges,"",%progbits
 721              	.Ldebug_ranges0:
 722 0000 00000000 		.4byte	.LFB64
 723 0004 A4000000 		.4byte	.LFE64
 724 0008 00000000 		.4byte	.LFB65
 725 000c 1C010000 		.4byte	.LFE65
 726 0010 00000000 		.4byte	.LFB66
 727 0014 60000000 		.4byte	.LFE66
 728 0018 00000000 		.4byte	0
 729 001c 00000000 		.4byte	0
 730              		.section	.debug_line,"",%progbits
 731              	.Ldebug_line0:
 732 0000 B0010000 		.section	.debug_str,"MS",%progbits,1
 732      02004A01 
 732      00000201 
 732      FB0E0D00 
 732      01010101 
 733              	.LASF6:
 734 0000 6C6F6E67 		.ascii	"long long int\000"
 734      206C6F6E 
 734      6720696E 
 734      7400
 735              	.LASF3:
 736 000e 73686F72 		.ascii	"short unsigned int\000"
 736      7420756E 
 736      7369676E 
 736      65642069 
 736      6E7400
 737              	.LASF8:
 738 0021 756E7369 		.ascii	"unsigned int\000"
 738      676E6564 
 738      20696E74 
 738      00
 739              	.LASF25:
ARM GAS  C:\Users\oars0\AppData\Local\Temp\ccELdsiN.s 			page 16


 740 002e 6D61696E 		.ascii	"main.c\000"
 740      2E6300
 741              	.LASF21:
 742 0035 74656D70 		.ascii	"temp\000"
 742      00
 743              	.LASF19:
 744 003a 6D61696E 		.ascii	"main\000"
 744      00
 745              	.LASF16:
 746 003f 75696E74 		.ascii	"uint\000"
 746      00
 747              	.LASF10:
 748 0044 696E7433 		.ascii	"int32_t\000"
 748      325F7400 
 749              	.LASF5:
 750 004c 6C6F6E67 		.ascii	"long unsigned int\000"
 750      20756E73 
 750      69676E65 
 750      6420696E 
 750      7400
 751              	.LASF7:
 752 005e 6C6F6E67 		.ascii	"long long unsigned int\000"
 752      206C6F6E 
 752      6720756E 
 752      7369676E 
 752      65642069 
 753              	.LASF24:
 754 0075 474E5520 		.ascii	"GNU C11 5.4.1 20160609 (release) [ARM/embedded-5-br"
 754      43313120 
 754      352E342E 
 754      31203230 
 754      31363036 
 755 00a8 616E6368 		.ascii	"anch revision 237715] -mcpu=cortex-m3 -mthumb -g -O"
 755      20726576 
 755      6973696F 
 755      6E203233 
 755      37373135 
 756 00db 30202D66 		.ascii	"0 -ffunction-sections -ffat-lto-objects\000"
 756      66756E63 
 756      74696F6E 
 756      2D736563 
 756      74696F6E 
 757              	.LASF27:
 758 0103 64656661 		.ascii	"default_compare\000"
 758      756C745F 
 758      636F6D70 
 758      61726500 
 759              	.LASF1:
 760 0113 756E7369 		.ascii	"unsigned char\000"
 760      676E6564 
 760      20636861 
 760      7200
 761              	.LASF13:
 762 0121 63686172 		.ascii	"char\000"
 762      00
 763              	.LASF4:
 764 0126 6C6F6E67 		.ascii	"long int\000"
ARM GAS  C:\Users\oars0\AppData\Local\Temp\ccELdsiN.s 			page 17


 764      20696E74 
 764      00
 765              	.LASF26:
 766 012f 433A5C55 		.ascii	"C:\\Users\\oars0\\Documents\\GitHub\\Interfacing_La"
 766      73657273 
 766      5C6F6172 
 766      73305C44 
 766      6F63756D 
 767 015d 625C4C61 		.ascii	"b\\Lab_3_motors\\PSOC_Creator\\ServoAndStepper\\Ser"
 767      625F335F 
 767      6D6F746F 
 767      72735C50 
 767      534F435F 
 768 018c 766F416E 		.ascii	"voAndStepper.cydsn\000"
 768      64537465 
 768      70706572 
 768      2E637964 
 768      736E00
 769              	.LASF12:
 770 019f 646F7562 		.ascii	"double\000"
 770      6C6500
 771              	.LASF17:
 772 01a6 4D696372 		.ascii	"MicroServoControl\000"
 772      6F536572 
 772      766F436F 
 772      6E74726F 
 772      6C00
 773              	.LASF15:
 774 01b8 73697A65 		.ascii	"sizetype\000"
 774      74797065 
 774      00
 775              	.LASF20:
 776 01c1 49544D5F 		.ascii	"ITM_RxBuffer\000"
 776      52784275 
 776      66666572 
 776      00
 777              	.LASF0:
 778 01ce 7369676E 		.ascii	"signed char\000"
 778      65642063 
 778      68617200 
 779              	.LASF14:
 780 01da 6C6F6E67 		.ascii	"long double\000"
 780      20646F75 
 780      626C6500 
 781              	.LASF9:
 782 01e6 5F5F696E 		.ascii	"__int32_t\000"
 782      7433325F 
 782      7400
 783              	.LASF11:
 784 01f0 666C6F61 		.ascii	"float\000"
 784      7400
 785              	.LASF2:
 786 01f6 73686F72 		.ascii	"short int\000"
 786      7420696E 
 786      7400
 787              	.LASF23:
 788 0200 53746570 		.ascii	"Stepper_Direction\000"
ARM GAS  C:\Users\oars0\AppData\Local\Temp\ccELdsiN.s 			page 18


 788      7065725F 
 788      44697265 
 788      6374696F 
 788      6E00
 789              	.LASF22:
 790 0212 62756666 		.ascii	"buffer\000"
 790      657200
 791              	.LASF18:
 792 0219 53746570 		.ascii	"StepperControl\000"
 792      70657243 
 792      6F6E7472 
 792      6F6C00
 793              		.ident	"GCC: (GNU Tools for ARM Embedded Processors) 5.4.1 20160609 (release) [ARM/embedded-5-bran
