--------------- Build Started: 03/07/2024 13:21:19 Project: ServoAndStepper, Configuration: ARM GCC 5.4-2016-q2-update Debug ---------------
cydsfit.exe -.appdatapath "C:\Users\oars0\AppData\Local\Cypress Semiconductor\PSoC Creator\4.4" -.fdsnotice -.fdswarpdepfile=warp_dependencies.txt -.fdselabdepfile=elab_dependencies.txt -.fdsbldfile=generated_files.txt -.fdsreffile=referenced_files.txt -p C:\Users\oars0\Documents\GitHub\Interfacing_Lab\Lab_3_motors\PSOC_Creator\ServoAndStepper\ServoAndStepper.cydsn\ServoAndStepper.cyprj -d CY8C5888LTI-LP097 -s C:\Users\oars0\Documents\GitHub\Interfacing_Lab\Lab_3_motors\PSOC_Creator\ServoAndStepper\ServoAndStepper.cydsn\Generated_Source\PSoC5 -- -yv2 -q10 -ygs -o2 -v3 -.fftcfgtype=LE
Elaborating Design...
ADD: sdb.M0065: information: Analog terminal "vdac_ref" on ADC_SAR_SEQ_v2_10 is unconnected.
 * C:\Program Files (x86)\Cypress\PSoC Creator\4.4\PSoC Creator\psoc\content\CyComponentLibrary\CyComponentLibrary.cylib\ADC_SAR_SEQ_v2_10\PSoC5\ADC_SAR_SEQ_v2_10.cysch (Signal: vdac_ref)
 * C:\Program Files (x86)\Cypress\PSoC Creator\4.4\PSoC Creator\psoc\content\CyComponentLibrary\CyComponentLibrary.cylib\ADC_SAR_SEQ_v2_10\PSoC5\ADC_SAR_SEQ_v2_10.cysch (Shape_798)
 * C:\Program Files (x86)\Cypress\PSoC Creator\4.4\PSoC Creator\psoc\content\CyComponentLibrary\CyComponentLibrary.cylib\ADC_SAR_SEQ_v2_10\PSoC5\ADC_SAR_SEQ_v2_10.cysch (Shape_885)
HDL Generation...
Synthesis...
Tech Mapping...
ADD: pft.M0040: information: The following 1 pin(s) will be assigned a location by the fitter: \ADC:SAR:Bypass(0)\
Analog Placement...
Info: apr.M0002: Analog signal "Net_412" is connected to one terminal only. (App=cydsfit)
Info: apr.M0002: Analog signal "Net_431" is connected to one terminal only. (App=cydsfit)
Info: apr.M0002: Analog signal "Net_461" is connected to one terminal only. (App=cydsfit)
Info: apr.M0002: Analog signal "Net_440" is connected to one terminal only. (App=cydsfit)
Info: apr.M0002: Analog signal "Net_441" is connected to one terminal only. (App=cydsfit)
Info: apr.M0002: Analog signal "Net_464" is connected to one terminal only. (App=cydsfit)
Info: apr.M0002: Analog signal "Net_444" is connected to one terminal only. (App=cydsfit)
Info: apr.M0002: Analog signal "Net_445" is connected to one terminal only. (App=cydsfit)
Info: apr.M0002: Analog signal "Net_480" is connected to one terminal only. (App=cydsfit)
Info: apr.M0002: Analog signal "Net_448" is connected to one terminal only. (App=cydsfit)
Info: apr.M0002: Analog signal "Net_449" is connected to one terminal only. (App=cydsfit)
Info: apr.M0002: Analog signal "Net_481" is connected to one terminal only. (App=cydsfit)
Info: apr.M0002: Analog signal "Net_390" is connected to one terminal only. (App=cydsfit)
Info: apr.M0002: Analog signal "Net_391" is connected to one terminal only. (App=cydsfit)
Info: apr.M0002: Analog signal "Net_451" is connected to one terminal only. (App=cydsfit)
Info: apr.M0002: Analog signal "Net_394" is connected to one terminal only. (App=cydsfit)
Info: apr.M0002: Analog signal "Net_395" is connected to one terminal only. (App=cydsfit)
Info: apr.M0002: Analog signal "Net_452" is connected to one terminal only. (App=cydsfit)
Info: apr.M0002: Analog signal "Net_398" is connected to one terminal only. (App=cydsfit)
Info: apr.M0002: Analog signal "Net_399" is connected to one terminal only. (App=cydsfit)
Info: apr.M0002: Analog signal "Net_453" is connected to one terminal only. (App=cydsfit)
Info: apr.M0002: Analog signal "Net_402" is connected to one terminal only. (App=cydsfit)
Info: apr.M0002: Analog signal "Net_403" is connected to one terminal only. (App=cydsfit)
Info: apr.M0002: Analog signal "Net_454" is connected to one terminal only. (App=cydsfit)
Info: apr.M0002: Analog signal "Net_406" is connected to one terminal only. (App=cydsfit)
Info: apr.M0002: Analog signal "Net_407" is connected to one terminal only. (App=cydsfit)
Info: apr.M0002: Analog signal "Net_455" is connected to one terminal only. (App=cydsfit)
Info: apr.M0002: Analog signal "Net_411" is connected to one terminal only. (App=cydsfit)
Info: apr.M0002: Analog signal "Net_413" is connected to one terminal only. (App=cydsfit)
Info: apr.M0002: Analog signal "Net_456" is connected to one terminal only. (App=cydsfit)
Info: apr.M0002: Analog signal "Net_416" is connected to one terminal only. (App=cydsfit)
Info: apr.M0002: Analog signal "Net_417" is connected to one terminal only. (App=cydsfit)
Info: apr.M0002: Analog signal "Net_457" is connected to one terminal only. (App=cydsfit)
Info: apr.M0002: Analog signal "Net_420" is connected to one terminal only. (App=cydsfit)
Info: apr.M0002: Analog signal "Net_421" is connected to one terminal only. (App=cydsfit)
Info: apr.M0002: Analog signal "Net_458" is connected to one terminal only. (App=cydsfit)
Info: apr.M0002: Analog signal "Net_424" is connected to one terminal only. (App=cydsfit)
Info: apr.M0002: Analog signal "Net_425" is connected to one terminal only. (App=cydsfit)
Info: apr.M0002: Analog signal "Net_459" is connected to one terminal only. (App=cydsfit)
Info: apr.M0002: Analog signal "Net_428" is connected to one terminal only. (App=cydsfit)
Info: apr.M0002: Analog signal "Net_429" is connected to one terminal only. (App=cydsfit)
Info: apr.M0002: Analog signal "Net_460" is connected to one terminal only. (App=cydsfit)
Info: apr.M0002: Analog signal "Net_433" is connected to one terminal only. (App=cydsfit)
Info: apr.M0002: Analog signal "Net_435" is connected to one terminal only. (App=cydsfit)
Info: apr.M0002: Analog signal "Net_462" is connected to one terminal only. (App=cydsfit)
Info: apr.M0002: Analog signal "Net_438" is connected to one terminal only. (App=cydsfit)
Info: apr.M0002: Analog signal "Net_463" is connected to one terminal only. (App=cydsfit)
Info: apr.M0002: Analog signal "Net_465" is connected to one terminal only. (App=cydsfit)
Info: apr.M0002: Analog signal "Net_466" is connected to one terminal only. (App=cydsfit)
Info: apr.M0002: Analog signal "Net_467" is connected to one terminal only. (App=cydsfit)
Info: apr.M0002: Analog signal "Net_468" is connected to one terminal only. (App=cydsfit)
Info: apr.M0002: Analog signal "Net_469" is connected to one terminal only. (App=cydsfit)
Info: apr.M0002: Analog signal "Net_470" is connected to one terminal only. (App=cydsfit)
Info: apr.M0002: Analog signal "Net_471" is connected to one terminal only. (App=cydsfit)
Info: apr.M0002: Analog signal "Net_472" is connected to one terminal only. (App=cydsfit)
Info: apr.M0002: Analog signal "Net_473" is connected to one terminal only. (App=cydsfit)
Info: apr.M0002: Analog signal "Net_474" is connected to one terminal only. (App=cydsfit)
Info: apr.M0002: Analog signal "Net_475" is connected to one terminal only. (App=cydsfit)
Info: apr.M0002: Analog signal "Net_476" is connected to one terminal only. (App=cydsfit)
Info: apr.M0002: Analog signal "Net_477" is connected to one terminal only. (App=cydsfit)
Info: apr.M0002: Analog signal "Net_478" is connected to one terminal only. (App=cydsfit)
Info: apr.M0002: Analog signal "Net_479" is connected to one terminal only. (App=cydsfit)
Analog Routing...
Analog Code Generation...
Digital Placement...
Digital Routing...
Bitstream Generation...
Bitstream Verification...
Static timing analysis...
Warning: sta.M0021: ServoAndStepper_timing.html: Warning-1350: Asynchronous path(s) exist from "ClockBlock/clk_bus_glb" to "ClockBlock/dclk_glb_1". See the timing report for details. (File=C:\Users\oars0\Documents\GitHub\Interfacing_Lab\Lab_3_motors\PSOC_Creator\ServoAndStepper\ServoAndStepper.cydsn\ServoAndStepper_timing.html)
Warning: sta.M0021: ServoAndStepper_timing.html: Warning-1350: Asynchronous path(s) exist from "ClockBlock/clk_bus_glb" to "ClockBlock/dclk_glb_3". See the timing report for details. (File=C:\Users\oars0\Documents\GitHub\Interfacing_Lab\Lab_3_motors\PSOC_Creator\ServoAndStepper\ServoAndStepper.cydsn\ServoAndStepper_timing.html)
Warning: sta.M0021: ServoAndStepper_timing.html: Warning-1350: Asynchronous path(s) exist from "ClockBlock/dclk_glb_1" to "ClockBlock/clk_bus_glb". See the timing report for details. (File=C:\Users\oars0\Documents\GitHub\Interfacing_Lab\Lab_3_motors\PSOC_Creator\ServoAndStepper\ServoAndStepper.cydsn\ServoAndStepper_timing.html)
API Generation...
Dependency Generation...
Cleanup...
arm-none-eabi-gcc.exe -mcpu=cortex-m3 -mthumb -I. -IGenerated_Source\PSoC5 -Wa,-alh=.\ARM_GCC_541\Debug/main.lst -g -Wall -ffunction-sections -ffat-lto-objects -O0 -c main.c -o .\ARM_GCC_541\Debug\main.o
arm-none-eabi-gcc.exe -mcpu=cortex-m3 -mthumb -I. -IGenerated_Source\PSoC5 -Wa,-alh=.\ARM_GCC_541\Debug/cyfitter_cfg.lst -g -Wall -ffunction-sections -ffat-lto-objects -O0 -c Generated_Source\PSoC5\cyfitter_cfg.c -o .\ARM_GCC_541\Debug\cyfitter_cfg.o
arm-none-eabi-gcc.exe -mcpu=cortex-m3 -mthumb -I. -IGenerated_Source\PSoC5 -Wa,-alh=.\ARM_GCC_541\Debug/cymetadata.lst -g -Wall -ffunction-sections -ffat-lto-objects -O0 -c Generated_Source\PSoC5\cymetadata.c -o .\ARM_GCC_541\Debug\cymetadata.o
arm-none-eabi-gcc.exe -mcpu=cortex-m3 -mthumb -I. -IGenerated_Source\PSoC5 -Wa,-alh=.\ARM_GCC_541\Debug/PWM_Out.lst -g -Wall -ffunction-sections -ffat-lto-objects -O0 -c Generated_Source\PSoC5\PWM_Out.c -o .\ARM_GCC_541\Debug\PWM_Out.o
arm-none-eabi-gcc.exe -mcpu=cortex-m3 -mthumb -I. -IGenerated_Source\PSoC5 -Wa,-alh=.\ARM_GCC_541\Debug/UART.lst -g -Wall -ffunction-sections -ffat-lto-objects -O0 -c Generated_Source\PSoC5\UART.c -o .\ARM_GCC_541\Debug\UART.o
arm-none-eabi-gcc.exe -mcpu=cortex-m3 -mthumb -I. -IGenerated_Source\PSoC5 -Wa,-alh=.\ARM_GCC_541\Debug/UART_PM.lst -g -Wall -ffunction-sections -ffat-lto-objects -O0 -c Generated_Source\PSoC5\UART_PM.c -o .\ARM_GCC_541\Debug\UART_PM.o
arm-none-eabi-gcc.exe -mcpu=cortex-m3 -mthumb -I. -IGenerated_Source\PSoC5 -Wa,-alh=.\ARM_GCC_541\Debug/UART_INT.lst -g -Wall -ffunction-sections -ffat-lto-objects -O0 -c Generated_Source\PSoC5\UART_INT.c -o .\ARM_GCC_541\Debug\UART_INT.o
arm-none-eabi-gcc.exe -mcpu=cortex-m3 -mthumb -I. -IGenerated_Source\PSoC5 -Wa,-alh=.\ARM_GCC_541\Debug/UART_BOOT.lst -g -Wall -ffunction-sections -ffat-lto-objects -O0 -c Generated_Source\PSoC5\UART_BOOT.c -o .\ARM_GCC_541\Debug\UART_BOOT.o
arm-none-eabi-gcc.exe -mcpu=cortex-m3 -mthumb -I. -IGenerated_Source\PSoC5 -Wa,-alh=.\ARM_GCC_541\Debug/ADC.lst -g -Wall -ffunction-sections -ffat-lto-objects -O0 -c Generated_Source\PSoC5\ADC.c -o .\ARM_GCC_541\Debug\ADC.o
arm-none-eabi-gcc.exe -mcpu=cortex-m3 -mthumb -I. -IGenerated_Source\PSoC5 -Wa,-alh=.\ARM_GCC_541\Debug/ADC_PM.lst -g -Wall -ffunction-sections -ffat-lto-objects -O0 -c Generated_Source\PSoC5\ADC_PM.c -o .\ARM_GCC_541\Debug\ADC_PM.o
arm-none-eabi-gcc.exe -mcpu=cortex-m3 -mthumb -I. -IGenerated_Source\PSoC5 -Wa,-alh=.\ARM_GCC_541\Debug/ADC_INT.lst -g -Wall -ffunction-sections -ffat-lto-objects -O0 -c Generated_Source\PSoC5\ADC_INT.c -o .\ARM_GCC_541\Debug\ADC_INT.o
arm-none-eabi-gcc.exe -mcpu=cortex-m3 -mthumb -I. -IGenerated_Source\PSoC5 -Wa,-alh=.\ARM_GCC_541\Debug/PWM_Clock.lst -g -Wall -ffunction-sections -ffat-lto-objects -O0 -c Generated_Source\PSoC5\PWM_Clock.c -o .\ARM_GCC_541\Debug\PWM_Clock.o
arm-none-eabi-gcc.exe -mcpu=cortex-m3 -mthumb -I. -IGenerated_Source\PSoC5 -Wa,-alh=.\ARM_GCC_541\Debug/ISR_MicroServoControl.lst -g -Wall -ffunction-sections -ffat-lto-objects -O0 -c Generated_Source\PSoC5\ISR_MicroServoControl.c -o .\ARM_GCC_541\Debug\ISR_MicroServoControl.o
arm-none-eabi-gcc.exe -mcpu=cortex-m3 -mthumb -I. -IGenerated_Source\PSoC5 -Wa,-alh=.\ARM_GCC_541\Debug/ISR_Clock.lst -g -Wall -ffunction-sections -ffat-lto-objects -O0 -c Generated_Source\PSoC5\ISR_Clock.c -o .\ARM_GCC_541\Debug\ISR_Clock.o
arm-none-eabi-gcc.exe -mcpu=cortex-m3 -mthumb -I. -IGenerated_Source\PSoC5 -Wa,-alh=.\ARM_GCC_541\Debug/Stepper_Step.lst -g -Wall -ffunction-sections -ffat-lto-objects -O0 -c Generated_Source\PSoC5\Stepper_Step.c -o .\ARM_GCC_541\Debug\Stepper_Step.o
arm-none-eabi-gcc.exe -mcpu=cortex-m3 -mthumb -I. -IGenerated_Source\PSoC5 -Wa,-alh=.\ARM_GCC_541\Debug/Stepper_Direction.lst -g -Wall -ffunction-sections -ffat-lto-objects -O0 -c Generated_Source\PSoC5\Stepper_Direction.c -o .\ARM_GCC_541\Debug\Stepper_Direction.o
arm-none-eabi-gcc.exe -mcpu=cortex-m3 -mthumb -I. -IGenerated_Source\PSoC5 -Wa,-alh=.\ARM_GCC_541\Debug/UART_IntClock.lst -g -Wall -ffunction-sections -ffat-lto-objects -O0 -c Generated_Source\PSoC5\UART_IntClock.c -o .\ARM_GCC_541\Debug\UART_IntClock.o
arm-none-eabi-gcc.exe -mcpu=cortex-m3 -mthumb -I. -IGenerated_Source\PSoC5 -Wa,-alh=.\ARM_GCC_541\Debug/ADC_SAR.lst -g -Wall -ffunction-sections -ffat-lto-objects -O0 -c Generated_Source\PSoC5\ADC_SAR.c -o .\ARM_GCC_541\Debug\ADC_SAR.o
arm-none-eabi-gcc.exe -mcpu=cortex-m3 -mthumb -I. -IGenerated_Source\PSoC5 -Wa,-alh=.\ARM_GCC_541\Debug/ADC_SAR_INT.lst -g -Wall -ffunction-sections -ffat-lto-objects -O0 -c Generated_Source\PSoC5\ADC_SAR_INT.c -o .\ARM_GCC_541\Debug\ADC_SAR_INT.o
arm-none-eabi-gcc.exe -mcpu=cortex-m3 -mthumb -I. -IGenerated_Source\PSoC5 -Wa,-alh=.\ARM_GCC_541\Debug/ADC_SAR_PM.lst -g -Wall -ffunction-sections -ffat-lto-objects -O0 -c Generated_Source\PSoC5\ADC_SAR_PM.c -o .\ARM_GCC_541\Debug\ADC_SAR_PM.o
arm-none-eabi-gcc.exe -mcpu=cortex-m3 -mthumb -I. -IGenerated_Source\PSoC5 -Wa,-alh=.\ARM_GCC_541\Debug/ADC_IntClock.lst -g -Wall -ffunction-sections -ffat-lto-objects -O0 -c Generated_Source\PSoC5\ADC_IntClock.c -o .\ARM_GCC_541\Debug\ADC_IntClock.o
arm-none-eabi-gcc.exe -mcpu=cortex-m3 -mthumb -I. -IGenerated_Source\PSoC5 -Wa,-alh=.\ARM_GCC_541\Debug/ADC_TempBuf_dma.lst -g -Wall -ffunction-sections -ffat-lto-objects -O0 -c Generated_Source\PSoC5\ADC_TempBuf_dma.c -o .\ARM_GCC_541\Debug\ADC_TempBuf_dma.o
arm-none-eabi-gcc.exe -mcpu=cortex-m3 -mthumb -I. -IGenerated_Source\PSoC5 -Wa,-alh=.\ARM_GCC_541\Debug/ADC_FinalBuf_dma.lst -g -Wall -ffunction-sections -ffat-lto-objects -O0 -c Generated_Source\PSoC5\ADC_FinalBuf_dma.c -o .\ARM_GCC_541\Debug\ADC_FinalBuf_dma.o
arm-none-eabi-gcc.exe -mcpu=cortex-m3 -mthumb -I. -IGenerated_Source\PSoC5 -Wa,-alh=.\ARM_GCC_541\Debug/ADC_IRQ.lst -g -Wall -ffunction-sections -ffat-lto-objects -O0 -c Generated_Source\PSoC5\ADC_IRQ.c -o .\ARM_GCC_541\Debug\ADC_IRQ.o
arm-none-eabi-gcc.exe -mcpu=cortex-m3 -mthumb -I. -IGenerated_Source\PSoC5 -Wa,-alh=.\ARM_GCC_541\Debug/ADC_SAR_Bypass.lst -g -Wall -ffunction-sections -ffat-lto-objects -O0 -c Generated_Source\PSoC5\ADC_SAR_Bypass.c -o .\ARM_GCC_541\Debug\ADC_SAR_Bypass.o
arm-none-eabi-gcc.exe -mcpu=cortex-m3 -mthumb -I. -IGenerated_Source\PSoC5 -Wa,-alh=.\ARM_GCC_541\Debug/Cm3Start.lst -g -Wall -ffunction-sections -ffat-lto-objects -O0 -c Generated_Source\PSoC5\Cm3Start.c -o .\ARM_GCC_541\Debug\Cm3Start.o
arm-none-eabi-gcc.exe -mcpu=cortex-m3 -mthumb -I. -IGenerated_Source\PSoC5 -Wa,-alh=.\ARM_GCC_541\Debug/CyDmac.lst -g -Wall -ffunction-sections -ffat-lto-objects -O0 -c Generated_Source\PSoC5\CyDmac.c -o .\ARM_GCC_541\Debug\CyDmac.o
arm-none-eabi-gcc.exe -mcpu=cortex-m3 -mthumb -I. -IGenerated_Source\PSoC5 -Wa,-alh=.\ARM_GCC_541\Debug/CyFlash.lst -g -Wall -ffunction-sections -ffat-lto-objects -O0 -c Generated_Source\PSoC5\CyFlash.c -o .\ARM_GCC_541\Debug\CyFlash.o
arm-none-eabi-gcc.exe -mcpu=cortex-m3 -mthumb -I. -IGenerated_Source\PSoC5 -Wa,-alh=.\ARM_GCC_541\Debug/CyLib.lst -g -Wall -ffunction-sections -ffat-lto-objects -O0 -c Generated_Source\PSoC5\CyLib.c -o .\ARM_GCC_541\Debug\CyLib.o
arm-none-eabi-gcc.exe -mcpu=cortex-m3 -mthumb -I. -IGenerated_Source\PSoC5 -Wa,-alh=.\ARM_GCC_541\Debug/cyPm.lst -g -Wall -ffunction-sections -ffat-lto-objects -O0 -c Generated_Source\PSoC5\cyPm.c -o .\ARM_GCC_541\Debug\cyPm.o
arm-none-eabi-gcc.exe -mcpu=cortex-m3 -mthumb -I. -IGenerated_Source\PSoC5 -Wa,-alh=.\ARM_GCC_541\Debug/CySpc.lst -g -Wall -ffunction-sections -ffat-lto-objects -O0 -c Generated_Source\PSoC5\CySpc.c -o .\ARM_GCC_541\Debug\CySpc.o
arm-none-eabi-gcc.exe -mcpu=cortex-m3 -mthumb -I. -IGenerated_Source\PSoC5 -Wa,-alh=.\ARM_GCC_541\Debug/cyutils.lst -g -Wall -ffunction-sections -ffat-lto-objects -O0 -c Generated_Source\PSoC5\cyutils.c -o .\ARM_GCC_541\Debug\cyutils.o
arm-none-eabi-gcc.exe -mcpu=cortex-m3 -mthumb -I. -IGenerated_Source\PSoC5 -Wa,-alh=.\ARM_GCC_541\Debug/cy_em_eeprom.lst -g -Wall -ffunction-sections -ffat-lto-objects -O0 -c Generated_Source\PSoC5\cy_em_eeprom.c -o .\ARM_GCC_541\Debug\cy_em_eeprom.o
arm-none-eabi-gcc.exe -mcpu=cortex-m3 -mthumb -I. -IGenerated_Source\PSoC5 -Wa,-alh=.\ARM_GCC_541\Debug/JoyX.lst -g -Wall -ffunction-sections -ffat-lto-objects -O0 -c Generated_Source\PSoC5\JoyX.c -o .\ARM_GCC_541\Debug\JoyX.o
arm-none-eabi-gcc.exe -mcpu=cortex-m3 -mthumb -I. -IGenerated_Source\PSoC5 -Wa,-alh=.\ARM_GCC_541\Debug/JoyY.lst -g -Wall -ffunction-sections -ffat-lto-objects -O0 -c Generated_Source\PSoC5\JoyY.c -o .\ARM_GCC_541\Debug\JoyY.o
arm-none-eabi-gcc.exe -mcpu=cortex-m3 -mthumb -I. -IGenerated_Source\PSoC5 -Wa,-alh=.\ARM_GCC_541\Debug/Stepper_Clock.lst -g -Wall -ffunction-sections -ffat-lto-objects -O0 -c Generated_Source\PSoC5\Stepper_Clock.c -o .\ARM_GCC_541\Debug\Stepper_Clock.o
arm-none-eabi-gcc.exe -mcpu=cortex-m3 -mthumb -I. -IGenerated_Source\PSoC5 -Wa,-alh=.\ARM_GCC_541\Debug/PWM_Servo.lst -g -Wall -ffunction-sections -ffat-lto-objects -O0 -c Generated_Source\PSoC5\PWM_Servo.c -o .\ARM_GCC_541\Debug\PWM_Servo.o
arm-none-eabi-gcc.exe -mcpu=cortex-m3 -mthumb -I. -IGenerated_Source\PSoC5 -Wa,-alh=.\ARM_GCC_541\Debug/PWM_Servo_PM.lst -g -Wall -ffunction-sections -ffat-lto-objects -O0 -c Generated_Source\PSoC5\PWM_Servo_PM.c -o .\ARM_GCC_541\Debug\PWM_Servo_PM.o
arm-none-eabi-gcc.exe -mcpu=cortex-m3 -mthumb -I. -IGenerated_Source\PSoC5 -Wa,-alh=.\ARM_GCC_541\Debug/PWM_Stepper.lst -g -Wall -ffunction-sections -ffat-lto-objects -O0 -c Generated_Source\PSoC5\PWM_Stepper.c -o .\ARM_GCC_541\Debug\PWM_Stepper.o
arm-none-eabi-gcc.exe -mcpu=cortex-m3 -mthumb -I. -IGenerated_Source\PSoC5 -Wa,-alh=.\ARM_GCC_541\Debug/PWM_Stepper_PM.lst -g -Wall -ffunction-sections -ffat-lto-objects -O0 -c Generated_Source\PSoC5\PWM_Stepper_PM.c -o .\ARM_GCC_541\Debug\PWM_Stepper_PM.o
arm-none-eabi-gcc.exe -mcpu=cortex-m3 -mthumb -I. -IGenerated_Source\PSoC5 -Wa,-alh=.\ARM_GCC_541\Debug/ISR_StepperControl.lst -g -Wall -ffunction-sections -ffat-lto-objects -O0 -c Generated_Source\PSoC5\ISR_StepperControl.c -o .\ARM_GCC_541\Debug\ISR_StepperControl.o
arm-none-eabi-as.exe -mcpu=cortex-m3 -mthumb -I. -IGenerated_Source\PSoC5 -alh=.\ARM_GCC_541\Debug/CyBootAsmGnu.lst -g -o .\ARM_GCC_541\Debug\CyBootAsmGnu.o Generated_Source\PSoC5\CyBootAsmGnu.s
arm-none-eabi-ar.exe -rs .\ARM_GCC_541\Debug\ServoAndStepper.a .\ARM_GCC_541\Debug\PWM_Out.o .\ARM_GCC_541\Debug\UART.o .\ARM_GCC_541\Debug\UART_PM.o .\ARM_GCC_541\Debug\UART_INT.o .\ARM_GCC_541\Debug\UART_BOOT.o .\ARM_GCC_541\Debug\ADC.o .\ARM_GCC_541\Debug\ADC_PM.o .\ARM_GCC_541\Debug\ADC_INT.o .\ARM_GCC_541\Debug\PWM_Clock.o .\ARM_GCC_541\Debug\ISR_MicroServoControl.o .\ARM_GCC_541\Debug\ISR_Clock.o .\ARM_GCC_541\Debug\Stepper_Step.o .\ARM_GCC_541\Debug\Stepper_Direction.o .\ARM_GCC_541\Debug\UART_IntClock.o .\ARM_GCC_541\Debug\ADC_SAR.o .\ARM_GCC_541\Debug\ADC_SAR_INT.o .\ARM_GCC_541\Debug\ADC_SAR_PM.o .\ARM_GCC_541\Debug\ADC_IntClock.o .\ARM_GCC_541\Debug\ADC_TempBuf_dma.o .\ARM_GCC_541\Debug\ADC_FinalBuf_dma.o .\ARM_GCC_541\Debug\ADC_IRQ.o .\ARM_GCC_541\Debug\ADC_SAR_Bypass.o .\ARM_GCC_541\Debug\CyDmac.o .\ARM_GCC_541\Debug\CyFlash.o .\ARM_GCC_541\Debug\CyLib.o .\ARM_GCC_541\Debug\cyPm.o .\ARM_GCC_541\Debug\CySpc.o .\ARM_GCC_541\Debug\cyutils.o .\ARM_GCC_541\Debug\cy_em_eeprom.o .\ARM_GCC_541\Debug\JoyX.o .\ARM_GCC_541\Debug\JoyY.o .\ARM_GCC_541\Debug\Stepper_Clock.o .\ARM_GCC_541\Debug\PWM_Servo.o .\ARM_GCC_541\Debug\PWM_Servo_PM.o .\ARM_GCC_541\Debug\PWM_Stepper.o .\ARM_GCC_541\Debug\PWM_Stepper_PM.o .\ARM_GCC_541\Debug\ISR_StepperControl.o .\ARM_GCC_541\Debug\CyBootAsmGnu.o
arm-none-eabi-ar.exe: creating .\ARM_GCC_541\Debug\ServoAndStepper.a
arm-none-eabi-gcc.exe -Wl,--start-group -o C:\Users\oars0\Documents\GitHub\Interfacing_Lab\Lab_3_motors\PSOC_Creator\ServoAndStepper\ServoAndStepper.cydsn\ARM_GCC_541\Debug\ServoAndStepper.elf .\ARM_GCC_541\Debug\main.o .\ARM_GCC_541\Debug\cyfitter_cfg.o .\ARM_GCC_541\Debug\cymetadata.o .\ARM_GCC_541\Debug\Cm3Start.o .\ARM_GCC_541\Debug\ServoAndStepper.a "C:\Program Files (x86)\Cypress\PSoC Creator\4.4\PSoC Creator\psoc\content\cycomponentlibrary\CyComponentLibrary.cylib\CortexM3\ARM_GCC_541\Debug\CyComponentLibrary.a" -mcpu=cortex-m3 -mthumb -L Generated_Source\PSoC5 -Wl,-Map,.\ARM_GCC_541\Debug/ServoAndStepper.map -T Generated_Source\PSoC5\cm3gcc.ld -specs=nano.specs -Wl,--gc-sections -g -ffunction-sections -O0 -ffat-lto-objects -Wl,--end-group
cyelftool.exe -C C:\Users\oars0\Documents\GitHub\Interfacing_Lab\Lab_3_motors\PSOC_Creator\ServoAndStepper\ServoAndStepper.cydsn\ARM_GCC_541\Debug\ServoAndStepper.elf --flash_row_size 256 --flash_size 262144 --flash_offset 0x00000000
No ELF section .cychecksum found, creating one
Application checksum calculated and stored in ELF section .cychecksum
Checksum calculated and stored in ELF section .cymeta
cyelftool.exe -S C:\Users\oars0\Documents\GitHub\Interfacing_Lab\Lab_3_motors\PSOC_Creator\ServoAndStepper\ServoAndStepper.cydsn\ARM_GCC_541\Debug\ServoAndStepper.elf
Flash used: 14600 of 262144 bytes (5.6%).
SRAM used: 2709 of 65536 bytes (4.1%). Stack: 2048 bytes. Heap: 128 bytes.
--------------- Build Succeeded: 03/07/2024 13:21:42 ---------------
