--------------- Clean Started: 03/07/2024 13:14:32 Project: ServoAndStepper, Configuration: ARM GCC 5.4-2016-q2-update Debug ---------------
Deleting file ".\ARM_GCC_541\Debug\main.o"
Deleting file ".\ARM_GCC_541\Debug\cyfitter_cfg.o"
Deleting file ".\ARM_GCC_541\Debug\cymetadata.o"
Deleting file ".\ARM_GCC_541\Debug\PWM_Out.o"
Deleting file ".\ARM_GCC_541\Debug\UART.o"
Deleting file ".\ARM_GCC_541\Debug\UART_PM.o"
Deleting file ".\ARM_GCC_541\Debug\UART_INT.o"
Deleting file ".\ARM_GCC_541\Debug\UART_BOOT.o"
Deleting file ".\ARM_GCC_541\Debug\ADC.o"
Deleting file ".\ARM_GCC_541\Debug\ADC_PM.o"
Deleting file ".\ARM_GCC_541\Debug\ADC_INT.o"
Deleting file ".\ARM_GCC_541\Debug\PWM_Clock.o"
Deleting file ".\ARM_GCC_541\Debug\ISR_MicroServoControl.o"
Deleting file ".\ARM_GCC_541\Debug\ISR_Clock.o"
Deleting file ".\ARM_GCC_541\Debug\Stepper_Step.o"
Deleting file ".\ARM_GCC_541\Debug\Stepper_Direction.o"
Deleting file ".\ARM_GCC_541\Debug\UART_IntClock.o"
Deleting file ".\ARM_GCC_541\Debug\ADC_SAR.o"
Deleting file ".\ARM_GCC_541\Debug\ADC_SAR_INT.o"
Deleting file ".\ARM_GCC_541\Debug\ADC_SAR_PM.o"
Deleting file ".\ARM_GCC_541\Debug\ADC_IntClock.o"
Deleting file ".\ARM_GCC_541\Debug\ADC_TempBuf_dma.o"
Deleting file ".\ARM_GCC_541\Debug\ADC_FinalBuf_dma.o"
Deleting file ".\ARM_GCC_541\Debug\ADC_IRQ.o"
Deleting file ".\ARM_GCC_541\Debug\ADC_SAR_Bypass.o"
Deleting file ".\ARM_GCC_541\Debug\Cm3Start.o"
Deleting file ".\ARM_GCC_541\Debug\CyBootAsmGnu.o"
Deleting file ".\ARM_GCC_541\Debug\CyDmac.o"
Deleting file ".\ARM_GCC_541\Debug\CyFlash.o"
Deleting file ".\ARM_GCC_541\Debug\CyLib.o"
Deleting file ".\ARM_GCC_541\Debug\cyPm.o"
Deleting file ".\ARM_GCC_541\Debug\CySpc.o"
Deleting file ".\ARM_GCC_541\Debug\cyutils.o"
Deleting file ".\ARM_GCC_541\Debug\cy_em_eeprom.o"
Deleting file ".\ARM_GCC_541\Debug\JoyX.o"
Deleting file ".\ARM_GCC_541\Debug\JoyY.o"
Deleting file ".\ARM_GCC_541\Debug\Stepper_Clock.o"
Deleting file ".\ARM_GCC_541\Debug\PWM_Servo.o"
Deleting file ".\ARM_GCC_541\Debug\PWM_Servo_PM.o"
Deleting file ".\ARM_GCC_541\Debug\PWM_Stepper.o"
Deleting file ".\ARM_GCC_541\Debug\PWM_Stepper_PM.o"
Deleting file ".\ARM_GCC_541\Debug\ISR_StepperControl.o"
Deleting file ".\ARM_GCC_541\Debug\ServoAndStepper.hex"
Deleting file ".\ARM_GCC_541\Debug\ServoAndStepper.elf"
Deleting file ".\ARM_GCC_541\Debug\ServoAndStepper.map"
Deleting file ".\ServoAndStepper.cycdx"
Deleting file ".\ServoAndStepper.svd"
Deleting file ".\ServoAndStepper.rpt"
Deleting file ".\ServoAndStepper_timing.html"
Deleting file ".\ARM_GCC_541\Debug\.deps\SOURCE_C__ARM_GCC_GENERIC.P"
Deleting file ".\ARM_GCC_541\Debug\.deps\SOURCE_ASM__ARM_GCC_GENERIC.P"
--------------- Clean Succeeded: 03/07/2024 13:14:32 ---------------
