--------------- Build Started: 02/27/2024 10:36:40 Project: ServoAndStepper, Configuration: ARM GCC 5.4-2016-q2-update Debug ---------------
cydsfit.exe -.appdatapath "C:\Users\oars0\AppData\Local\Cypress Semiconductor\PSoC Creator\4.4" -.fdsnotice -.fdswarpdepfile=warp_dependencies.txt -.fdselabdepfile=elab_dependencies.txt -.fdsbldfile=generated_files.txt -.fdsreffile=referenced_files.txt -p "C:\Users\oars0\Documents\PSoC Creator\ServoAndStepper\ServoAndStepper.cydsn\ServoAndStepper.cyprj" -d CY8C5888LTI-LP097 -s "C:\Users\oars0\Documents\PSoC Creator\ServoAndStepper\ServoAndStepper.cydsn\Generated_Source\PSoC5" -- -yv2 -q10 -ygs -o2 -v3 -.fftcfgtype=LE
Elaborating Design...
ADD: sdb.M0025: error: No input on Instance "Stepper_Step", terminal "y_0".
 * C:\Users\oars0\Documents\PSoC Creator\ServoAndStepper\ServoAndStepper.cydsn\TopDesign\TopDesign.cysch (Signal: Net_512)
 * C:\Users\oars0\Documents\PSoC Creator\ServoAndStepper\ServoAndStepper.cydsn\TopDesign\TopDesign.cysch (Shape_7.2)
ADD: sdb.M0050: error: Terminal "y_0" requires connection when it is visible.
 * C:\Users\oars0\Documents\PSoC Creator\ServoAndStepper\ServoAndStepper.cydsn\TopDesign\TopDesign.cysch (Signal: Net_512)
 * C:\Users\oars0\Documents\PSoC Creator\ServoAndStepper\ServoAndStepper.cydsn\TopDesign\TopDesign.cysch (Shape_7.2)
ADD: sdb.M0025: error: No input on Instance "Stepper_Direction", terminal "y_0".
 * C:\Users\oars0\Documents\PSoC Creator\ServoAndStepper\ServoAndStepper.cydsn\TopDesign\TopDesign.cysch (Signal: Net_513)
 * C:\Users\oars0\Documents\PSoC Creator\ServoAndStepper\ServoAndStepper.cydsn\TopDesign\TopDesign.cysch (Shape_85.2)
ADD: sdb.M0050: error: Terminal "y_0" requires connection when it is visible.
 * C:\Users\oars0\Documents\PSoC Creator\ServoAndStepper\ServoAndStepper.cydsn\TopDesign\TopDesign.cysch (Signal: Net_513)
 * C:\Users\oars0\Documents\PSoC Creator\ServoAndStepper\ServoAndStepper.cydsn\TopDesign\TopDesign.cysch (Shape_85.2)
ADD: sdb.M0065: information: Analog terminal "vdac_ref" on ADC_SAR_SEQ_v2_10 is unconnected.
 * C:\Program Files (x86)\Cypress\PSoC Creator\4.4\PSoC Creator\psoc\content\CyComponentLibrary\CyComponentLibrary.cylib\ADC_SAR_SEQ_v2_10\PSoC5\ADC_SAR_SEQ_v2_10.cysch (Signal: vdac_ref)
 * C:\Program Files (x86)\Cypress\PSoC Creator\4.4\PSoC Creator\psoc\content\CyComponentLibrary\CyComponentLibrary.cylib\ADC_SAR_SEQ_v2_10\PSoC5\ADC_SAR_SEQ_v2_10.cysch (Shape_798)
 * C:\Program Files (x86)\Cypress\PSoC Creator\4.4\PSoC Creator\psoc\content\CyComponentLibrary\CyComponentLibrary.cylib\ADC_SAR_SEQ_v2_10\PSoC5\ADC_SAR_SEQ_v2_10.cysch (Shape_885)
ADD: fit.M0032: warning: Clock Warning: (ISR_Clock's accuracy range '30.003  Hz -55% +100%, (13.501  Hz - 60.006  Hz)' is not within the specified tolerance range '30  Hz +/- 5%, (28.5  Hz - 31.5  Hz)'.).
 * C:\Users\oars0\Documents\PSoC Creator\ServoAndStepper\ServoAndStepper.cydsn\ServoAndStepper.cydwr (ISR_Clock)
 * C:\Users\oars0\Documents\PSoC Creator\ServoAndStepper\ServoAndStepper.cydsn\TopDesign\TopDesign.cysch (Instance:ISR_Clock)
Error: fit.M0050: The fitter aborted due to errors, please address all errors and rebuild. (App=cydsfit)
--------------- Build Failed: 02/27/2024 10:36:42 ---------------
