--------------- Build Started: 02/27/2024 10:06:33 Project: MicroServo, Configuration: ARM GCC 5.4-2016-q2-update Debug ---------------
cydsfit.exe -.appdatapath "C:\Users\oars0\AppData\Local\Cypress Semiconductor\PSoC Creator\4.4" -.fdsnotice -.fdswarpdepfile=warp_dependencies.txt -.fdselabdepfile=elab_dependencies.txt -.fdsbldfile=generated_files.txt -.fdsreffile=referenced_files.txt -p C:\Users\oars0\Documents\GitHub\Interfacing_Lab\Lab_3_motors\PSOC_Creator\MicroServo+JoystickControl\MicroServo.cydsn\MicroServo.cyprj -d CY8C5888LTI-LP097 -s C:\Users\oars0\Documents\GitHub\Interfacing_Lab\Lab_3_motors\PSOC_Creator\MicroServo+JoystickControl\MicroServo.cydsn\Generated_Source\PSoC5 -- -yv2 -q10 -ygs -o2 -v3 -.fftcfgtype=LE
Elaborating Design...
ADD: sdb.M0065: information: Analog terminal "vdac_ref" on ADC_SAR_SEQ_v2_10 is unconnected.
 * C:\Program Files (x86)\Cypress\PSoC Creator\4.4\PSoC Creator\psoc\content\CyComponentLibrary\CyComponentLibrary.cylib\ADC_SAR_SEQ_v2_10\PSoC5\ADC_SAR_SEQ_v2_10.cysch (Signal: vdac_ref)
 * C:\Program Files (x86)\Cypress\PSoC Creator\4.4\PSoC Creator\psoc\content\CyComponentLibrary\CyComponentLibrary.cylib\ADC_SAR_SEQ_v2_10\PSoC5\ADC_SAR_SEQ_v2_10.cysch (Shape_798)
 * C:\Program Files (x86)\Cypress\PSoC Creator\4.4\PSoC Creator\psoc\content\CyComponentLibrary\CyComponentLibrary.cylib\ADC_SAR_SEQ_v2_10\PSoC5\ADC_SAR_SEQ_v2_10.cysch (Shape_885)
ADD: fit.M0032: warning: Clock Warning: (ISR_Clock's accuracy range '30.003  Hz -55% +100%, (13.501  Hz - 60.006  Hz)' is not within the specified tolerance range '30  Hz +/- 5%, (28.5  Hz - 31.5  Hz)'.).
 * C:\Users\oars0\Documents\GitHub\Interfacing_Lab\Lab_3_motors\PSOC_Creator\MicroServo+JoystickControl\MicroServo.cydsn\MicroServo.cydwr (ISR_Clock)
 * C:\Users\oars0\Documents\GitHub\Interfacing_Lab\Lab_3_motors\PSOC_Creator\MicroServo+JoystickControl\MicroServo.cydsn\TopDesign\TopDesign.cysch (Instance:ISR_Clock)
HDL Generation...
Synthesis...
Tech Mapping...
ADD: pft.M0040: information: The following 1 pin(s) will be assigned a location by the fitter: \ADC:SAR:Bypass(0)\
Analog Placement...
Info: apr.M0002: Analog signal "Net_196" is connected to one terminal only. (App=cydsfit)
Info: apr.M0002: Analog signal "Net_215" is connected to one terminal only. (App=cydsfit)
Info: apr.M0002: Analog signal "Net_245" is connected to one terminal only. (App=cydsfit)
Info: apr.M0002: Analog signal "Net_224" is connected to one terminal only. (App=cydsfit)
Info: apr.M0002: Analog signal "Net_225" is connected to one terminal only. (App=cydsfit)
Info: apr.M0002: Analog signal "Net_248" is connected to one terminal only. (App=cydsfit)
Info: apr.M0002: Analog signal "Net_228" is connected to one terminal only. (App=cydsfit)
Info: apr.M0002: Analog signal "Net_229" is connected to one terminal only. (App=cydsfit)
Info: apr.M0002: Analog signal "Net_264" is connected to one terminal only. (App=cydsfit)
Info: apr.M0002: Analog signal "Net_232" is connected to one terminal only. (App=cydsfit)
Info: apr.M0002: Analog signal "Net_233" is connected to one terminal only. (App=cydsfit)
Info: apr.M0002: Analog signal "Net_265" is connected to one terminal only. (App=cydsfit)
Info: apr.M0002: Analog signal "Net_174" is connected to one terminal only. (App=cydsfit)
Info: apr.M0002: Analog signal "Net_175" is connected to one terminal only. (App=cydsfit)
Info: apr.M0002: Analog signal "Net_235" is connected to one terminal only. (App=cydsfit)
Info: apr.M0002: Analog signal "Net_178" is connected to one terminal only. (App=cydsfit)
Info: apr.M0002: Analog signal "Net_179" is connected to one terminal only. (App=cydsfit)
Info: apr.M0002: Analog signal "Net_236" is connected to one terminal only. (App=cydsfit)
Info: apr.M0002: Analog signal "Net_182" is connected to one terminal only. (App=cydsfit)
Info: apr.M0002: Analog signal "Net_183" is connected to one terminal only. (App=cydsfit)
Info: apr.M0002: Analog signal "Net_237" is connected to one terminal only. (App=cydsfit)
Info: apr.M0002: Analog signal "Net_186" is connected to one terminal only. (App=cydsfit)
Info: apr.M0002: Analog signal "Net_187" is connected to one terminal only. (App=cydsfit)
Info: apr.M0002: Analog signal "Net_238" is connected to one terminal only. (App=cydsfit)
Info: apr.M0002: Analog signal "Net_190" is connected to one terminal only. (App=cydsfit)
Info: apr.M0002: Analog signal "Net_191" is connected to one terminal only. (App=cydsfit)
Info: apr.M0002: Analog signal "Net_239" is connected to one terminal only. (App=cydsfit)
Info: apr.M0002: Analog signal "Net_195" is connected to one terminal only. (App=cydsfit)
Info: apr.M0002: Analog signal "Net_197" is connected to one terminal only. (App=cydsfit)
Info: apr.M0002: Analog signal "Net_240" is connected to one terminal only. (App=cydsfit)
Info: apr.M0002: Analog signal "Net_200" is connected to one terminal only. (App=cydsfit)
Info: apr.M0002: Analog signal "Net_201" is connected to one terminal only. (App=cydsfit)
Info: apr.M0002: Analog signal "Net_241" is connected to one terminal only. (App=cydsfit)
Info: apr.M0002: Analog signal "Net_204" is connected to one terminal only. (App=cydsfit)
Info: apr.M0002: Analog signal "Net_205" is connected to one terminal only. (App=cydsfit)
Info: apr.M0002: Analog signal "Net_242" is connected to one terminal only. (App=cydsfit)
Info: apr.M0002: Analog signal "Net_208" is connected to one terminal only. (App=cydsfit)
Info: apr.M0002: Analog signal "Net_209" is connected to one terminal only. (App=cydsfit)
Info: apr.M0002: Analog signal "Net_243" is connected to one terminal only. (App=cydsfit)
Info: apr.M0002: Analog signal "Net_212" is connected to one terminal only. (App=cydsfit)
Info: apr.M0002: Analog signal "Net_213" is connected to one terminal only. (App=cydsfit)
Info: apr.M0002: Analog signal "Net_244" is connected to one terminal only. (App=cydsfit)
Info: apr.M0002: Analog signal "Net_217" is connected to one terminal only. (App=cydsfit)
Info: apr.M0002: Analog signal "Net_219" is connected to one terminal only. (App=cydsfit)
Info: apr.M0002: Analog signal "Net_246" is connected to one terminal only. (App=cydsfit)
Info: apr.M0002: Analog signal "Net_222" is connected to one terminal only. (App=cydsfit)
Info: apr.M0002: Analog signal "Net_247" is connected to one terminal only. (App=cydsfit)
Info: apr.M0002: Analog signal "Net_249" is connected to one terminal only. (App=cydsfit)
Info: apr.M0002: Analog signal "Net_250" is connected to one terminal only. (App=cydsfit)
Info: apr.M0002: Analog signal "Net_251" is connected to one terminal only. (App=cydsfit)
Info: apr.M0002: Analog signal "Net_252" is connected to one terminal only. (App=cydsfit)
Info: apr.M0002: Analog signal "Net_253" is connected to one terminal only. (App=cydsfit)
Info: apr.M0002: Analog signal "Net_254" is connected to one terminal only. (App=cydsfit)
Info: apr.M0002: Analog signal "Net_255" is connected to one terminal only. (App=cydsfit)
Info: apr.M0002: Analog signal "Net_256" is connected to one terminal only. (App=cydsfit)
Info: apr.M0002: Analog signal "Net_257" is connected to one terminal only. (App=cydsfit)
Info: apr.M0002: Analog signal "Net_258" is connected to one terminal only. (App=cydsfit)
Info: apr.M0002: Analog signal "Net_259" is connected to one terminal only. (App=cydsfit)
Info: apr.M0002: Analog signal "Net_260" is connected to one terminal only. (App=cydsfit)
Info: apr.M0002: Analog signal "Net_261" is connected to one terminal only. (App=cydsfit)
Info: apr.M0002: Analog signal "Net_262" is connected to one terminal only. (App=cydsfit)
Info: apr.M0002: Analog signal "Net_263" is connected to one terminal only. (App=cydsfit)
Analog Routing...
Analog Code Generation...
Digital Placement...
Digital Routing...
Bitstream Generation...
Bitstream Verification...
Static timing analysis...
Warning: sta.M0021: MicroServo_timing.html: Warning-1350: Asynchronous path(s) exist from "ClockBlock/clk_bus_glb" to "ClockBlock/dclk_glb_0". See the timing report for details. (File=C:\Users\oars0\Documents\GitHub\Interfacing_Lab\Lab_3_motors\PSOC_Creator\MicroServo+JoystickControl\MicroServo.cydsn\MicroServo_timing.html)
Warning: sta.M0021: MicroServo_timing.html: Warning-1350: Asynchronous path(s) exist from "ClockBlock/clk_bus_glb" to "ClockBlock/dclk_glb_2". See the timing report for details. (File=C:\Users\oars0\Documents\GitHub\Interfacing_Lab\Lab_3_motors\PSOC_Creator\MicroServo+JoystickControl\MicroServo.cydsn\MicroServo_timing.html)
Warning: sta.M0021: MicroServo_timing.html: Warning-1350: Asynchronous path(s) exist from "ClockBlock/dclk_glb_0" to "ClockBlock/clk_bus_glb". See the timing report for details. (File=C:\Users\oars0\Documents\GitHub\Interfacing_Lab\Lab_3_motors\PSOC_Creator\MicroServo+JoystickControl\MicroServo.cydsn\MicroServo_timing.html)
API Generation...
Dependency Generation...
Cleanup...
arm-none-eabi-gcc.exe -mcpu=cortex-m3 -mthumb -I. -IGenerated_Source\PSoC5 -Wa,-alh=.\ARM_GCC_541\Debug/main.lst -g -Wall -ffunction-sections -ffat-lto-objects -O0 -c main.c -o .\ARM_GCC_541\Debug\main.o
arm-none-eabi-ar.exe -rs .\ARM_GCC_541\Debug\MicroServo.a .\ARM_GCC_541\Debug\SW.o .\ARM_GCC_541\Debug\VRX.o .\ARM_GCC_541\Debug\VRY.o .\ARM_GCC_541\Debug\UART.o .\ARM_GCC_541\Debug\UART_PM.o .\ARM_GCC_541\Debug\UART_INT.o .\ARM_GCC_541\Debug\UART_BOOT.o .\ARM_GCC_541\Debug\ADC.o .\ARM_GCC_541\Debug\ADC_PM.o .\ARM_GCC_541\Debug\ADC_INT.o .\ARM_GCC_541\Debug\UART_IntClock.o .\ARM_GCC_541\Debug\ADC_SAR.o .\ARM_GCC_541\Debug\ADC_SAR_INT.o .\ARM_GCC_541\Debug\ADC_SAR_PM.o .\ARM_GCC_541\Debug\ADC_IntClock.o .\ARM_GCC_541\Debug\ADC_TempBuf_dma.o .\ARM_GCC_541\Debug\ADC_FinalBuf_dma.o .\ARM_GCC_541\Debug\ADC_IRQ.o .\ARM_GCC_541\Debug\ADC_SAR_Bypass.o .\ARM_GCC_541\Debug\CyDmac.o .\ARM_GCC_541\Debug\CyFlash.o .\ARM_GCC_541\Debug\CyLib.o .\ARM_GCC_541\Debug\cyPm.o .\ARM_GCC_541\Debug\CySpc.o .\ARM_GCC_541\Debug\cyutils.o .\ARM_GCC_541\Debug\cy_em_eeprom.o .\ARM_GCC_541\Debug\PWM.o .\ARM_GCC_541\Debug\PWM_PM.o .\ARM_GCC_541\Debug\PWM_Out.o .\ARM_GCC_541\Debug\PWM_Clock.o .\ARM_GCC_541\Debug\ISR_Clock.o .\ARM_GCC_541\Debug\ISR_MicroServoControl.o .\ARM_GCC_541\Debug\CyBootAsmGnu.o
arm-none-eabi-ar.exe: creating .\ARM_GCC_541\Debug\MicroServo.a
arm-none-eabi-gcc.exe -Wl,--start-group -o C:\Users\oars0\Documents\GitHub\Interfacing_Lab\Lab_3_motors\PSOC_Creator\MicroServo+JoystickControl\MicroServo.cydsn\ARM_GCC_541\Debug\MicroServo.elf .\ARM_GCC_541\Debug\main.o .\ARM_GCC_541\Debug\cyfitter_cfg.o .\ARM_GCC_541\Debug\cymetadata.o .\ARM_GCC_541\Debug\Cm3Start.o .\ARM_GCC_541\Debug\MicroServo.a "C:\Program Files (x86)\Cypress\PSoC Creator\4.4\PSoC Creator\psoc\content\cycomponentlibrary\CyComponentLibrary.cylib\CortexM3\ARM_GCC_541\Debug\CyComponentLibrary.a" -mcpu=cortex-m3 -mthumb -L Generated_Source\PSoC5 -Wl,-Map,.\ARM_GCC_541\Debug/MicroServo.map -T Generated_Source\PSoC5\cm3gcc.ld -specs=nano.specs -Wl,--gc-sections -g -ffunction-sections -O0 -ffat-lto-objects -Wl,--end-group
cyelftool.exe -C C:\Users\oars0\Documents\GitHub\Interfacing_Lab\Lab_3_motors\PSOC_Creator\MicroServo+JoystickControl\MicroServo.cydsn\ARM_GCC_541\Debug\MicroServo.elf --flash_row_size 256 --flash_size 262144 --flash_offset 0x00000000
No ELF section .cychecksum found, creating one
Application checksum calculated and stored in ELF section .cychecksum
Checksum calculated and stored in ELF section .cymeta
cyelftool.exe -S C:\Users\oars0\Documents\GitHub\Interfacing_Lab\Lab_3_motors\PSOC_Creator\MicroServo+JoystickControl\MicroServo.cydsn\ARM_GCC_541\Debug\MicroServo.elf
Flash used: 12352 of 262144 bytes (4.7%).
SRAM used: 2605 of 65536 bytes (4.0%). Stack: 2048 bytes. Heap: 128 bytes.
--------------- Build Succeeded: 02/27/2024 10:06:46 ---------------
