#***************************************************************************

#sjplacer

#Version:            1.1

#Build Date:         Sep  9 2019 11:47:43

#File Generated:     Mar 21 2024 12:59:29

#Purpose:            

#Copyright (C) 2010-2011 by Softjin Technologies Pvt Ltd. All rights reserved.

#***************************************************************************

Executing : C:\Program Files (x86)\Cypress\PSoC Creator\4.4\PSoC Creator\bin/sjplacer.exe --proj-name DCMotor --netlist-vh2 DCMotor_p.vh2 --arch p35_udb4x6 --arch-file C:\Program Files (x86)\Cypress\PSoC Creator\4.4\PSoC Creator\dev\arch/udbdsi_4x6_24.cydata --ip-file C:\Program Files (x86)\Cypress\PSoC Creator\4.4\PSoC Creator\dev\psoc5/psoc5lp/ip_blocks.cydata --rrg-file C:\Program Files (x86)\Cypress\PSoC Creator\4.4\PSoC Creator\dev\psoc5/psoc5lp/route_arch-rrg.cydata --irq-file C:\Program Files (x86)\Cypress\PSoC Creator\4.4\PSoC Creator\dev\psoc5/psoc5lp/irqconn.cydata --drq-file C:\Program Files (x86)\Cypress\PSoC Creator\4.4\PSoC Creator\dev\psoc5/psoc5lp/dmaconn.cydata --dsi-conn-file C:\Program Files (x86)\Cypress\PSoC Creator\4.4\PSoC Creator\dev\psoc5/psoc5lp/dsiconn.cydata --pins-file pins_68-QFN.xml --lib-file DCMotor_p.lib --sdc-file DCMotor.sdc --io-pcf DCMotor.pci --outdir .

		Softjin Techologies Placer, Version 1.1

Build Date : Sep  9 2019	11:45:12

D2004: Option and Settings Summary
=============================================================
Netlist vh2 file          - DCMotor_p.vh2
Architecture file         - C:\Program Files (x86)\Cypress\PSoC Creator\4.4\PSoC Creator\dev\arch/udbdsi_4x6_24.cydata
Package                   - 
Defparam file             - 
SDC file                  - DCMotor.sdc
Output directory          - .
Timing library            - DCMotor_p.lib
IO Placement file         - DCMotor.pci

D2050: Starting reading inputs for placer
=============================================================
D2065: Reading netlist file : "DCMotor_p.vh2"
D2065: Reading arch file : "C:\Program Files (x86)\Cypress\PSoC Creator\4.4\PSoC Creator\dev\arch/udbdsi_4x6_24.cydata"
D2051: Reading of inputs for placer completed successfully

D2053: Starting placement of the design
=============================================================

Phase 2
Phase 3

Design Statistics after Packing
    Number of Combinational MCs 	:	16
    Number of Sequential MCs    	:	93
    Number of DPs               	:	5
    Number of Controls          	:	5
    Number of Status            	:	4
    Number of SyncCells         	:	2
    Number of count7cells       	:	2

Device Utilization Summary after Packing
    Macrocells                  :	109/192
    UDBS                        :	17/24
    IOs                         :	10/72


D2088: Phase 3, elapsed time : 0.0 (sec)

Phase 4
D2088: Phase 4, elapsed time : 0.0 (sec)

Phase 5
D2088: Phase 5, elapsed time : 0.0 (sec)

Phase 6

######################################################################
Placement Timing Summary

The timing summary is based on estimated routing delays after
placement. For final timing report, please carry out the timing
analysis after routing.
======================================================================

######################################################################
                     Clock Summary 
======================================================================
Number of clocks: 6
Clock: ADC_IntClock(routed) | Frequency: N/A       | Target:   1.8 MHz
Clock: ClockBlock/clk_bus_glb | Frequency:  62.1 MHz | Target:   0.1 MHz
Clock: ClockBlock/dclk_glb_0 | Frequency:  59.7 MHz | Target:   0.1 MHz
Clock: ClockBlock/dclk_glb_1 | Frequency:  27.3 MHz | Target:   0.1 MHz
Clock: ClockBlock/dclk_glb_2 | Frequency:  52.1 MHz | Target:   0.1 MHz
Clock: ISR_Clock(routed)    | Frequency: N/A       | Target:   0.0 MHz

======================================================================
                     End of Clock Summary
######################################################################

D2088: Phase 6, elapsed time : 0.0 (sec)

Phase 7
######################################################################
                     Clock Summary 
======================================================================
Number of clocks: 6
Clock: ADC_IntClock(routed) | Frequency: N/A       | Target:   1.8 MHz
Clock: ClockBlock/clk_bus_glb | Frequency:  62.1 MHz | Target:   0.1 MHz
Clock: ClockBlock/dclk_glb_0 | Frequency:  53.0 MHz | Target:   0.1 MHz
Clock: ClockBlock/dclk_glb_1 | Frequency:  33.4 MHz | Target:   0.1 MHz
Clock: ClockBlock/dclk_glb_2 | Frequency:  52.1 MHz | Target:   0.1 MHz
Clock: ISR_Clock(routed)    | Frequency: N/A       | Target:   0.0 MHz

======================================================================
                     End of Clock Summary
######################################################################
D2088: Phase 7, elapsed time : 3.6 (sec)

Final Design Statistics
    Number of Combinational MCs 	:	16
    Number of Sequential MCs    	:	93
    Number of DPs               	:	5
    Number of Controls          	:	5
    Number of Status            	:	4
    Number of SyncCells         	:	2
    Number of count7cells       	:	2
    Number of IOs       	:	10

Device Utilization Summary
    Macrocells                  :	109/192
    IOs                         :	10/72



######################################################################
Placement Timing Summary

The timing summary is based on estimated routing delays after
placement. For final timing report, please carry out the timing
analysis after routing.
======================================================================


######################################################################
                     Clock Summary 
======================================================================
Number of clocks: 6
Clock: ADC_IntClock(routed) | Frequency: N/A       | Target:   1.8 MHz
Clock: ClockBlock/clk_bus_glb | Frequency:  62.1 MHz | Target:   0.1 MHz
Clock: ClockBlock/dclk_glb_0 | Frequency:  59.7 MHz | Target:   0.1 MHz
Clock: ClockBlock/dclk_glb_1 | Frequency:  34.1 MHz | Target:   0.1 MHz
Clock: ClockBlock/dclk_glb_2 | Frequency:  48.0 MHz | Target:   0.1 MHz
Clock: ISR_Clock(routed)    | Frequency: N/A       | Target:   0.0 MHz

======================================================================
                     End of Clock Summary
######################################################################

Phase 8
D2088: Phase 8, elapsed time : 0.0 (sec)

D2054: Placement of the design completed successfully

I2076: Total run-time: 4.2 sec.

