#***************************************************************************

#sjplacer

#Version:            1.1

#Build Date:         Sep  9 2019 11:47:43

#File Generated:     Mar 7 2024 14:37:49

#Purpose:            

#Copyright (C) 2010-2011 by Softjin Technologies Pvt Ltd. All rights reserved.

#***************************************************************************

Executing : C:\Program Files (x86)\Cypress\PSoC Creator\4.4\PSoC Creator\bin/sjplacer.exe --proj-name ServoAndStepper --netlist-vh2 ServoAndStepper_p.vh2 --arch p35_udb4x6 --arch-file C:\Program Files (x86)\Cypress\PSoC Creator\4.4\PSoC Creator\dev\arch/udbdsi_4x6_24.cydata --ip-file C:\Program Files (x86)\Cypress\PSoC Creator\4.4\PSoC Creator\dev\psoc5/psoc5lp/ip_blocks.cydata --rrg-file C:\Program Files (x86)\Cypress\PSoC Creator\4.4\PSoC Creator\dev\psoc5/psoc5lp/route_arch-rrg.cydata --irq-file C:\Program Files (x86)\Cypress\PSoC Creator\4.4\PSoC Creator\dev\psoc5/psoc5lp/irqconn.cydata --drq-file C:\Program Files (x86)\Cypress\PSoC Creator\4.4\PSoC Creator\dev\psoc5/psoc5lp/dmaconn.cydata --dsi-conn-file C:\Program Files (x86)\Cypress\PSoC Creator\4.4\PSoC Creator\dev\psoc5/psoc5lp/dsiconn.cydata --pins-file pins_68-QFN.xml --lib-file ServoAndStepper_p.lib --sdc-file ServoAndStepper.sdc --io-pcf ServoAndStepper.pci --outdir .

		Softjin Techologies Placer, Version 1.1

Build Date : Sep  9 2019	11:45:12

D2004: Option and Settings Summary
=============================================================
Netlist vh2 file          - ServoAndStepper_p.vh2
Architecture file         - C:\Program Files (x86)\Cypress\PSoC Creator\4.4\PSoC Creator\dev\arch/udbdsi_4x6_24.cydata
Package                   - 
Defparam file             - 
SDC file                  - ServoAndStepper.sdc
Output directory          - .
Timing library            - ServoAndStepper_p.lib
IO Placement file         - ServoAndStepper.pci

D2050: Starting reading inputs for placer
=============================================================
D2065: Reading netlist file : "ServoAndStepper_p.vh2"
D2065: Reading arch file : "C:\Program Files (x86)\Cypress\PSoC Creator\4.4\PSoC Creator\dev\arch/udbdsi_4x6_24.cydata"
D2051: Reading of inputs for placer completed successfully

D2053: Starting placement of the design
=============================================================

Phase 2
Phase 3

Design Statistics after Packing
    Number of Combinational MCs 	:	13
    Number of Sequential MCs    	:	97
    Number of DPs               	:	7
    Number of Controls          	:	5
    Number of Status            	:	5
    Number of SyncCells         	:	2
    Number of count7cells       	:	2

Device Utilization Summary after Packing
    Macrocells                  :	110/192
    UDBS                        :	19/24
    IOs                         :	8/72


D2088: Phase 3, elapsed time : 0.0 (sec)

Phase 4
D2088: Phase 4, elapsed time : 0.0 (sec)

Phase 5
D2088: Phase 5, elapsed time : 0.0 (sec)

Phase 6

######################################################################
Placement Timing Summary

The timing summary is based on estimated routing delays after
placement. For final timing report, please carry out the timing
analysis after routing.
======================================================================

######################################################################
                     Clock Summary 
======================================================================
Number of clocks: 7
Clock: ADC_IntClock(routed) | Frequency: N/A       | Target:   1.8 MHz
Clock: ClockBlock/clk_bus_glb | Frequency:  62.1 MHz | Target:   0.1 MHz
Clock: ClockBlock/dclk_glb_0 | Frequency:  59.7 MHz | Target:   0.1 MHz
Clock: ClockBlock/dclk_glb_1 | Frequency:  26.1 MHz | Target:   0.1 MHz
Clock: ClockBlock/dclk_glb_2 | Frequency:  59.7 MHz | Target:   0.1 MHz
Clock: ClockBlock/dclk_glb_3 | Frequency:  52.7 MHz | Target:   0.1 MHz
Clock: ISR_Clock(routed)    | Frequency: N/A       | Target:   0.0 MHz

======================================================================
                     End of Clock Summary
######################################################################

D2088: Phase 6, elapsed time : 0.1 (sec)

Phase 7
######################################################################
                     Clock Summary 
======================================================================
Number of clocks: 7
Clock: ADC_IntClock(routed) | Frequency: N/A       | Target:   1.8 MHz
Clock: ClockBlock/clk_bus_glb | Frequency:  62.1 MHz | Target:   0.1 MHz
Clock: ClockBlock/dclk_glb_0 | Frequency:  59.7 MHz | Target:   0.1 MHz
Clock: ClockBlock/dclk_glb_1 | Frequency:  34.1 MHz | Target:   0.1 MHz
Clock: ClockBlock/dclk_glb_2 | Frequency:  59.7 MHz | Target:   0.1 MHz
Clock: ClockBlock/dclk_glb_3 | Frequency:  47.3 MHz | Target:   0.1 MHz
Clock: ISR_Clock(routed)    | Frequency: N/A       | Target:   0.0 MHz

======================================================================
                     End of Clock Summary
######################################################################
D2088: Phase 7, elapsed time : 4.4 (sec)

Final Design Statistics
    Number of Combinational MCs 	:	13
    Number of Sequential MCs    	:	97
    Number of DPs               	:	7
    Number of Controls          	:	5
    Number of Status            	:	5
    Number of SyncCells         	:	2
    Number of count7cells       	:	2
    Number of IOs       	:	8

Device Utilization Summary
    Macrocells                  :	110/192
    IOs                         :	8/72



######################################################################
Placement Timing Summary

The timing summary is based on estimated routing delays after
placement. For final timing report, please carry out the timing
analysis after routing.
======================================================================


######################################################################
                     Clock Summary 
======================================================================
Number of clocks: 7
Clock: ADC_IntClock(routed) | Frequency: N/A       | Target:   1.8 MHz
Clock: ClockBlock/clk_bus_glb | Frequency:  62.1 MHz | Target:   0.1 MHz
Clock: ClockBlock/dclk_glb_0 | Frequency:  59.7 MHz | Target:   0.1 MHz
Clock: ClockBlock/dclk_glb_1 | Frequency:  36.7 MHz | Target:   0.1 MHz
Clock: ClockBlock/dclk_glb_2 | Frequency:  59.7 MHz | Target:   0.1 MHz
Clock: ClockBlock/dclk_glb_3 | Frequency:  48.8 MHz | Target:   0.1 MHz
Clock: ISR_Clock(routed)    | Frequency: N/A       | Target:   0.0 MHz

======================================================================
                     End of Clock Summary
######################################################################

Phase 8
D2088: Phase 8, elapsed time : 0.0 (sec)

D2054: Placement of the design completed successfully

I2076: Total run-time: 5.1 sec.

