ARM GAS  C:\Users\oars0\AppData\Local\Temp\ccyY9QC8.s 			page 1


   1              		.syntax unified
   2              		.cpu cortex-m3
   3              		.fpu softvfp
   4              		.eabi_attribute 20, 1
   5              		.eabi_attribute 21, 1
   6              		.eabi_attribute 23, 3
   7              		.eabi_attribute 24, 1
   8              		.eabi_attribute 25, 1
   9              		.eabi_attribute 26, 1
  10              		.eabi_attribute 30, 6
  11              		.eabi_attribute 34, 1
  12              		.eabi_attribute 18, 4
  13              		.thumb
  14              		.syntax unified
  15              		.file	"USBFS_1_descr.c"
  16              		.text
  17              	.Ltext0:
  18              		.cfi_sections	.debug_frame
  19              		.global	USBFS_1_DEVICE0_DESCR
  20              		.section	.rodata
  21              		.align	2
  22              		.type	USBFS_1_DEVICE0_DESCR, %object
  23              		.size	USBFS_1_DEVICE0_DESCR, 18
  24              	USBFS_1_DEVICE0_DESCR:
  25 0000 12       		.byte	18
  26 0001 01       		.byte	1
  27 0002 00       		.byte	0
  28 0003 02       		.byte	2
  29 0004 00       		.byte	0
  30 0005 00       		.byte	0
  31 0006 00       		.byte	0
  32 0007 08       		.byte	8
  33 0008 B4       		.byte	-76
  34 0009 04       		.byte	4
  35 000a 11       		.byte	17
  36 000b E0       		.byte	-32
  37 000c 00       		.byte	0
  38 000d 00       		.byte	0
  39 000e 01       		.byte	1
  40 000f 02       		.byte	2
  41 0010 00       		.byte	0
  42 0011 01       		.byte	1
  43              		.global	USBFS_1_DEVICE0_CONFIGURATION0_DESCR
  44 0012 0000     		.align	2
  45              		.type	USBFS_1_DEVICE0_CONFIGURATION0_DESCR, %object
  46              		.size	USBFS_1_DEVICE0_CONFIGURATION0_DESCR, 34
  47              	USBFS_1_DEVICE0_CONFIGURATION0_DESCR:
  48 0014 09       		.byte	9
  49 0015 02       		.byte	2
  50 0016 22       		.byte	34
  51 0017 00       		.byte	0
  52 0018 01       		.byte	1
  53 0019 01       		.byte	1
  54 001a 00       		.byte	0
  55 001b 80       		.byte	-128
  56 001c 0A       		.byte	10
  57 001d 09       		.byte	9
ARM GAS  C:\Users\oars0\AppData\Local\Temp\ccyY9QC8.s 			page 2


  58 001e 04       		.byte	4
  59 001f 00       		.byte	0
  60 0020 00       		.byte	0
  61 0021 01       		.byte	1
  62 0022 03       		.byte	3
  63 0023 00       		.byte	0
  64 0024 00       		.byte	0
  65 0025 00       		.byte	0
  66 0026 09       		.byte	9
  67 0027 21       		.byte	33
  68 0028 11       		.byte	17
  69 0029 01       		.byte	1
  70 002a 00       		.byte	0
  71 002b 01       		.byte	1
  72 002c 22       		.byte	34
  73 002d 32       		.byte	50
  74 002e 00       		.byte	0
  75 002f 07       		.byte	7
  76 0030 05       		.byte	5
  77 0031 81       		.byte	-127
  78 0032 03       		.byte	3
  79 0033 08       		.byte	8
  80 0034 00       		.byte	0
  81 0035 0A       		.byte	10
  82              		.global	USBFS_1_STRING_DESCRIPTORS
  83 0036 0000     		.align	2
  84              		.type	USBFS_1_STRING_DESCRIPTORS, %object
  85              		.size	USBFS_1_STRING_DESCRIPTORS, 75
  86              	USBFS_1_STRING_DESCRIPTORS:
  87 0038 04       		.byte	4
  88 0039 03       		.byte	3
  89 003a 09       		.byte	9
  90 003b 04       		.byte	4
  91 003c 2C       		.byte	44
  92 003d 03       		.byte	3
  93 003e 43       		.byte	67
  94 003f 00       		.byte	0
  95 0040 79       		.byte	121
  96 0041 00       		.byte	0
  97 0042 70       		.byte	112
  98 0043 00       		.byte	0
  99 0044 72       		.byte	114
 100 0045 00       		.byte	0
 101 0046 65       		.byte	101
 102 0047 00       		.byte	0
 103 0048 73       		.byte	115
 104 0049 00       		.byte	0
 105 004a 73       		.byte	115
 106 004b 00       		.byte	0
 107 004c 20       		.byte	32
 108 004d 00       		.byte	0
 109 004e 53       		.byte	83
 110 004f 00       		.byte	0
 111 0050 65       		.byte	101
 112 0051 00       		.byte	0
 113 0052 6D       		.byte	109
 114 0053 00       		.byte	0
ARM GAS  C:\Users\oars0\AppData\Local\Temp\ccyY9QC8.s 			page 3


 115 0054 69       		.byte	105
 116 0055 00       		.byte	0
 117 0056 63       		.byte	99
 118 0057 00       		.byte	0
 119 0058 6F       		.byte	111
 120 0059 00       		.byte	0
 121 005a 6E       		.byte	110
 122 005b 00       		.byte	0
 123 005c 64       		.byte	100
 124 005d 00       		.byte	0
 125 005e 75       		.byte	117
 126 005f 00       		.byte	0
 127 0060 63       		.byte	99
 128 0061 00       		.byte	0
 129 0062 74       		.byte	116
 130 0063 00       		.byte	0
 131 0064 6F       		.byte	111
 132 0065 00       		.byte	0
 133 0066 72       		.byte	114
 134 0067 00       		.byte	0
 135 0068 1A       		.byte	26
 136 0069 03       		.byte	3
 137 006a 53       		.byte	83
 138 006b 00       		.byte	0
 139 006c 71       		.byte	113
 140 006d 00       		.byte	0
 141 006e 75       		.byte	117
 142 006f 00       		.byte	0
 143 0070 61       		.byte	97
 144 0071 00       		.byte	0
 145 0072 72       		.byte	114
 146 0073 00       		.byte	0
 147 0074 65       		.byte	101
 148 0075 00       		.byte	0
 149 0076 20       		.byte	32
 150 0077 00       		.byte	0
 151 0078 4D       		.byte	77
 152 0079 00       		.byte	0
 153 007a 6F       		.byte	111
 154 007b 00       		.byte	0
 155 007c 75       		.byte	117
 156 007d 00       		.byte	0
 157 007e 73       		.byte	115
 158 007f 00       		.byte	0
 159 0080 65       		.byte	101
 160 0081 00       		.byte	0
 161 0082 00       		.byte	0
 162              		.global	USBFS_1_HIDREPORT_DESCRIPTOR1
 163 0083 00       		.align	2
 164              		.type	USBFS_1_HIDREPORT_DESCRIPTOR1, %object
 165              		.size	USBFS_1_HIDREPORT_DESCRIPTOR1, 54
 166              	USBFS_1_HIDREPORT_DESCRIPTOR1:
 167 0084 32       		.byte	50
 168 0085 00       		.byte	0
 169 0086 05       		.byte	5
 170 0087 01       		.byte	1
 171 0088 09       		.byte	9
ARM GAS  C:\Users\oars0\AppData\Local\Temp\ccyY9QC8.s 			page 4


 172 0089 02       		.byte	2
 173 008a A1       		.byte	-95
 174 008b 01       		.byte	1
 175 008c 09       		.byte	9
 176 008d 01       		.byte	1
 177 008e A1       		.byte	-95
 178 008f 00       		.byte	0
 179 0090 05       		.byte	5
 180 0091 09       		.byte	9
 181 0092 19       		.byte	25
 182 0093 01       		.byte	1
 183 0094 29       		.byte	41
 184 0095 03       		.byte	3
 185 0096 15       		.byte	21
 186 0097 00       		.byte	0
 187 0098 25       		.byte	37
 188 0099 01       		.byte	1
 189 009a 95       		.byte	-107
 190 009b 03       		.byte	3
 191 009c 75       		.byte	117
 192 009d 01       		.byte	1
 193 009e 81       		.byte	-127
 194 009f 02       		.byte	2
 195 00a0 95       		.byte	-107
 196 00a1 01       		.byte	1
 197 00a2 75       		.byte	117
 198 00a3 05       		.byte	5
 199 00a4 81       		.byte	-127
 200 00a5 03       		.byte	3
 201 00a6 05       		.byte	5
 202 00a7 01       		.byte	1
 203 00a8 09       		.byte	9
 204 00a9 30       		.byte	48
 205 00aa 09       		.byte	9
 206 00ab 31       		.byte	49
 207 00ac 15       		.byte	21
 208 00ad 80       		.byte	-128
 209 00ae 25       		.byte	37
 210 00af 80       		.byte	-128
 211 00b0 75       		.byte	117
 212 00b1 08       		.byte	8
 213 00b2 95       		.byte	-107
 214 00b3 02       		.byte	2
 215 00b4 81       		.byte	-127
 216 00b5 06       		.byte	6
 217 00b6 C0       		.byte	-64
 218 00b7 C0       		.byte	-64
 219 00b8 00       		.byte	0
 220 00b9 00       		.byte	0
 221              		.comm	USBFS_1_DEVICE0_CONFIGURATION0_INTERFACE0_ALTERNATE0_HID_IN_RPT_SCB,4,4
 222              		.comm	USBFS_1_DEVICE0_CONFIGURATION0_INTERFACE0_ALTERNATE0_HID_IN_BUF,4,4
 223              		.global	USBFS_1_DEVICE0_CONFIGURATION0_INTERFACE0_ALTERNATE0_HID_IN_RPT_TABLE
 224 00ba 0000     		.align	2
 225              		.type	USBFS_1_DEVICE0_CONFIGURATION0_INTERFACE0_ALTERNATE0_HID_IN_RPT_TABLE, %object
 226              		.size	USBFS_1_DEVICE0_CONFIGURATION0_INTERFACE0_ALTERNATE0_HID_IN_RPT_TABLE, 12
 227              	USBFS_1_DEVICE0_CONFIGURATION0_INTERFACE0_ALTERNATE0_HID_IN_RPT_TABLE:
 228 00bc 0400     		.short	4
ARM GAS  C:\Users\oars0\AppData\Local\Temp\ccyY9QC8.s 			page 5


 229 00be 0000     		.space	2
 230 00c0 00000000 		.word	USBFS_1_DEVICE0_CONFIGURATION0_INTERFACE0_ALTERNATE0_HID_IN_BUF
 231 00c4 00000000 		.word	USBFS_1_DEVICE0_CONFIGURATION0_INTERFACE0_ALTERNATE0_HID_IN_RPT_SCB
 232              		.global	USBFS_1_DEVICE0_CONFIGURATION0_INTERFACE0_ALTERNATE0_HID_TABLE
 233              		.align	2
 234              		.type	USBFS_1_DEVICE0_CONFIGURATION0_INTERFACE0_ALTERNATE0_HID_TABLE, %object
 235              		.size	USBFS_1_DEVICE0_CONFIGURATION0_INTERFACE0_ALTERNATE0_HID_TABLE, 40
 236              	USBFS_1_DEVICE0_CONFIGURATION0_INTERFACE0_ALTERNATE0_HID_TABLE:
 237 00c8 00       		.byte	0
 238 00c9 000000   		.space	3
 239 00cc 00000000 		.word	USBFS_1_DEVICE0_CONFIGURATION0_INTERFACE0_ALTERNATE0_HID_IN_RPT_TABLE
 240 00d0 00       		.byte	0
 241 00d1 000000   		.space	3
 242 00d4 00000000 		.word	0
 243 00d8 00       		.byte	0
 244 00d9 000000   		.space	3
 245 00dc 00000000 		.word	0
 246 00e0 01       		.byte	1
 247 00e1 000000   		.space	3
 248 00e4 00000000 		.word	USBFS_1_HIDREPORT_DESCRIPTOR1
 249 00e8 01       		.byte	1
 250 00e9 000000   		.space	3
 251 00ec 12000000 		.word	USBFS_1_DEVICE0_CONFIGURATION0_DESCR+18
 252              		.global	USBFS_1_DEVICE0_CONFIGURATION0_INTERFACE0_TABLE
 253              		.align	2
 254              		.type	USBFS_1_DEVICE0_CONFIGURATION0_INTERFACE0_TABLE, %object
 255              		.size	USBFS_1_DEVICE0_CONFIGURATION0_INTERFACE0_TABLE, 8
 256              	USBFS_1_DEVICE0_CONFIGURATION0_INTERFACE0_TABLE:
 257 00f0 01       		.byte	1
 258 00f1 000000   		.space	3
 259 00f4 00000000 		.word	USBFS_1_DEVICE0_CONFIGURATION0_INTERFACE0_ALTERNATE0_HID_TABLE
 260              		.global	USBFS_1_DEVICE0_CONFIGURATION0_EP_SETTINGS_TABLE
 261              		.align	2
 262              		.type	USBFS_1_DEVICE0_CONFIGURATION0_EP_SETTINGS_TABLE, %object
 263              		.size	USBFS_1_DEVICE0_CONFIGURATION0_EP_SETTINGS_TABLE, 8
 264              	USBFS_1_DEVICE0_CONFIGURATION0_EP_SETTINGS_TABLE:
 265 00f8 00       		.byte	0
 266 00f9 00       		.byte	0
 267 00fa 81       		.byte	-127
 268 00fb 03       		.byte	3
 269 00fc 0800     		.short	8
 270 00fe 03       		.byte	3
 271 00ff 00       		.space	1
 272              		.global	USBFS_1_DEVICE0_CONFIGURATION0_INTERFACE_CLASS
 273              		.align	2
 274              		.type	USBFS_1_DEVICE0_CONFIGURATION0_INTERFACE_CLASS, %object
 275              		.size	USBFS_1_DEVICE0_CONFIGURATION0_INTERFACE_CLASS, 1
 276              	USBFS_1_DEVICE0_CONFIGURATION0_INTERFACE_CLASS:
 277 0100 03       		.byte	3
 278              		.global	USBFS_1_DEVICE0_CONFIGURATION0_TABLE
 279 0101 000000   		.align	2
 280              		.type	USBFS_1_DEVICE0_CONFIGURATION0_TABLE, %object
 281              		.size	USBFS_1_DEVICE0_CONFIGURATION0_TABLE, 32
 282              	USBFS_1_DEVICE0_CONFIGURATION0_TABLE:
 283 0104 01       		.byte	1
 284 0105 000000   		.space	3
 285 0108 00000000 		.word	USBFS_1_DEVICE0_CONFIGURATION0_DESCR
ARM GAS  C:\Users\oars0\AppData\Local\Temp\ccyY9QC8.s 			page 6


 286 010c 01       		.byte	1
 287 010d 000000   		.space	3
 288 0110 00000000 		.word	USBFS_1_DEVICE0_CONFIGURATION0_EP_SETTINGS_TABLE
 289 0114 01       		.byte	1
 290 0115 000000   		.space	3
 291 0118 00000000 		.word	USBFS_1_DEVICE0_CONFIGURATION0_INTERFACE0_TABLE
 292 011c 00       		.byte	0
 293 011d 000000   		.space	3
 294 0120 00000000 		.word	USBFS_1_DEVICE0_CONFIGURATION0_INTERFACE_CLASS
 295              		.global	USBFS_1_DEVICE0_TABLE
 296              		.align	2
 297              		.type	USBFS_1_DEVICE0_TABLE, %object
 298              		.size	USBFS_1_DEVICE0_TABLE, 24
 299              	USBFS_1_DEVICE0_TABLE:
 300 0124 01       		.byte	1
 301 0125 000000   		.space	3
 302 0128 00000000 		.word	USBFS_1_DEVICE0_DESCR
 303 012c 00       		.byte	0
 304 012d 000000   		.space	3
 305 0130 00000000 		.word	0
 306 0134 01       		.byte	1
 307 0135 000000   		.space	3
 308 0138 00000000 		.word	USBFS_1_DEVICE0_CONFIGURATION0_TABLE
 309              		.global	USBFS_1_TABLE
 310              		.align	2
 311              		.type	USBFS_1_TABLE, %object
 312              		.size	USBFS_1_TABLE, 8
 313              	USBFS_1_TABLE:
 314 013c 01       		.byte	1
 315 013d 000000   		.space	3
 316 0140 00000000 		.word	USBFS_1_DEVICE0_TABLE
 317              		.text
 318              	.Letext0:
 319              		.file 1 "Generated_Source\\PSoC5\\cytypes.h"
 320              		.file 2 "Generated_Source\\PSoC5\\USBFS_1.h"
 321              		.file 3 "Generated_Source\\PSoC5\\USBFS_1_descr.c"
 322              		.section	.debug_info,"",%progbits
 323              	.Ldebug_info0:
 324 0000 9B030000 		.4byte	0x39b
 325 0004 0400     		.2byte	0x4
 326 0006 00000000 		.4byte	.Ldebug_abbrev0
 327 000a 04       		.byte	0x4
 328 000b 01       		.uleb128 0x1
 329 000c 0D000000 		.4byte	.LASF46
 330 0010 0C       		.byte	0xc
 331 0011 A7030000 		.4byte	.LASF47
 332 0015 E3020000 		.4byte	.LASF48
 333 0019 00000000 		.4byte	.Ldebug_line0
 334 001d 02       		.uleb128 0x2
 335 001e 01       		.byte	0x1
 336 001f 06       		.byte	0x6
 337 0020 8B040000 		.4byte	.LASF0
 338 0024 02       		.uleb128 0x2
 339 0025 01       		.byte	0x1
 340 0026 08       		.byte	0x8
 341 0027 D7010000 		.4byte	.LASF1
 342 002b 02       		.uleb128 0x2
ARM GAS  C:\Users\oars0\AppData\Local\Temp\ccyY9QC8.s 			page 7


 343 002c 02       		.byte	0x2
 344 002d 05       		.byte	0x5
 345 002e 09040000 		.4byte	.LASF2
 346 0032 02       		.uleb128 0x2
 347 0033 02       		.byte	0x2
 348 0034 07       		.byte	0x7
 349 0035 F0000000 		.4byte	.LASF3
 350 0039 02       		.uleb128 0x2
 351 003a 04       		.byte	0x4
 352 003b 05       		.byte	0x5
 353 003c E7000000 		.4byte	.LASF4
 354 0040 02       		.uleb128 0x2
 355 0041 04       		.byte	0x4
 356 0042 07       		.byte	0x7
 357 0043 F0010000 		.4byte	.LASF5
 358 0047 02       		.uleb128 0x2
 359 0048 08       		.byte	0x8
 360 0049 05       		.byte	0x5
 361 004a 99030000 		.4byte	.LASF6
 362 004e 02       		.uleb128 0x2
 363 004f 08       		.byte	0x8
 364 0050 07       		.byte	0x7
 365 0051 C5020000 		.4byte	.LASF7
 366 0055 03       		.uleb128 0x3
 367 0056 04       		.byte	0x4
 368 0057 05       		.byte	0x5
 369 0058 696E7400 		.ascii	"int\000"
 370 005c 02       		.uleb128 0x2
 371 005d 04       		.byte	0x4
 372 005e 07       		.byte	0x7
 373 005f 94020000 		.4byte	.LASF8
 374 0063 04       		.uleb128 0x4
 375 0064 13040000 		.4byte	.LASF9
 376 0068 01       		.byte	0x1
 377 0069 E401     		.2byte	0x1e4
 378 006b 24000000 		.4byte	0x24
 379 006f 04       		.uleb128 0x4
 380 0070 5C020000 		.4byte	.LASF10
 381 0074 01       		.byte	0x1
 382 0075 E501     		.2byte	0x1e5
 383 0077 32000000 		.4byte	0x32
 384 007b 02       		.uleb128 0x2
 385 007c 04       		.byte	0x4
 386 007d 04       		.byte	0x4
 387 007e 84010000 		.4byte	.LASF11
 388 0082 02       		.uleb128 0x2
 389 0083 08       		.byte	0x8
 390 0084 04       		.byte	0x4
 391 0085 55020000 		.4byte	.LASF12
 392 0089 02       		.uleb128 0x2
 393 008a 01       		.byte	0x1
 394 008b 08       		.byte	0x8
 395 008c 6D040000 		.4byte	.LASF13
 396 0090 05       		.uleb128 0x5
 397 0091 63000000 		.4byte	0x63
 398 0095 02       		.uleb128 0x2
 399 0096 08       		.byte	0x8
ARM GAS  C:\Users\oars0\AppData\Local\Temp\ccyY9QC8.s 			page 8


 400 0097 04       		.byte	0x4
 401 0098 72040000 		.4byte	.LASF14
 402 009c 02       		.uleb128 0x2
 403 009d 04       		.byte	0x4
 404 009e 07       		.byte	0x7
 405 009f 72030000 		.4byte	.LASF15
 406 00a3 06       		.uleb128 0x6
 407 00a4 08       		.byte	0x8
 408 00a5 02       		.byte	0x2
 409 00a6 9D       		.byte	0x9d
 410 00a7 F4000000 		.4byte	0xf4
 411 00ab 07       		.uleb128 0x7
 412 00ac 19040000 		.4byte	.LASF16
 413 00b0 02       		.byte	0x2
 414 00b1 9F       		.byte	0x9f
 415 00b2 63000000 		.4byte	0x63
 416 00b6 00       		.byte	0
 417 00b7 07       		.uleb128 0x7
 418 00b8 79010000 		.4byte	.LASF17
 419 00bc 02       		.byte	0x2
 420 00bd A0       		.byte	0xa0
 421 00be 63000000 		.4byte	0x63
 422 00c2 01       		.byte	0x1
 423 00c3 07       		.uleb128 0x7
 424 00c4 02020000 		.4byte	.LASF18
 425 00c8 02       		.byte	0x2
 426 00c9 A1       		.byte	0xa1
 427 00ca 63000000 		.4byte	0x63
 428 00ce 02       		.byte	0x2
 429 00cf 07       		.uleb128 0x7
 430 00d0 E5010000 		.4byte	.LASF19
 431 00d4 02       		.byte	0x2
 432 00d5 A2       		.byte	0xa2
 433 00d6 63000000 		.4byte	0x63
 434 00da 03       		.byte	0x3
 435 00db 07       		.uleb128 0x7
 436 00dc FE030000 		.4byte	.LASF20
 437 00e0 02       		.byte	0x2
 438 00e1 A3       		.byte	0xa3
 439 00e2 6F000000 		.4byte	0x6f
 440 00e6 04       		.byte	0x4
 441 00e7 07       		.uleb128 0x7
 442 00e8 03050000 		.4byte	.LASF21
 443 00ec 02       		.byte	0x2
 444 00ed A4       		.byte	0xa4
 445 00ee 63000000 		.4byte	0x63
 446 00f2 06       		.byte	0x6
 447 00f3 00       		.byte	0
 448 00f4 08       		.uleb128 0x8
 449 00f5 39020000 		.4byte	.LASF22
 450 00f9 02       		.byte	0x2
 451 00fa A5       		.byte	0xa5
 452 00fb A3000000 		.4byte	0xa3
 453 00ff 06       		.uleb128 0x6
 454 0100 04       		.byte	0x4
 455 0101 02       		.byte	0x2
 456 0102 A7       		.byte	0xa7
ARM GAS  C:\Users\oars0\AppData\Local\Temp\ccyY9QC8.s 			page 9


 457 0103 20010000 		.4byte	0x120
 458 0107 07       		.uleb128 0x7
 459 0108 28010000 		.4byte	.LASF23
 460 010c 02       		.byte	0x2
 461 010d A9       		.byte	0xa9
 462 010e 63000000 		.4byte	0x63
 463 0112 00       		.byte	0
 464 0113 07       		.uleb128 0x7
 465 0114 D7040000 		.4byte	.LASF24
 466 0118 02       		.byte	0x2
 467 0119 AA       		.byte	0xaa
 468 011a 6F000000 		.4byte	0x6f
 469 011e 02       		.byte	0x2
 470 011f 00       		.byte	0
 471 0120 08       		.uleb128 0x8
 472 0121 07020000 		.4byte	.LASF25
 473 0125 02       		.byte	0x2
 474 0126 AB       		.byte	0xab
 475 0127 FF000000 		.4byte	0xff
 476 012b 06       		.uleb128 0x6
 477 012c 0C       		.byte	0xc
 478 012d 02       		.byte	0x2
 479 012e AD       		.byte	0xad
 480 012f 58010000 		.4byte	0x158
 481 0133 07       		.uleb128 0x7
 482 0134 E1000000 		.4byte	.LASF26
 483 0138 02       		.byte	0x2
 484 0139 AF       		.byte	0xaf
 485 013a 6F000000 		.4byte	0x6f
 486 013e 00       		.byte	0
 487 013f 07       		.uleb128 0x7
 488 0140 73010000 		.4byte	.LASF27
 489 0144 02       		.byte	0x2
 490 0145 B0       		.byte	0xb0
 491 0146 58010000 		.4byte	0x158
 492 014a 04       		.byte	0x4
 493 014b 07       		.uleb128 0x7
 494 014c 00000000 		.4byte	.LASF28
 495 0150 02       		.byte	0x2
 496 0151 B1       		.byte	0xb1
 497 0152 5E010000 		.4byte	0x15e
 498 0156 08       		.byte	0x8
 499 0157 00       		.byte	0
 500 0158 09       		.uleb128 0x9
 501 0159 04       		.byte	0x4
 502 015a 90000000 		.4byte	0x90
 503 015e 09       		.uleb128 0x9
 504 015f 04       		.byte	0x4
 505 0160 20010000 		.4byte	0x120
 506 0164 08       		.uleb128 0x8
 507 0165 7E040000 		.4byte	.LASF29
 508 0169 02       		.byte	0x2
 509 016a B2       		.byte	0xb2
 510 016b 2B010000 		.4byte	0x12b
 511 016f 06       		.uleb128 0x6
 512 0170 08       		.byte	0x8
 513 0171 02       		.byte	0x2
ARM GAS  C:\Users\oars0\AppData\Local\Temp\ccyY9QC8.s 			page 10


 514 0172 B4       		.byte	0xb4
 515 0173 8E010000 		.4byte	0x18e
 516 0177 0A       		.uleb128 0xa
 517 0178 6300     		.ascii	"c\000"
 518 017a 02       		.byte	0x2
 519 017b B6       		.byte	0xb6
 520 017c 63000000 		.4byte	0x63
 521 0180 00       		.byte	0
 522 0181 07       		.uleb128 0x7
 523 0182 DC020000 		.4byte	.LASF30
 524 0186 02       		.byte	0x2
 525 0187 B7       		.byte	0xb7
 526 0188 8E010000 		.4byte	0x18e
 527 018c 04       		.byte	0x4
 528 018d 00       		.byte	0
 529 018e 09       		.uleb128 0x9
 530 018f 04       		.byte	0x4
 531 0190 94010000 		.4byte	0x194
 532 0194 0B       		.uleb128 0xb
 533 0195 08       		.uleb128 0x8
 534 0196 A1020000 		.4byte	.LASF31
 535 019a 02       		.byte	0x2
 536 019b B8       		.byte	0xb8
 537 019c 6F010000 		.4byte	0x16f
 538 01a0 0C       		.uleb128 0xc
 539 01a1 B0010000 		.4byte	0x1b0
 540 01a5 B0010000 		.4byte	0x1b0
 541 01a9 0D       		.uleb128 0xd
 542 01aa 9C000000 		.4byte	0x9c
 543 01ae 11       		.byte	0x11
 544 01af 00       		.byte	0
 545 01b0 0E       		.uleb128 0xe
 546 01b1 63000000 		.4byte	0x63
 547 01b5 0F       		.uleb128 0xf
 548 01b6 AF020000 		.4byte	.LASF32
 549 01ba 03       		.byte	0x3
 550 01bb 24       		.byte	0x24
 551 01bc C6010000 		.4byte	0x1c6
 552 01c0 05       		.uleb128 0x5
 553 01c1 03       		.byte	0x3
 554 01c2 00000000 		.4byte	USBFS_1_DEVICE0_DESCR
 555 01c6 0E       		.uleb128 0xe
 556 01c7 A0010000 		.4byte	0x1a0
 557 01cb 0C       		.uleb128 0xc
 558 01cc B0010000 		.4byte	0x1b0
 559 01d0 DB010000 		.4byte	0x1db
 560 01d4 0D       		.uleb128 0xd
 561 01d5 9C000000 		.4byte	0x9c
 562 01d9 21       		.byte	0x21
 563 01da 00       		.byte	0
 564 01db 0F       		.uleb128 0xf
 565 01dc 03010000 		.4byte	.LASF33
 566 01e0 03       		.byte	0x3
 567 01e1 37       		.byte	0x37
 568 01e2 EC010000 		.4byte	0x1ec
 569 01e6 05       		.uleb128 0x5
 570 01e7 03       		.byte	0x3
ARM GAS  C:\Users\oars0\AppData\Local\Temp\ccyY9QC8.s 			page 11


 571 01e8 00000000 		.4byte	USBFS_1_DEVICE0_CONFIGURATION0_DESCR
 572 01ec 0E       		.uleb128 0xe
 573 01ed CB010000 		.4byte	0x1cb
 574 01f1 0C       		.uleb128 0xc
 575 01f2 01020000 		.4byte	0x201
 576 01f6 01020000 		.4byte	0x201
 577 01fa 0D       		.uleb128 0xd
 578 01fb 9C000000 		.4byte	0x9c
 579 01ff 00       		.byte	0
 580 0200 00       		.byte	0
 581 0201 0E       		.uleb128 0xe
 582 0202 95010000 		.4byte	0x195
 583 0206 0F       		.uleb128 0xf
 584 0207 CE030000 		.4byte	.LASF34
 585 020b 03       		.byte	0x3
 586 020c CB       		.byte	0xcb
 587 020d 17020000 		.4byte	0x217
 588 0211 05       		.uleb128 0x5
 589 0212 03       		.byte	0x3
 590 0213 00000000 		.4byte	USBFS_1_DEVICE0_CONFIGURATION0_INTERFACE0_TABLE
 591 0217 0E       		.uleb128 0xe
 592 0218 F1010000 		.4byte	0x1f1
 593 021c 0C       		.uleb128 0xc
 594 021d 2C020000 		.4byte	0x22c
 595 0221 2C020000 		.4byte	0x22c
 596 0225 0D       		.uleb128 0xd
 597 0226 9C000000 		.4byte	0x9c
 598 022a 00       		.byte	0
 599 022b 00       		.byte	0
 600 022c 0E       		.uleb128 0xe
 601 022d F4000000 		.4byte	0xf4
 602 0231 0F       		.uleb128 0xf
 603 0232 63020000 		.4byte	.LASF35
 604 0236 03       		.byte	0x3
 605 0237 D6       		.byte	0xd6
 606 0238 42020000 		.4byte	0x242
 607 023c 05       		.uleb128 0x5
 608 023d 03       		.byte	0x3
 609 023e 00000000 		.4byte	USBFS_1_DEVICE0_CONFIGURATION0_EP_SETTINGS_TABLE
 610 0242 0E       		.uleb128 0xe
 611 0243 1C020000 		.4byte	0x21c
 612 0247 0C       		.uleb128 0xc
 613 0248 B0010000 		.4byte	0x1b0
 614 024c 57020000 		.4byte	0x257
 615 0250 0D       		.uleb128 0xd
 616 0251 9C000000 		.4byte	0x9c
 617 0255 00       		.byte	0
 618 0256 00       		.byte	0
 619 0257 0F       		.uleb128 0xf
 620 0258 3E040000 		.4byte	.LASF36
 621 025c 03       		.byte	0x3
 622 025d DA       		.byte	0xda
 623 025e 68020000 		.4byte	0x268
 624 0262 05       		.uleb128 0x5
 625 0263 03       		.byte	0x3
 626 0264 00000000 		.4byte	USBFS_1_DEVICE0_CONFIGURATION0_INTERFACE_CLASS
 627 0268 0E       		.uleb128 0xe
ARM GAS  C:\Users\oars0\AppData\Local\Temp\ccyY9QC8.s 			page 12


 628 0269 47020000 		.4byte	0x247
 629 026d 0C       		.uleb128 0xc
 630 026e 01020000 		.4byte	0x201
 631 0272 7D020000 		.4byte	0x27d
 632 0276 0D       		.uleb128 0xd
 633 0277 9C000000 		.4byte	0x9c
 634 027b 03       		.byte	0x3
 635 027c 00       		.byte	0
 636 027d 0F       		.uleb128 0xf
 637 027e DE040000 		.4byte	.LASF37
 638 0282 03       		.byte	0x3
 639 0283 E2       		.byte	0xe2
 640 0284 8E020000 		.4byte	0x28e
 641 0288 05       		.uleb128 0x5
 642 0289 03       		.byte	0x3
 643 028a 00000000 		.4byte	USBFS_1_DEVICE0_CONFIGURATION0_TABLE
 644 028e 0E       		.uleb128 0xe
 645 028f 6D020000 		.4byte	0x26d
 646 0293 0C       		.uleb128 0xc
 647 0294 01020000 		.4byte	0x201
 648 0298 A3020000 		.4byte	0x2a3
 649 029c 0D       		.uleb128 0xd
 650 029d 9C000000 		.4byte	0x9c
 651 02a1 02       		.byte	0x2
 652 02a2 00       		.byte	0
 653 02a3 0F       		.uleb128 0xf
 654 02a4 23020000 		.4byte	.LASF38
 655 02a8 03       		.byte	0x3
 656 02a9 EC       		.byte	0xec
 657 02aa B4020000 		.4byte	0x2b4
 658 02ae 05       		.uleb128 0x5
 659 02af 03       		.byte	0x3
 660 02b0 00000000 		.4byte	USBFS_1_DEVICE0_TABLE
 661 02b4 0E       		.uleb128 0xe
 662 02b5 93020000 		.4byte	0x293
 663 02b9 0F       		.uleb128 0xf
 664 02ba C9010000 		.4byte	.LASF39
 665 02be 03       		.byte	0x3
 666 02bf F4       		.byte	0xf4
 667 02c0 CA020000 		.4byte	0x2ca
 668 02c4 05       		.uleb128 0x5
 669 02c5 03       		.byte	0x3
 670 02c6 00000000 		.4byte	USBFS_1_TABLE
 671 02ca 0E       		.uleb128 0xe
 672 02cb F1010000 		.4byte	0x1f1
 673 02cf 0C       		.uleb128 0xc
 674 02d0 B0010000 		.4byte	0x1b0
 675 02d4 DF020000 		.4byte	0x2df
 676 02d8 0D       		.uleb128 0xd
 677 02d9 9C000000 		.4byte	0x9c
 678 02dd 4A       		.byte	0x4a
 679 02de 00       		.byte	0
 680 02df 0F       		.uleb128 0xf
 681 02e0 23040000 		.4byte	.LASF40
 682 02e4 03       		.byte	0x3
 683 02e5 65       		.byte	0x65
 684 02e6 F0020000 		.4byte	0x2f0
ARM GAS  C:\Users\oars0\AppData\Local\Temp\ccyY9QC8.s 			page 13


 685 02ea 05       		.uleb128 0x5
 686 02eb 03       		.byte	0x3
 687 02ec 00000000 		.4byte	USBFS_1_STRING_DESCRIPTORS
 688 02f0 0E       		.uleb128 0xe
 689 02f1 CF020000 		.4byte	0x2cf
 690 02f5 0F       		.uleb128 0xf
 691 02f6 2F010000 		.4byte	.LASF41
 692 02fa 03       		.byte	0x3
 693 02fb AB       		.byte	0xab
 694 02fc 20010000 		.4byte	0x120
 695 0300 05       		.uleb128 0x5
 696 0301 03       		.byte	0x3
 697 0302 00000000 		.4byte	USBFS_1_DEVICE0_CONFIGURATION0_INTERFACE0_ALTERNATE0_HID_IN_RPT_SCB
 698 0306 0C       		.uleb128 0xc
 699 0307 63000000 		.4byte	0x63
 700 030b 16030000 		.4byte	0x316
 701 030f 0D       		.uleb128 0xd
 702 0310 9C000000 		.4byte	0x9c
 703 0314 03       		.byte	0x3
 704 0315 00       		.byte	0
 705 0316 0F       		.uleb128 0xf
 706 0317 97040000 		.4byte	.LASF42
 707 031b 03       		.byte	0x3
 708 031c AC       		.byte	0xac
 709 031d 06030000 		.4byte	0x306
 710 0321 05       		.uleb128 0x5
 711 0322 03       		.byte	0x3
 712 0323 00000000 		.4byte	USBFS_1_DEVICE0_CONFIGURATION0_INTERFACE0_ALTERNATE0_HID_IN_BUF
 713 0327 0C       		.uleb128 0xc
 714 0328 B0010000 		.4byte	0x1b0
 715 032c 37030000 		.4byte	0x337
 716 0330 0D       		.uleb128 0xd
 717 0331 9C000000 		.4byte	0x9c
 718 0335 35       		.byte	0x35
 719 0336 00       		.byte	0
 720 0337 0F       		.uleb128 0xf
 721 0338 7B030000 		.4byte	.LASF43
 722 033c 03       		.byte	0x3
 723 033d 86       		.byte	0x86
 724 033e 48030000 		.4byte	0x348
 725 0342 05       		.uleb128 0x5
 726 0343 03       		.byte	0x3
 727 0344 00000000 		.4byte	USBFS_1_HIDREPORT_DESCRIPTOR1
 728 0348 0E       		.uleb128 0xe
 729 0349 27030000 		.4byte	0x327
 730 034d 0C       		.uleb128 0xc
 731 034e 5D030000 		.4byte	0x35d
 732 0352 5D030000 		.4byte	0x35d
 733 0356 0D       		.uleb128 0xd
 734 0357 9C000000 		.4byte	0x9c
 735 035b 00       		.byte	0
 736 035c 00       		.byte	0
 737 035d 0E       		.uleb128 0xe
 738 035e 64010000 		.4byte	0x164
 739 0362 0F       		.uleb128 0xf
 740 0363 9B000000 		.4byte	.LASF44
 741 0367 03       		.byte	0x3
ARM GAS  C:\Users\oars0\AppData\Local\Temp\ccyY9QC8.s 			page 14


 742 0368 B2       		.byte	0xb2
 743 0369 73030000 		.4byte	0x373
 744 036d 05       		.uleb128 0x5
 745 036e 03       		.byte	0x3
 746 036f 00000000 		.4byte	USBFS_1_DEVICE0_CONFIGURATION0_INTERFACE0_ALTERNATE0_HID_IN_RPT_TABLE
 747 0373 0E       		.uleb128 0xe
 748 0374 4D030000 		.4byte	0x34d
 749 0378 0C       		.uleb128 0xc
 750 0379 01020000 		.4byte	0x201
 751 037d 88030000 		.4byte	0x388
 752 0381 0D       		.uleb128 0xd
 753 0382 9C000000 		.4byte	0x9c
 754 0386 04       		.byte	0x4
 755 0387 00       		.byte	0
 756 0388 0F       		.uleb128 0xf
 757 0389 8A010000 		.4byte	.LASF45
 758 038d 03       		.byte	0x3
 759 038e BF       		.byte	0xbf
 760 038f 99030000 		.4byte	0x399
 761 0393 05       		.uleb128 0x5
 762 0394 03       		.byte	0x3
 763 0395 00000000 		.4byte	USBFS_1_DEVICE0_CONFIGURATION0_INTERFACE0_ALTERNATE0_HID_TABLE
 764 0399 0E       		.uleb128 0xe
 765 039a 78030000 		.4byte	0x378
 766 039e 00       		.byte	0
 767              		.section	.debug_abbrev,"",%progbits
 768              	.Ldebug_abbrev0:
 769 0000 01       		.uleb128 0x1
 770 0001 11       		.uleb128 0x11
 771 0002 01       		.byte	0x1
 772 0003 25       		.uleb128 0x25
 773 0004 0E       		.uleb128 0xe
 774 0005 13       		.uleb128 0x13
 775 0006 0B       		.uleb128 0xb
 776 0007 03       		.uleb128 0x3
 777 0008 0E       		.uleb128 0xe
 778 0009 1B       		.uleb128 0x1b
 779 000a 0E       		.uleb128 0xe
 780 000b 10       		.uleb128 0x10
 781 000c 17       		.uleb128 0x17
 782 000d 00       		.byte	0
 783 000e 00       		.byte	0
 784 000f 02       		.uleb128 0x2
 785 0010 24       		.uleb128 0x24
 786 0011 00       		.byte	0
 787 0012 0B       		.uleb128 0xb
 788 0013 0B       		.uleb128 0xb
 789 0014 3E       		.uleb128 0x3e
 790 0015 0B       		.uleb128 0xb
 791 0016 03       		.uleb128 0x3
 792 0017 0E       		.uleb128 0xe
 793 0018 00       		.byte	0
 794 0019 00       		.byte	0
 795 001a 03       		.uleb128 0x3
 796 001b 24       		.uleb128 0x24
 797 001c 00       		.byte	0
 798 001d 0B       		.uleb128 0xb
ARM GAS  C:\Users\oars0\AppData\Local\Temp\ccyY9QC8.s 			page 15


 799 001e 0B       		.uleb128 0xb
 800 001f 3E       		.uleb128 0x3e
 801 0020 0B       		.uleb128 0xb
 802 0021 03       		.uleb128 0x3
 803 0022 08       		.uleb128 0x8
 804 0023 00       		.byte	0
 805 0024 00       		.byte	0
 806 0025 04       		.uleb128 0x4
 807 0026 16       		.uleb128 0x16
 808 0027 00       		.byte	0
 809 0028 03       		.uleb128 0x3
 810 0029 0E       		.uleb128 0xe
 811 002a 3A       		.uleb128 0x3a
 812 002b 0B       		.uleb128 0xb
 813 002c 3B       		.uleb128 0x3b
 814 002d 05       		.uleb128 0x5
 815 002e 49       		.uleb128 0x49
 816 002f 13       		.uleb128 0x13
 817 0030 00       		.byte	0
 818 0031 00       		.byte	0
 819 0032 05       		.uleb128 0x5
 820 0033 35       		.uleb128 0x35
 821 0034 00       		.byte	0
 822 0035 49       		.uleb128 0x49
 823 0036 13       		.uleb128 0x13
 824 0037 00       		.byte	0
 825 0038 00       		.byte	0
 826 0039 06       		.uleb128 0x6
 827 003a 13       		.uleb128 0x13
 828 003b 01       		.byte	0x1
 829 003c 0B       		.uleb128 0xb
 830 003d 0B       		.uleb128 0xb
 831 003e 3A       		.uleb128 0x3a
 832 003f 0B       		.uleb128 0xb
 833 0040 3B       		.uleb128 0x3b
 834 0041 0B       		.uleb128 0xb
 835 0042 01       		.uleb128 0x1
 836 0043 13       		.uleb128 0x13
 837 0044 00       		.byte	0
 838 0045 00       		.byte	0
 839 0046 07       		.uleb128 0x7
 840 0047 0D       		.uleb128 0xd
 841 0048 00       		.byte	0
 842 0049 03       		.uleb128 0x3
 843 004a 0E       		.uleb128 0xe
 844 004b 3A       		.uleb128 0x3a
 845 004c 0B       		.uleb128 0xb
 846 004d 3B       		.uleb128 0x3b
 847 004e 0B       		.uleb128 0xb
 848 004f 49       		.uleb128 0x49
 849 0050 13       		.uleb128 0x13
 850 0051 38       		.uleb128 0x38
 851 0052 0B       		.uleb128 0xb
 852 0053 00       		.byte	0
 853 0054 00       		.byte	0
 854 0055 08       		.uleb128 0x8
 855 0056 16       		.uleb128 0x16
ARM GAS  C:\Users\oars0\AppData\Local\Temp\ccyY9QC8.s 			page 16


 856 0057 00       		.byte	0
 857 0058 03       		.uleb128 0x3
 858 0059 0E       		.uleb128 0xe
 859 005a 3A       		.uleb128 0x3a
 860 005b 0B       		.uleb128 0xb
 861 005c 3B       		.uleb128 0x3b
 862 005d 0B       		.uleb128 0xb
 863 005e 49       		.uleb128 0x49
 864 005f 13       		.uleb128 0x13
 865 0060 00       		.byte	0
 866 0061 00       		.byte	0
 867 0062 09       		.uleb128 0x9
 868 0063 0F       		.uleb128 0xf
 869 0064 00       		.byte	0
 870 0065 0B       		.uleb128 0xb
 871 0066 0B       		.uleb128 0xb
 872 0067 49       		.uleb128 0x49
 873 0068 13       		.uleb128 0x13
 874 0069 00       		.byte	0
 875 006a 00       		.byte	0
 876 006b 0A       		.uleb128 0xa
 877 006c 0D       		.uleb128 0xd
 878 006d 00       		.byte	0
 879 006e 03       		.uleb128 0x3
 880 006f 08       		.uleb128 0x8
 881 0070 3A       		.uleb128 0x3a
 882 0071 0B       		.uleb128 0xb
 883 0072 3B       		.uleb128 0x3b
 884 0073 0B       		.uleb128 0xb
 885 0074 49       		.uleb128 0x49
 886 0075 13       		.uleb128 0x13
 887 0076 38       		.uleb128 0x38
 888 0077 0B       		.uleb128 0xb
 889 0078 00       		.byte	0
 890 0079 00       		.byte	0
 891 007a 0B       		.uleb128 0xb
 892 007b 26       		.uleb128 0x26
 893 007c 00       		.byte	0
 894 007d 00       		.byte	0
 895 007e 00       		.byte	0
 896 007f 0C       		.uleb128 0xc
 897 0080 01       		.uleb128 0x1
 898 0081 01       		.byte	0x1
 899 0082 49       		.uleb128 0x49
 900 0083 13       		.uleb128 0x13
 901 0084 01       		.uleb128 0x1
 902 0085 13       		.uleb128 0x13
 903 0086 00       		.byte	0
 904 0087 00       		.byte	0
 905 0088 0D       		.uleb128 0xd
 906 0089 21       		.uleb128 0x21
 907 008a 00       		.byte	0
 908 008b 49       		.uleb128 0x49
 909 008c 13       		.uleb128 0x13
 910 008d 2F       		.uleb128 0x2f
 911 008e 0B       		.uleb128 0xb
 912 008f 00       		.byte	0
ARM GAS  C:\Users\oars0\AppData\Local\Temp\ccyY9QC8.s 			page 17


 913 0090 00       		.byte	0
 914 0091 0E       		.uleb128 0xe
 915 0092 26       		.uleb128 0x26
 916 0093 00       		.byte	0
 917 0094 49       		.uleb128 0x49
 918 0095 13       		.uleb128 0x13
 919 0096 00       		.byte	0
 920 0097 00       		.byte	0
 921 0098 0F       		.uleb128 0xf
 922 0099 34       		.uleb128 0x34
 923 009a 00       		.byte	0
 924 009b 03       		.uleb128 0x3
 925 009c 0E       		.uleb128 0xe
 926 009d 3A       		.uleb128 0x3a
 927 009e 0B       		.uleb128 0xb
 928 009f 3B       		.uleb128 0x3b
 929 00a0 0B       		.uleb128 0xb
 930 00a1 49       		.uleb128 0x49
 931 00a2 13       		.uleb128 0x13
 932 00a3 3F       		.uleb128 0x3f
 933 00a4 19       		.uleb128 0x19
 934 00a5 02       		.uleb128 0x2
 935 00a6 18       		.uleb128 0x18
 936 00a7 00       		.byte	0
 937 00a8 00       		.byte	0
 938 00a9 00       		.byte	0
 939              		.section	.debug_aranges,"",%progbits
 940 0000 14000000 		.4byte	0x14
 941 0004 0200     		.2byte	0x2
 942 0006 00000000 		.4byte	.Ldebug_info0
 943 000a 04       		.byte	0x4
 944 000b 00       		.byte	0
 945 000c 0000     		.2byte	0
 946 000e 0000     		.2byte	0
 947 0010 00000000 		.4byte	0
 948 0014 00000000 		.4byte	0
 949              		.section	.debug_line,"",%progbits
 950              	.Ldebug_line0:
 951 0000 5D000000 		.section	.debug_str,"MS",%progbits,1
 951      02005700 
 951      00000201 
 951      FB0E0D00 
 951      01010101 
 952              	.LASF28:
 953 0000 70537461 		.ascii	"pStatusBlock\000"
 953      74757342 
 953      6C6F636B 
 953      00
 954              	.LASF46:
 955 000d 474E5520 		.ascii	"GNU C11 5.4.1 20160609 (release) [ARM/embedded-5-br"
 955      43313120 
 955      352E342E 
 955      31203230 
 955      31363036 
 956 0040 616E6368 		.ascii	"anch revision 237715] -mcpu=cortex-m3 -mthumb -g -O"
 956      20726576 
 956      6973696F 
ARM GAS  C:\Users\oars0\AppData\Local\Temp\ccyY9QC8.s 			page 18


 956      6E203233 
 956      37373135 
 957 0073 30202D66 		.ascii	"0 -ffunction-sections -ffat-lto-objects\000"
 957      66756E63 
 957      74696F6E 
 957      2D736563 
 957      74696F6E 
 958              	.LASF44:
 959 009b 55534246 		.ascii	"USBFS_1_DEVICE0_CONFIGURATION0_INTERFACE0_ALTERNATE"
 959      535F315F 
 959      44455649 
 959      4345305F 
 959      434F4E46 
 960 00ce 305F4849 		.ascii	"0_HID_IN_RPT_TABLE\000"
 960      445F494E 
 960      5F525054 
 960      5F544142 
 960      4C4500
 961              	.LASF26:
 962 00e1 636F756E 		.ascii	"count\000"
 962      7400
 963              	.LASF4:
 964 00e7 6C6F6E67 		.ascii	"long int\000"
 964      20696E74 
 964      00
 965              	.LASF3:
 966 00f0 73686F72 		.ascii	"short unsigned int\000"
 966      7420756E 
 966      7369676E 
 966      65642069 
 966      6E7400
 967              	.LASF33:
 968 0103 55534246 		.ascii	"USBFS_1_DEVICE0_CONFIGURATION0_DESCR\000"
 968      535F315F 
 968      44455649 
 968      4345305F 
 968      434F4E46 
 969              	.LASF23:
 970 0128 73746174 		.ascii	"status\000"
 970      757300
 971              	.LASF41:
 972 012f 55534246 		.ascii	"USBFS_1_DEVICE0_CONFIGURATION0_INTERFACE0_ALTERNATE"
 972      535F315F 
 972      44455649 
 972      4345305F 
 972      434F4E46 
 973 0162 305F4849 		.ascii	"0_HID_IN_RPT_SCB\000"
 973      445F494E 
 973      5F525054 
 973      5F534342 
 973      00
 974              	.LASF27:
 975 0173 70446174 		.ascii	"pData\000"
 975      6100
 976              	.LASF17:
 977 0179 616C7453 		.ascii	"altSetting\000"
 977      65747469 
ARM GAS  C:\Users\oars0\AppData\Local\Temp\ccyY9QC8.s 			page 19


 977      6E6700
 978              	.LASF11:
 979 0184 666C6F61 		.ascii	"float\000"
 979      7400
 980              	.LASF45:
 981 018a 55534246 		.ascii	"USBFS_1_DEVICE0_CONFIGURATION0_INTERFACE0_ALTERNATE"
 981      535F315F 
 981      44455649 
 981      4345305F 
 981      434F4E46 
 982 01bd 305F4849 		.ascii	"0_HID_TABLE\000"
 982      445F5441 
 982      424C4500 
 983              	.LASF39:
 984 01c9 55534246 		.ascii	"USBFS_1_TABLE\000"
 984      535F315F 
 984      5441424C 
 984      4500
 985              	.LASF1:
 986 01d7 756E7369 		.ascii	"unsigned char\000"
 986      676E6564 
 986      20636861 
 986      7200
 987              	.LASF19:
 988 01e5 61747472 		.ascii	"attributes\000"
 988      69627574 
 988      657300
 989              	.LASF5:
 990 01f0 6C6F6E67 		.ascii	"long unsigned int\000"
 990      20756E73 
 990      69676E65 
 990      6420696E 
 990      7400
 991              	.LASF18:
 992 0202 61646472 		.ascii	"addr\000"
 992      00
 993              	.LASF25:
 994 0207 545F5553 		.ascii	"T_USBFS_1_XFER_STATUS_BLOCK\000"
 994      4246535F 
 994      315F5846 
 994      45525F53 
 994      54415455 
 995              	.LASF38:
 996 0223 55534246 		.ascii	"USBFS_1_DEVICE0_TABLE\000"
 996      535F315F 
 996      44455649 
 996      4345305F 
 996      5441424C 
 997              	.LASF22:
 998 0239 545F5553 		.ascii	"T_USBFS_1_EP_SETTINGS_BLOCK\000"
 998      4246535F 
 998      315F4550 
 998      5F534554 
 998      54494E47 
 999              	.LASF12:
 1000 0255 646F7562 		.ascii	"double\000"
 1000      6C6500
ARM GAS  C:\Users\oars0\AppData\Local\Temp\ccyY9QC8.s 			page 20


 1001              	.LASF10:
 1002 025c 75696E74 		.ascii	"uint16\000"
 1002      313600
 1003              	.LASF35:
 1004 0263 55534246 		.ascii	"USBFS_1_DEVICE0_CONFIGURATION0_EP_SETTINGS_TABLE\000"
 1004      535F315F 
 1004      44455649 
 1004      4345305F 
 1004      434F4E46 
 1005              	.LASF8:
 1006 0294 756E7369 		.ascii	"unsigned int\000"
 1006      676E6564 
 1006      20696E74 
 1006      00
 1007              	.LASF31:
 1008 02a1 545F5553 		.ascii	"T_USBFS_1_LUT\000"
 1008      4246535F 
 1008      315F4C55 
 1008      5400
 1009              	.LASF32:
 1010 02af 55534246 		.ascii	"USBFS_1_DEVICE0_DESCR\000"
 1010      535F315F 
 1010      44455649 
 1010      4345305F 
 1010      44455343 
 1011              	.LASF7:
 1012 02c5 6C6F6E67 		.ascii	"long long unsigned int\000"
 1012      206C6F6E 
 1012      6720756E 
 1012      7369676E 
 1012      65642069 
 1013              	.LASF30:
 1014 02dc 705F6C69 		.ascii	"p_list\000"
 1014      737400
 1015              	.LASF48:
 1016 02e3 433A5C55 		.ascii	"C:\\Users\\oars0\\Documents\\GitHub\\Interfacing_La"
 1016      73657273 
 1016      5C6F6172 
 1016      73305C44 
 1016      6F63756D 
 1017 0311 625C4C61 		.ascii	"b\\Lab_2-usb-i2c-mouse-reyessanchezo\\PSoC_Creator\\"
 1017      625F322D 
 1017      7573622D 
 1017      6932632D 
 1017      6D6F7573 
 1018 0342 43453139 		.ascii	"CE195394_HID_Mouse01\\CE195394_HID_Mouse01.cydsn\000"
 1018      35333934 
 1018      5F484944 
 1018      5F4D6F75 
 1018      73653031 
 1019              	.LASF15:
 1020 0372 73697A65 		.ascii	"sizetype\000"
 1020      74797065 
 1020      00
 1021              	.LASF43:
 1022 037b 55534246 		.ascii	"USBFS_1_HIDREPORT_DESCRIPTOR1\000"
 1022      535F315F 
ARM GAS  C:\Users\oars0\AppData\Local\Temp\ccyY9QC8.s 			page 21


 1022      48494452 
 1022      45504F52 
 1022      545F4445 
 1023              	.LASF6:
 1024 0399 6C6F6E67 		.ascii	"long long int\000"
 1024      206C6F6E 
 1024      6720696E 
 1024      7400
 1025              	.LASF47:
 1026 03a7 47656E65 		.ascii	"Generated_Source\\PSoC5\\USBFS_1_descr.c\000"
 1026      72617465 
 1026      645F536F 
 1026      75726365 
 1026      5C50536F 
 1027              	.LASF34:
 1028 03ce 55534246 		.ascii	"USBFS_1_DEVICE0_CONFIGURATION0_INTERFACE0_TABLE\000"
 1028      535F315F 
 1028      44455649 
 1028      4345305F 
 1028      434F4E46 
 1029              	.LASF20:
 1030 03fe 62756666 		.ascii	"bufferSize\000"
 1030      65725369 
 1030      7A6500
 1031              	.LASF2:
 1032 0409 73686F72 		.ascii	"short int\000"
 1032      7420696E 
 1032      7400
 1033              	.LASF9:
 1034 0413 75696E74 		.ascii	"uint8\000"
 1034      3800
 1035              	.LASF16:
 1036 0419 696E7465 		.ascii	"interface\000"
 1036      72666163 
 1036      6500
 1037              	.LASF40:
 1038 0423 55534246 		.ascii	"USBFS_1_STRING_DESCRIPTORS\000"
 1038      535F315F 
 1038      53545249 
 1038      4E475F44 
 1038      45534352 
 1039              	.LASF36:
 1040 043e 55534246 		.ascii	"USBFS_1_DEVICE0_CONFIGURATION0_INTERFACE_CLASS\000"
 1040      535F315F 
 1040      44455649 
 1040      4345305F 
 1040      434F4E46 
 1041              	.LASF13:
 1042 046d 63686172 		.ascii	"char\000"
 1042      00
 1043              	.LASF14:
 1044 0472 6C6F6E67 		.ascii	"long double\000"
 1044      20646F75 
 1044      626C6500 
 1045              	.LASF29:
 1046 047e 545F5553 		.ascii	"T_USBFS_1_TD\000"
 1046      4246535F 
ARM GAS  C:\Users\oars0\AppData\Local\Temp\ccyY9QC8.s 			page 22


 1046      315F5444 
 1046      00
 1047              	.LASF0:
 1048 048b 7369676E 		.ascii	"signed char\000"
 1048      65642063 
 1048      68617200 
 1049              	.LASF42:
 1050 0497 55534246 		.ascii	"USBFS_1_DEVICE0_CONFIGURATION0_INTERFACE0_ALTERNATE"
 1050      535F315F 
 1050      44455649 
 1050      4345305F 
 1050      434F4E46 
 1051 04ca 305F4849 		.ascii	"0_HID_IN_BUF\000"
 1051      445F494E 
 1051      5F425546 
 1051      00
 1052              	.LASF24:
 1053 04d7 6C656E67 		.ascii	"length\000"
 1053      746800
 1054              	.LASF37:
 1055 04de 55534246 		.ascii	"USBFS_1_DEVICE0_CONFIGURATION0_TABLE\000"
 1055      535F315F 
 1055      44455649 
 1055      4345305F 
 1055      434F4E46 
 1056              	.LASF21:
 1057 0503 624D6973 		.ascii	"bMisc\000"
 1057      6300
 1058              		.ident	"GCC: (GNU Tools for ARM Embedded Processors) 5.4.1 20160609 (release) [ARM/embedded-5-bran
