ARM GAS  C:\Users\oars0\AppData\Local\Temp\ccM6Sumk.s 			page 1


   1              		.syntax unified
   2              		.cpu cortex-m4
   3              		.eabi_attribute 27, 1
   4              		.fpu fpv4-sp-d16
   5              		.eabi_attribute 20, 1
   6              		.eabi_attribute 21, 1
   7              		.eabi_attribute 23, 3
   8              		.eabi_attribute 24, 1
   9              		.eabi_attribute 25, 1
  10              		.eabi_attribute 26, 1
  11              		.eabi_attribute 30, 1
  12              		.eabi_attribute 34, 1
  13              		.eabi_attribute 18, 4
  14              		.thumb
  15              		.syntax unified
  16              		.file	"IDAC7_1_PM.c"
  17              		.text
  18              	.Ltext0:
  19              		.cfi_sections	.debug_frame
  20              		.section	.text.IDAC7_1_Sleep,"ax",%progbits
  21              		.align	2
  22              		.global	IDAC7_1_Sleep
  23              		.thumb
  24              		.thumb_func
  25              		.type	IDAC7_1_Sleep, %function
  26              	IDAC7_1_Sleep:
  27              	.LFB132:
  28              		.file 1 "Generated_Source\\PSoC6\\IDAC7_1_PM.c"
   1:Generated_Source\PSoC6/IDAC7_1_PM.c **** /***************************************************************************//**
   2:Generated_Source\PSoC6/IDAC7_1_PM.c **** * \file IDAC7_1_PM.c
   3:Generated_Source\PSoC6/IDAC7_1_PM.c **** * \version 1.0
   4:Generated_Source\PSoC6/IDAC7_1_PM.c **** *
   5:Generated_Source\PSoC6/IDAC7_1_PM.c **** * \brief
   6:Generated_Source\PSoC6/IDAC7_1_PM.c **** *  This file provides Low power mode APIs for IDAC7 component.
   7:Generated_Source\PSoC6/IDAC7_1_PM.c **** *
   8:Generated_Source\PSoC6/IDAC7_1_PM.c **** ********************************************************************************
   9:Generated_Source\PSoC6/IDAC7_1_PM.c **** * \copyright
  10:Generated_Source\PSoC6/IDAC7_1_PM.c **** * Copyright 2017, Cypress Semiconductor Corporation.  All rights reserved.
  11:Generated_Source\PSoC6/IDAC7_1_PM.c **** * You may use this file only in accordance with the license, terms, conditions,
  12:Generated_Source\PSoC6/IDAC7_1_PM.c **** * disclaimers, and limitations in the end user license agreement accompanying
  13:Generated_Source\PSoC6/IDAC7_1_PM.c **** * the software package with which this file was provided.
  14:Generated_Source\PSoC6/IDAC7_1_PM.c **** *******************************************************************************/
  15:Generated_Source\PSoC6/IDAC7_1_PM.c **** 
  16:Generated_Source\PSoC6/IDAC7_1_PM.c **** #include "IDAC7_1.h"
  17:Generated_Source\PSoC6/IDAC7_1_PM.c **** 
  18:Generated_Source\PSoC6/IDAC7_1_PM.c **** 
  19:Generated_Source\PSoC6/IDAC7_1_PM.c **** /*******************************************************************************
  20:Generated_Source\PSoC6/IDAC7_1_PM.c **** * Function Name: IDAC7_1_Sleep
  21:Generated_Source\PSoC6/IDAC7_1_PM.c **** ****************************************************************************//**
  22:Generated_Source\PSoC6/IDAC7_1_PM.c **** *
  23:Generated_Source\PSoC6/IDAC7_1_PM.c **** *  Stores all volatile settings and powers down the IDAC7_1.
  24:Generated_Source\PSoC6/IDAC7_1_PM.c **** *
  25:Generated_Source\PSoC6/IDAC7_1_PM.c **** *******************************************************************************/
  26:Generated_Source\PSoC6/IDAC7_1_PM.c **** void IDAC7_1_Sleep(void)
  27:Generated_Source\PSoC6/IDAC7_1_PM.c **** {
  29              		.loc 1 27 0
  30              		.cfi_startproc
ARM GAS  C:\Users\oars0\AppData\Local\Temp\ccM6Sumk.s 			page 2


  31              		@ args = 0, pretend = 0, frame = 0
  32              		@ frame_needed = 0, uses_anonymous_args = 0
  33              		@ link register save eliminated.
  34 0000 7047     		bx	lr
  35              		.cfi_endproc
  36              	.LFE132:
  37              		.size	IDAC7_1_Sleep, .-IDAC7_1_Sleep
  38 0002 00BF     		.section	.text.IDAC7_1_Wakeup,"ax",%progbits
  39              		.align	2
  40              		.global	IDAC7_1_Wakeup
  41              		.thumb
  42              		.thumb_func
  43              		.type	IDAC7_1_Wakeup, %function
  44              	IDAC7_1_Wakeup:
  45              	.LFB133:
  28:Generated_Source\PSoC6/IDAC7_1_PM.c ****     /* Do nothing */
  29:Generated_Source\PSoC6/IDAC7_1_PM.c **** }
  30:Generated_Source\PSoC6/IDAC7_1_PM.c **** 
  31:Generated_Source\PSoC6/IDAC7_1_PM.c **** 
  32:Generated_Source\PSoC6/IDAC7_1_PM.c **** /*******************************************************************************
  33:Generated_Source\PSoC6/IDAC7_1_PM.c **** * Function Name: IDAC7_1_Wakeup
  34:Generated_Source\PSoC6/IDAC7_1_PM.c **** ****************************************************************************//**
  35:Generated_Source\PSoC6/IDAC7_1_PM.c **** *
  36:Generated_Source\PSoC6/IDAC7_1_PM.c **** *  Restores settings and power saved by the Sleep function after wakeup.
  37:Generated_Source\PSoC6/IDAC7_1_PM.c **** *
  38:Generated_Source\PSoC6/IDAC7_1_PM.c **** *******************************************************************************/
  39:Generated_Source\PSoC6/IDAC7_1_PM.c **** void IDAC7_1_Wakeup(void)
  40:Generated_Source\PSoC6/IDAC7_1_PM.c **** {
  46              		.loc 1 40 0
  47              		.cfi_startproc
  48              		@ args = 0, pretend = 0, frame = 0
  49              		@ frame_needed = 0, uses_anonymous_args = 0
  50              		@ link register save eliminated.
  51 0000 7047     		bx	lr
  52              		.cfi_endproc
  53              	.LFE133:
  54              		.size	IDAC7_1_Wakeup, .-IDAC7_1_Wakeup
  55 0002 00BF     		.text
  56              	.Letext0:
  57              		.file 2 "c:\\program files (x86)\\cypress\\psoc creator\\4.4\\psoc creator\\import\\gnu\\arm\\5.4.
  58              		.file 3 "c:\\program files (x86)\\cypress\\psoc creator\\4.4\\psoc creator\\import\\gnu\\arm\\5.4.
  59              		.file 4 "Generated_Source\\PSoC6\\pdl\\cmsis/include/core_cm4.h"
  60              		.section	.debug_info,"",%progbits
  61              	.Ldebug_info0:
  62 0000 D4000000 		.4byte	0xd4
  63 0004 0400     		.2byte	0x4
  64 0006 00000000 		.4byte	.Ldebug_abbrev0
  65 000a 04       		.byte	0x4
  66 000b 01       		.uleb128 0x1
  67 000c 21000000 		.4byte	.LASF18
  68 0010 0C       		.byte	0xc
  69 0011 D4000000 		.4byte	.LASF19
  70 0015 60010000 		.4byte	.LASF20
  71 0019 00000000 		.4byte	.Ldebug_ranges0+0
  72 001d 00000000 		.4byte	0
  73 0021 00000000 		.4byte	.Ldebug_line0
  74 0025 02       		.uleb128 0x2
ARM GAS  C:\Users\oars0\AppData\Local\Temp\ccM6Sumk.s 			page 3


  75 0026 02       		.byte	0x2
  76 0027 05       		.byte	0x5
  77 0028 4F010000 		.4byte	.LASF0
  78 002c 02       		.uleb128 0x2
  79 002d 01       		.byte	0x1
  80 002e 06       		.byte	0x6
  81 002f B1010000 		.4byte	.LASF1
  82 0033 02       		.uleb128 0x2
  83 0034 01       		.byte	0x1
  84 0035 08       		.byte	0x8
  85 0036 2F010000 		.4byte	.LASF2
  86 003a 02       		.uleb128 0x2
  87 003b 02       		.byte	0x2
  88 003c 07       		.byte	0x7
  89 003d 0E000000 		.4byte	.LASF3
  90 0041 03       		.uleb128 0x3
  91 0042 D3010000 		.4byte	.LASF9
  92 0046 02       		.byte	0x2
  93 0047 3F       		.byte	0x3f
  94 0048 4C000000 		.4byte	0x4c
  95 004c 02       		.uleb128 0x2
  96 004d 04       		.byte	0x4
  97 004e 05       		.byte	0x5
  98 004f BD010000 		.4byte	.LASF4
  99 0053 02       		.uleb128 0x2
 100 0054 04       		.byte	0x4
 101 0055 07       		.byte	0x7
 102 0056 F8000000 		.4byte	.LASF5
 103 005a 02       		.uleb128 0x2
 104 005b 08       		.byte	0x8
 105 005c 05       		.byte	0x5
 106 005d 00000000 		.4byte	.LASF6
 107 0061 02       		.uleb128 0x2
 108 0062 08       		.byte	0x8
 109 0063 07       		.byte	0x7
 110 0064 0A010000 		.4byte	.LASF7
 111 0068 04       		.uleb128 0x4
 112 0069 04       		.byte	0x4
 113 006a 05       		.byte	0x5
 114 006b 696E7400 		.ascii	"int\000"
 115 006f 02       		.uleb128 0x2
 116 0070 04       		.byte	0x4
 117 0071 07       		.byte	0x7
 118 0072 C6010000 		.4byte	.LASF8
 119 0076 03       		.uleb128 0x3
 120 0077 EF010000 		.4byte	.LASF10
 121 007b 03       		.byte	0x3
 122 007c 2C       		.byte	0x2c
 123 007d 41000000 		.4byte	0x41
 124 0081 02       		.uleb128 0x2
 125 0082 04       		.byte	0x4
 126 0083 07       		.byte	0x7
 127 0084 F7010000 		.4byte	.LASF11
 128 0088 02       		.uleb128 0x2
 129 0089 08       		.byte	0x8
 130 008a 04       		.byte	0x4
 131 008b DD010000 		.4byte	.LASF12
ARM GAS  C:\Users\oars0\AppData\Local\Temp\ccM6Sumk.s 			page 4


 132 008f 02       		.uleb128 0x2
 133 0090 01       		.byte	0x1
 134 0091 08       		.byte	0x8
 135 0092 3D010000 		.4byte	.LASF13
 136 0096 02       		.uleb128 0x2
 137 0097 04       		.byte	0x4
 138 0098 04       		.byte	0x4
 139 0099 E9010000 		.4byte	.LASF14
 140 009d 02       		.uleb128 0x2
 141 009e 08       		.byte	0x8
 142 009f 04       		.byte	0x4
 143 00a0 59010000 		.4byte	.LASF15
 144 00a4 05       		.uleb128 0x5
 145 00a5 21010000 		.4byte	.LASF16
 146 00a9 01       		.byte	0x1
 147 00aa 1A       		.byte	0x1a
 148 00ab 00000000 		.4byte	.LFB132
 149 00af 02000000 		.4byte	.LFE132-.LFB132
 150 00b3 01       		.uleb128 0x1
 151 00b4 9C       		.byte	0x9c
 152 00b5 05       		.uleb128 0x5
 153 00b6 A2010000 		.4byte	.LASF17
 154 00ba 01       		.byte	0x1
 155 00bb 27       		.byte	0x27
 156 00bc 00000000 		.4byte	.LFB133
 157 00c0 02000000 		.4byte	.LFE133-.LFB133
 158 00c4 01       		.uleb128 0x1
 159 00c5 9C       		.byte	0x9c
 160 00c6 06       		.uleb128 0x6
 161 00c7 42010000 		.4byte	.LASF21
 162 00cb 04       		.byte	0x4
 163 00cc F907     		.2byte	0x7f9
 164 00ce D2000000 		.4byte	0xd2
 165 00d2 07       		.uleb128 0x7
 166 00d3 76000000 		.4byte	0x76
 167 00d7 00       		.byte	0
 168              		.section	.debug_abbrev,"",%progbits
 169              	.Ldebug_abbrev0:
 170 0000 01       		.uleb128 0x1
 171 0001 11       		.uleb128 0x11
 172 0002 01       		.byte	0x1
 173 0003 25       		.uleb128 0x25
 174 0004 0E       		.uleb128 0xe
 175 0005 13       		.uleb128 0x13
 176 0006 0B       		.uleb128 0xb
 177 0007 03       		.uleb128 0x3
 178 0008 0E       		.uleb128 0xe
 179 0009 1B       		.uleb128 0x1b
 180 000a 0E       		.uleb128 0xe
 181 000b 55       		.uleb128 0x55
 182 000c 17       		.uleb128 0x17
 183 000d 11       		.uleb128 0x11
 184 000e 01       		.uleb128 0x1
 185 000f 10       		.uleb128 0x10
 186 0010 17       		.uleb128 0x17
 187 0011 00       		.byte	0
 188 0012 00       		.byte	0
ARM GAS  C:\Users\oars0\AppData\Local\Temp\ccM6Sumk.s 			page 5


 189 0013 02       		.uleb128 0x2
 190 0014 24       		.uleb128 0x24
 191 0015 00       		.byte	0
 192 0016 0B       		.uleb128 0xb
 193 0017 0B       		.uleb128 0xb
 194 0018 3E       		.uleb128 0x3e
 195 0019 0B       		.uleb128 0xb
 196 001a 03       		.uleb128 0x3
 197 001b 0E       		.uleb128 0xe
 198 001c 00       		.byte	0
 199 001d 00       		.byte	0
 200 001e 03       		.uleb128 0x3
 201 001f 16       		.uleb128 0x16
 202 0020 00       		.byte	0
 203 0021 03       		.uleb128 0x3
 204 0022 0E       		.uleb128 0xe
 205 0023 3A       		.uleb128 0x3a
 206 0024 0B       		.uleb128 0xb
 207 0025 3B       		.uleb128 0x3b
 208 0026 0B       		.uleb128 0xb
 209 0027 49       		.uleb128 0x49
 210 0028 13       		.uleb128 0x13
 211 0029 00       		.byte	0
 212 002a 00       		.byte	0
 213 002b 04       		.uleb128 0x4
 214 002c 24       		.uleb128 0x24
 215 002d 00       		.byte	0
 216 002e 0B       		.uleb128 0xb
 217 002f 0B       		.uleb128 0xb
 218 0030 3E       		.uleb128 0x3e
 219 0031 0B       		.uleb128 0xb
 220 0032 03       		.uleb128 0x3
 221 0033 08       		.uleb128 0x8
 222 0034 00       		.byte	0
 223 0035 00       		.byte	0
 224 0036 05       		.uleb128 0x5
 225 0037 2E       		.uleb128 0x2e
 226 0038 00       		.byte	0
 227 0039 3F       		.uleb128 0x3f
 228 003a 19       		.uleb128 0x19
 229 003b 03       		.uleb128 0x3
 230 003c 0E       		.uleb128 0xe
 231 003d 3A       		.uleb128 0x3a
 232 003e 0B       		.uleb128 0xb
 233 003f 3B       		.uleb128 0x3b
 234 0040 0B       		.uleb128 0xb
 235 0041 27       		.uleb128 0x27
 236 0042 19       		.uleb128 0x19
 237 0043 11       		.uleb128 0x11
 238 0044 01       		.uleb128 0x1
 239 0045 12       		.uleb128 0x12
 240 0046 06       		.uleb128 0x6
 241 0047 40       		.uleb128 0x40
 242 0048 18       		.uleb128 0x18
 243 0049 9742     		.uleb128 0x2117
 244 004b 19       		.uleb128 0x19
 245 004c 00       		.byte	0
ARM GAS  C:\Users\oars0\AppData\Local\Temp\ccM6Sumk.s 			page 6


 246 004d 00       		.byte	0
 247 004e 06       		.uleb128 0x6
 248 004f 34       		.uleb128 0x34
 249 0050 00       		.byte	0
 250 0051 03       		.uleb128 0x3
 251 0052 0E       		.uleb128 0xe
 252 0053 3A       		.uleb128 0x3a
 253 0054 0B       		.uleb128 0xb
 254 0055 3B       		.uleb128 0x3b
 255 0056 05       		.uleb128 0x5
 256 0057 49       		.uleb128 0x49
 257 0058 13       		.uleb128 0x13
 258 0059 3F       		.uleb128 0x3f
 259 005a 19       		.uleb128 0x19
 260 005b 3C       		.uleb128 0x3c
 261 005c 19       		.uleb128 0x19
 262 005d 00       		.byte	0
 263 005e 00       		.byte	0
 264 005f 07       		.uleb128 0x7
 265 0060 35       		.uleb128 0x35
 266 0061 00       		.byte	0
 267 0062 49       		.uleb128 0x49
 268 0063 13       		.uleb128 0x13
 269 0064 00       		.byte	0
 270 0065 00       		.byte	0
 271 0066 00       		.byte	0
 272              		.section	.debug_aranges,"",%progbits
 273 0000 24000000 		.4byte	0x24
 274 0004 0200     		.2byte	0x2
 275 0006 00000000 		.4byte	.Ldebug_info0
 276 000a 04       		.byte	0x4
 277 000b 00       		.byte	0
 278 000c 0000     		.2byte	0
 279 000e 0000     		.2byte	0
 280 0010 00000000 		.4byte	.LFB132
 281 0014 02000000 		.4byte	.LFE132-.LFB132
 282 0018 00000000 		.4byte	.LFB133
 283 001c 02000000 		.4byte	.LFE133-.LFB133
 284 0020 00000000 		.4byte	0
 285 0024 00000000 		.4byte	0
 286              		.section	.debug_ranges,"",%progbits
 287              	.Ldebug_ranges0:
 288 0000 00000000 		.4byte	.LFB132
 289 0004 02000000 		.4byte	.LFE132
 290 0008 00000000 		.4byte	.LFB133
 291 000c 02000000 		.4byte	.LFE133
 292 0010 00000000 		.4byte	0
 293 0014 00000000 		.4byte	0
 294              		.section	.debug_line,"",%progbits
 295              	.Ldebug_line0:
 296 0000 92010000 		.section	.debug_str,"MS",%progbits,1
 296      02006E01 
 296      00000201 
 296      FB0E0D00 
 296      01010101 
 297              	.LASF6:
 298 0000 6C6F6E67 		.ascii	"long long int\000"
ARM GAS  C:\Users\oars0\AppData\Local\Temp\ccM6Sumk.s 			page 7


 298      206C6F6E 
 298      6720696E 
 298      7400
 299              	.LASF3:
 300 000e 73686F72 		.ascii	"short unsigned int\000"
 300      7420756E 
 300      7369676E 
 300      65642069 
 300      6E7400
 301              	.LASF18:
 302 0021 474E5520 		.ascii	"GNU C11 5.4.1 20160609 (release) [ARM/embedded-5-br"
 302      43313120 
 302      352E342E 
 302      31203230 
 302      31363036 
 303 0054 616E6368 		.ascii	"anch revision 237715] -mcpu=cortex-m4 -mfloat-abi=s"
 303      20726576 
 303      6973696F 
 303      6E203233 
 303      37373135 
 304 0087 6F667466 		.ascii	"oftfp -mfpu=fpv4-sp-d16 -mthumb -g -Og -ffunction-s"
 304      70202D6D 
 304      6670753D 
 304      66707634 
 304      2D73702D 
 305 00ba 65637469 		.ascii	"ections -ffat-lto-objects\000"
 305      6F6E7320 
 305      2D666661 
 305      742D6C74 
 305      6F2D6F62 
 306              	.LASF19:
 307 00d4 47656E65 		.ascii	"Generated_Source\\PSoC6\\IDAC7_1_PM.c\000"
 307      72617465 
 307      645F536F 
 307      75726365 
 307      5C50536F 
 308              	.LASF5:
 309 00f8 6C6F6E67 		.ascii	"long unsigned int\000"
 309      20756E73 
 309      69676E65 
 309      6420696E 
 309      7400
 310              	.LASF7:
 311 010a 6C6F6E67 		.ascii	"long long unsigned int\000"
 311      206C6F6E 
 311      6720756E 
 311      7369676E 
 311      65642069 
 312              	.LASF16:
 313 0121 49444143 		.ascii	"IDAC7_1_Sleep\000"
 313      375F315F 
 313      536C6565 
 313      7000
 314              	.LASF2:
 315 012f 756E7369 		.ascii	"unsigned char\000"
 315      676E6564 
 315      20636861 
ARM GAS  C:\Users\oars0\AppData\Local\Temp\ccM6Sumk.s 			page 8


 315      7200
 316              	.LASF13:
 317 013d 63686172 		.ascii	"char\000"
 317      00
 318              	.LASF21:
 319 0142 49544D5F 		.ascii	"ITM_RxBuffer\000"
 319      52784275 
 319      66666572 
 319      00
 320              	.LASF0:
 321 014f 73686F72 		.ascii	"short int\000"
 321      7420696E 
 321      7400
 322              	.LASF15:
 323 0159 646F7562 		.ascii	"double\000"
 323      6C6500
 324              	.LASF20:
 325 0160 433A5C55 		.ascii	"C:\\Users\\oars0\\Documents\\School\\Interfacing\\w"
 325      73657273 
 325      5C6F6172 
 325      73305C44 
 325      6F63756D 
 326 018d 6F726B73 		.ascii	"orkspace\\Lab01.cydsn\000"
 326      70616365 
 326      5C4C6162 
 326      30312E63 
 326      7964736E 
 327              	.LASF17:
 328 01a2 49444143 		.ascii	"IDAC7_1_Wakeup\000"
 328      375F315F 
 328      57616B65 
 328      757000
 329              	.LASF1:
 330 01b1 7369676E 		.ascii	"signed char\000"
 330      65642063 
 330      68617200 
 331              	.LASF4:
 332 01bd 6C6F6E67 		.ascii	"long int\000"
 332      20696E74 
 332      00
 333              	.LASF8:
 334 01c6 756E7369 		.ascii	"unsigned int\000"
 334      676E6564 
 334      20696E74 
 334      00
 335              	.LASF9:
 336 01d3 5F5F696E 		.ascii	"__int32_t\000"
 336      7433325F 
 336      7400
 337              	.LASF12:
 338 01dd 6C6F6E67 		.ascii	"long double\000"
 338      20646F75 
 338      626C6500 
 339              	.LASF14:
 340 01e9 666C6F61 		.ascii	"float\000"
 340      7400
 341              	.LASF10:
ARM GAS  C:\Users\oars0\AppData\Local\Temp\ccM6Sumk.s 			page 9


 342 01ef 696E7433 		.ascii	"int32_t\000"
 342      325F7400 
 343              	.LASF11:
 344 01f7 73697A65 		.ascii	"sizetype\000"
 344      74797065 
 344      00
 345              		.ident	"GCC: (GNU Tools for ARM Embedded Processors) 5.4.1 20160609 (release) [ARM/embedded-5-bran
